#
# There is insufficient memory for the Java Runtime Environment to continue.
# Native memory allocation (malloc) failed to allocate 32864 bytes for Chunk::new
# Possible reasons:
#   The system is out of physical RAM or swap space
#   The process is running with CompressedOops enabled, and the Java Heap may be blocking the growth of the native heap
# Possible solutions:
#   Reduce memory load on the system
#   Increase physical memory or swap space
#   Check if swap backing store is full
#   Decrease Java heap size (-Xmx/-Xms)
#   Decrease number of Java threads
#   Decrease Java thread stack sizes (-Xss)
#   Set larger code cache with -XX:ReservedCodeCacheSize=
#   JVM is running with Zero Based Compressed Oops mode in which the Java heap is
#     placed in the first 32GB address space. The Java Heap base address is the
#     maximum limit for the native heap growth. Please use -XX:HeapBaseMinAddress
#     to set the Java Heap base and to place the Java Heap above 32GB virtual address.
# This output file may be truncated or incomplete.
#
#  Out of Memory Error (arena.cpp:189), pid=33480, tid=32376
#
# JRE version: OpenJDK Runtime Environment JBR-17.0.6+10-829.5-jcef (17.0.6+10) (build 17.0.6+10-b829.5)
# Java VM: OpenJDK 64-Bit Server VM JBR-17.0.6+10-829.5-jcef (17.0.6+10-b829.5, mixed mode, tiered, compressed oops, compressed class ptrs, g1 gc, windows-amd64)
# No core dump will be written. Minidumps are not enabled by default on client versions of Windows
#

---------------  S U M M A R Y ------------

Command Line: D:\software\DevEcoStudio\HarmonyOS SDK\HarmonyOS-NEXT-DP2\base\toolchains\lib\hap-sign-tool.jar verify-profile -inFile C:\Users\knapp\.ohos\config\default_SseHarmonyOS_A8Vm0EdJUb6tqFM8iNvJzGTs9egRV2-DhpQBZKlXJeg=.p7b -outFile E:\workspace\HarmonyOS\SseHarmonyOS\entry\build\default\intermediates\default\temp\signConfigCheckJson.json

Host: 13th Gen Intel(R) Core(TM) i7-13700H, 20 cores, 15G,  Windows 11 , 64 bit Build 22621 (10.0.22621.3527)
Time: Thu Jun  6 17:13:29 2024  Windows 11 , 64 bit Build 22621 (10.0.22621.3527) elapsed time: 0.594835 seconds (0d 0h 0m 0s)

---------------  T H R E A D  ---------------

Current thread (0x000002367ad1f7b0):  JavaThread "main" [_thread_in_vm, id=32376, stack(0x0000006bd3d00000,0x0000006bd3e00000)]

Stack: [0x0000006bd3d00000,0x0000006bd3e00000]
Native frames: (J=compiled Java code, j=interpreted, Vv=VM code, C=native code)
V  [jvm.dll+0x683b4a]
V  [jvm.dll+0x842654]
V  [jvm.dll+0x843dfe]
V  [jvm.dll+0x844463]
V  [jvm.dll+0x249b75]
V  [jvm.dll+0xabcac]
V  [jvm.dll+0xac27c]
V  [jvm.dll+0x1f5b2a]
V  [jvm.dll+0x1f4682]
V  [jvm.dll+0x7bc67b]
V  [jvm.dll+0x7bdac2]
V  [jvm.dll+0x7bddf8]
V  [jvm.dll+0x24190e]
V  [jvm.dll+0x38437e]
C  0x000002360746b704

Java frames: (J=compiled Java code, j=interpreted, Vv=VM code)
j  java.util.Calendar$Builder.build()Ljava/util/Calendar;+236 java.base@17.0.6
j  sun.util.locale.provider.CalendarProviderImpl.getInstance(Ljava/util/TimeZone;Ljava/util/Locale;)Ljava/util/Calendar;+21 java.base@17.0.6
j  java.util.Calendar.createCalendar(Ljava/util/TimeZone;Ljava/util/Locale;)Ljava/util/Calendar;+17 java.base@17.0.6
j  java.util.Calendar.getInstance(Ljava/util/TimeZone;)Ljava/util/Calendar;+7 java.base@17.0.6
j  org.apache.logging.log4j.core.util.datetime.FixedDateFormat.calcMidnightMillis(JI)J+4
j  org.apache.logging.log4j.core.util.datetime.FixedDateFormat.updateMidnightMillis(J)V+31
j  org.apache.logging.log4j.core.util.datetime.FixedDateFormat.millisSinceMidnight(J)J+20
j  org.apache.logging.log4j.core.util.datetime.FixedDateFormat.format(J[CI)I+2
j  org.apache.logging.log4j.core.util.datetime.FixedDateFormat.formatInstant(Lorg/apache/logging/log4j/core/time/Instant;[CI)I+13
j  org.apache.logging.log4j.core.util.datetime.FixedDateFormat.formatInstant(Lorg/apache/logging/log4j/core/time/Instant;)Ljava/lang/String;+13
j  org.apache.logging.log4j.core.pattern.DatePatternConverter$FixedFormatter.format(Lorg/apache/logging/log4j/core/time/Instant;)Ljava/lang/String;+5
j  org.apache.logging.log4j.core.pattern.DatePatternConverter$CachedTime.<init>(Lorg/apache/logging/log4j/core/pattern/DatePatternConverter;Lorg/apache/logging/log4j/core/time/Instant;)V+35
j  org.apache.logging.log4j.core.pattern.DatePatternConverter.fromEpochMillis(J)Lorg/apache/logging/log4j/core/pattern/DatePatternConverter$CachedTime;+20
j  org.apache.logging.log4j.core.pattern.DatePatternConverter.<init>([Ljava/lang/String;)V+69
j  org.apache.logging.log4j.core.pattern.DatePatternConverter.newInstance([Ljava/lang/String;)Lorg/apache/logging/log4j/core/pattern/DatePatternConverter;+5
v  ~StubRoutines::call_stub
j  jdk.internal.reflect.NativeMethodAccessorImpl.invoke0(Ljava/lang/reflect/Method;Ljava/lang/Object;[Ljava/lang/Object;)Ljava/lang/Object;+0 java.base@17.0.6
j  jdk.internal.reflect.NativeMethodAccessorImpl.invoke(Ljava/lang/Object;[Ljava/lang/Object;)Ljava/lang/Object;+133 java.base@17.0.6
j  jdk.internal.reflect.DelegatingMethodAccessorImpl.invoke(Ljava/lang/Object;[Ljava/lang/Object;)Ljava/lang/Object;+6 java.base@17.0.6
j  java.lang.reflect.Method.invoke(Ljava/lang/Object;[Ljava/lang/Object;)Ljava/lang/Object;+59 java.base@17.0.6
j  org.apache.logging.log4j.core.pattern.PatternParser.createConverter(Ljava/lang/String;Ljava/lang/StringBuilder;Ljava/util/Map;Ljava/util/List;ZZ)Lorg/apache/logging/log4j/core/pattern/PatternConverter;+585
j  org.apache.logging.log4j.core.pattern.PatternParser.finalizeConverter(CLjava/lang/String;ILjava/lang/StringBuilder;Lorg/apache/logging/log4j/core/pattern/FormattingInfo;Ljava/util/Map;Ljava/util/List;Ljava/util/List;ZZZ)I+64
j  org.apache.logging.log4j.core.pattern.PatternParser.parse(Ljava/lang/String;Ljava/util/List;Ljava/util/List;ZZZ)V+428
j  org.apache.logging.log4j.core.pattern.PatternParser.parse(Ljava/lang/String;ZZZ)Ljava/util/List;+37
j  org.apache.logging.log4j.core.layout.PatternLayout$SerializerBuilder.build()Lorg/apache/logging/log4j/core/layout/AbstractStringLayout$Serializer;+68
j  org.apache.logging.log4j.core.layout.PatternLayout.<init>(Lorg/apache/logging/log4j/core/config/Configuration;Lorg/apache/logging/log4j/core/pattern/RegexReplacement;Ljava/lang/String;Lorg/apache/logging/log4j/core/layout/PatternSelector;Ljava/nio/charset/Charset;ZZZLjava/lang/String;Ljava/lang/String;)V+137
j  org.apache.logging.log4j.core.layout.PatternLayout.<init>(Lorg/apache/logging/log4j/core/config/Configuration;Lorg/apache/logging/log4j/core/pattern/RegexReplacement;Ljava/lang/String;Lorg/apache/logging/log4j/core/layout/PatternSelector;Ljava/nio/charset/Charset;ZZZLjava/lang/String;Ljava/lang/String;Lorg/apache/logging/log4j/core/layout/PatternLayout$1;)V+18
j  org.apache.logging.log4j.core.layout.PatternLayout$Builder.build()Lorg/apache/logging/log4j/core/layout/PatternLayout;+45
j  org.apache.logging.log4j.core.config.AbstractConfiguration.setToDefault()V+43
j  org.apache.logging.log4j.core.config.DefaultConfiguration.<init>()V+9
j  org.apache.logging.log4j.core.LoggerContext.<init>(Ljava/lang/String;Ljava/lang/Object;Ljava/net/URI;)V+31
j  org.apache.logging.log4j.core.selector.ClassLoaderContextSelector.createContext(Ljava/lang/String;Ljava/net/URI;)Lorg/apache/logging/log4j/core/LoggerContext;+7
j  org.apache.logging.log4j.core.selector.ClassLoaderContextSelector.locateContext(Ljava/lang/ClassLoader;Ljava/util/Map$Entry;Ljava/net/URI;)Lorg/apache/logging/log4j/core/LoggerContext;+123
j  org.apache.logging.log4j.core.selector.ClassLoaderContextSelector.getContext(Ljava/lang/String;Ljava/lang/ClassLoader;Ljava/util/Map$Entry;ZLjava/net/URI;)Lorg/apache/logging/log4j/core/LoggerContext;+38
j  org.apache.logging.log4j.core.selector.ClassLoaderContextSelector.getContext(Ljava/lang/String;Ljava/lang/ClassLoader;ZLjava/net/URI;)Lorg/apache/logging/log4j/core/LoggerContext;+7
j  org.apache.logging.log4j.core.selector.ClassLoaderContextSelector.getContext(Ljava/lang/String;Ljava/lang/ClassLoader;Z)Lorg/apache/logging/log4j/core/LoggerContext;+5
j  org.apache.logging.log4j.core.impl.Log4jContextFactory.getContext(Ljava/lang/String;Ljava/lang/ClassLoader;Ljava/lang/Object;Z)Lorg/apache/logging/log4j/core/LoggerContext;+8
j  org.apache.logging.log4j.core.impl.Log4jContextFactory.getContext(Ljava/lang/String;Ljava/lang/ClassLoader;Ljava/lang/Object;Z)Lorg/apache/logging/log4j/spi/LoggerContext;+6
j  org.apache.logging.log4j.LogManager.getContext(Ljava/lang/ClassLoader;Z)Lorg/apache/logging/log4j/spi/LoggerContext;+9
j  org.apache.logging.log4j.LogManager.getLogger(Ljava/lang/Class;)Lorg/apache/logging/log4j/Logger;+10
j  com.ohos.hapsigntool.HapSignTool.<clinit>()V+2
v  ~StubRoutines::call_stub

---------------  P R O C E S S  ---------------

Threads class SMR info:
_java_thread_list=0x000002361b835e40, length=16, elements={
0x000002367ad1f7b0, 0x000002361a82d340, 0x000002361a82e1b0, 0x000002361a8933b0,
0x000002361a894ee0, 0x000002361a8979a0, 0x000002361a898350, 0x000002361a8990e0,
0x000002361a89db90, 0x000002361a8a9a90, 0x000002361aa1de10, 0x000002361aa20330,
0x000002361aa20840, 0x000002361aa25180, 0x000002361aa25650, 0x000002361b85aca0
}

Java Threads: ( => current thread )
=>0x000002367ad1f7b0 JavaThread "main" [_thread_in_vm, id=32376, stack(0x0000006bd3d00000,0x0000006bd3e00000)]
  0x000002361a82d340 JavaThread "Reference Handler" daemon [_thread_blocked, id=6436, stack(0x0000006bd4400000,0x0000006bd4500000)]
  0x000002361a82e1b0 JavaThread "Finalizer" daemon [_thread_blocked, id=7360, stack(0x0000006bd4500000,0x0000006bd4600000)]
  0x000002361a8933b0 JavaThread "Signal Dispatcher" daemon [_thread_blocked, id=33116, stack(0x0000006bd4600000,0x0000006bd4700000)]
  0x000002361a894ee0 JavaThread "Attach Listener" daemon [_thread_blocked, id=31112, stack(0x0000006bd4700000,0x0000006bd4800000)]
  0x000002361a8979a0 JavaThread "Service Thread" daemon [_thread_blocked, id=14152, stack(0x0000006bd4800000,0x0000006bd4900000)]
  0x000002361a898350 JavaThread "Monitor Deflation Thread" daemon [_thread_blocked, id=34240, stack(0x0000006bd4900000,0x0000006bd4a00000)]
  0x000002361a8990e0 JavaThread "C2 CompilerThread0" daemon [_thread_in_native, id=1984, stack(0x0000006bd4a00000,0x0000006bd4b00000)]
  0x000002361a89db90 JavaThread "C1 CompilerThread0" daemon [_thread_blocked, id=28004, stack(0x0000006bd4b00000,0x0000006bd4c00000)]
  0x000002361a8a9a90 JavaThread "Sweeper thread" daemon [_thread_blocked, id=31696, stack(0x0000006bd4c00000,0x0000006bd4d00000)]
  0x000002361aa1de10 JavaThread "C1 CompilerThread1" daemon [_thread_blocked, id=29576, stack(0x0000006bd4d00000,0x0000006bd4e00000)]
  0x000002361aa20330 JavaThread "C1 CompilerThread2" daemon [_thread_blocked, id=23664, stack(0x0000006bd4e00000,0x0000006bd4f00000)]
  0x000002361aa20840 JavaThread "C1 CompilerThread3" daemon [_thread_blocked, id=22152, stack(0x0000006bd4f00000,0x0000006bd5000000)]
  0x000002361aa25180 JavaThread "Notification Thread" daemon [_thread_blocked, id=33020, stack(0x0000006bd5000000,0x0000006bd5100000)]
  0x000002361aa25650 JavaThread "Common-Cleaner" daemon [_thread_blocked, id=22764, stack(0x0000006bd5200000,0x0000006bd5300000)]
  0x000002361b85aca0 JavaThread "C2 CompilerThread1" daemon [_thread_blocked, id=9408, stack(0x0000006bd5300000,0x0000006bd5400000)]

Other Threads:
  0x000002361a828620 VMThread "VM Thread" [stack: 0x0000006bd4300000,0x0000006bd4400000] [id=31408]
  0x000002367add0f60 WatcherThread [stack: 0x0000006bd5100000,0x0000006bd5200000] [id=8296]
  0x000002367ad8ced0 GCTaskThread "GC Thread#0" [stack: 0x0000006bd3e00000,0x0000006bd3f00000] [id=5036]
  0x000002367ad9d990 ConcurrentGCThread "G1 Main Marker" [stack: 0x0000006bd3f00000,0x0000006bd4000000] [id=20368]
  0x000002367ad9e3a0 ConcurrentGCThread "G1 Conc#0" [stack: 0x0000006bd4000000,0x0000006bd4100000] [id=1772]
  0x000002361a2374b0 ConcurrentGCThread "G1 Refine#0" [stack: 0x0000006bd4100000,0x0000006bd4200000] [id=20940]
  0x000002361a237ed0 ConcurrentGCThread "G1 Service" [stack: 0x0000006bd4200000,0x0000006bd4300000] [id=30800]

Threads with active compile tasks:
C2 CompilerThread0      614  836       4       java.io.DataInputStream::readUTF (501 bytes)

VM state: not at safepoint (normal execution)

VM Mutex/Monitor currently owned by a thread: None

Heap address: 0x0000000704800000, size: 4024 MB, Compressed Oops mode: Zero based, Oop shift amount: 3

CDS archive(s) not mapped
Compressed class space mapped at: 0x0000000800000000-0x0000000840000000, reserved size: 1073741824
Narrow klass base: 0x0000000800000000, Narrow klass shift: 0, Narrow klass range: 0x40000000

GC Precious Log:
 CPUs: 20 total, 20 available
 Memory: 16095M
 Large Page Support: Disabled
 NUMA Support: Disabled
 Compressed Oops: Enabled (Zero based)
 Heap Region Size: 2M
 Heap Min Capacity: 8M
 Heap Initial Capacity: 252M
 Heap Max Capacity: 4024M
 Pre-touch: Disabled
 Parallel Workers: 15
 Concurrent Workers: 4
 Concurrent Refinement Workers: 15
 Periodic GC: Disabled

Heap:
 garbage-first heap   total 258048K, used 12288K [0x0000000704800000, 0x0000000800000000)
  region size 2048K, 8 young (16384K), 0 survivors (0K)
 Metaspace       used 11793K, committed 11904K, reserved 1064960K
  class space    used 1212K, committed 1280K, reserved 1048576K

Heap Regions: E=young(eden), S=young(survivor), O=old, HS=humongous(starts), HC=humongous(continues), CS=collection set, F=free, OA=open archive, CA=closed archive, TAMS=top-at-mark-start (previous, next)
|   0|0x0000000704800000, 0x0000000704800000, 0x0000000704a00000|  0%| F|  |TAMS 0x0000000704800000, 0x0000000704800000| Untracked 
|   1|0x0000000704a00000, 0x0000000704a00000, 0x0000000704c00000|  0%| F|  |TAMS 0x0000000704a00000, 0x0000000704a00000| Untracked 
|   2|0x0000000704c00000, 0x0000000704c00000, 0x0000000704e00000|  0%| F|  |TAMS 0x0000000704c00000, 0x0000000704c00000| Untracked 
|   3|0x0000000704e00000, 0x0000000704e00000, 0x0000000705000000|  0%| F|  |TAMS 0x0000000704e00000, 0x0000000704e00000| Untracked 
|   4|0x0000000705000000, 0x0000000705000000, 0x0000000705200000|  0%| F|  |TAMS 0x0000000705000000, 0x0000000705000000| Untracked 
|   5|0x0000000705200000, 0x0000000705200000, 0x0000000705400000|  0%| F|  |TAMS 0x0000000705200000, 0x0000000705200000| Untracked 
|   6|0x0000000705400000, 0x0000000705400000, 0x0000000705600000|  0%| F|  |TAMS 0x0000000705400000, 0x0000000705400000| Untracked 
|   7|0x0000000705600000, 0x0000000705600000, 0x0000000705800000|  0%| F|  |TAMS 0x0000000705600000, 0x0000000705600000| Untracked 
|   8|0x0000000705800000, 0x0000000705800000, 0x0000000705a00000|  0%| F|  |TAMS 0x0000000705800000, 0x0000000705800000| Untracked 
|   9|0x0000000705a00000, 0x0000000705a00000, 0x0000000705c00000|  0%| F|  |TAMS 0x0000000705a00000, 0x0000000705a00000| Untracked 
|  10|0x0000000705c00000, 0x0000000705c00000, 0x0000000705e00000|  0%| F|  |TAMS 0x0000000705c00000, 0x0000000705c00000| Untracked 
|  11|0x0000000705e00000, 0x0000000705e00000, 0x0000000706000000|  0%| F|  |TAMS 0x0000000705e00000, 0x0000000705e00000| Untracked 
|  12|0x0000000706000000, 0x0000000706000000, 0x0000000706200000|  0%| F|  |TAMS 0x0000000706000000, 0x0000000706000000| Untracked 
|  13|0x0000000706200000, 0x0000000706200000, 0x0000000706400000|  0%| F|  |TAMS 0x0000000706200000, 0x0000000706200000| Untracked 
|  14|0x0000000706400000, 0x0000000706400000, 0x0000000706600000|  0%| F|  |TAMS 0x0000000706400000, 0x0000000706400000| Untracked 
|  15|0x0000000706600000, 0x0000000706600000, 0x0000000706800000|  0%| F|  |TAMS 0x0000000706600000, 0x0000000706600000| Untracked 
|  16|0x0000000706800000, 0x0000000706800000, 0x0000000706a00000|  0%| F|  |TAMS 0x0000000706800000, 0x0000000706800000| Untracked 
|  17|0x0000000706a00000, 0x0000000706a00000, 0x0000000706c00000|  0%| F|  |TAMS 0x0000000706a00000, 0x0000000706a00000| Untracked 
|  18|0x0000000706c00000, 0x0000000706c00000, 0x0000000706e00000|  0%| F|  |TAMS 0x0000000706c00000, 0x0000000706c00000| Untracked 
|  19|0x0000000706e00000, 0x0000000706e00000, 0x0000000707000000|  0%| F|  |TAMS 0x0000000706e00000, 0x0000000706e00000| Untracked 
|  20|0x0000000707000000, 0x0000000707000000, 0x0000000707200000|  0%| F|  |TAMS 0x0000000707000000, 0x0000000707000000| Untracked 
|  21|0x0000000707200000, 0x0000000707200000, 0x0000000707400000|  0%| F|  |TAMS 0x0000000707200000, 0x0000000707200000| Untracked 
|  22|0x0000000707400000, 0x0000000707400000, 0x0000000707600000|  0%| F|  |TAMS 0x0000000707400000, 0x0000000707400000| Untracked 
|  23|0x0000000707600000, 0x0000000707600000, 0x0000000707800000|  0%| F|  |TAMS 0x0000000707600000, 0x0000000707600000| Untracked 
|  24|0x0000000707800000, 0x0000000707800000, 0x0000000707a00000|  0%| F|  |TAMS 0x0000000707800000, 0x0000000707800000| Untracked 
|  25|0x0000000707a00000, 0x0000000707a00000, 0x0000000707c00000|  0%| F|  |TAMS 0x0000000707a00000, 0x0000000707a00000| Untracked 
|  26|0x0000000707c00000, 0x0000000707c00000, 0x0000000707e00000|  0%| F|  |TAMS 0x0000000707c00000, 0x0000000707c00000| Untracked 
|  27|0x0000000707e00000, 0x0000000707e00000, 0x0000000708000000|  0%| F|  |TAMS 0x0000000707e00000, 0x0000000707e00000| Untracked 
|  28|0x0000000708000000, 0x0000000708000000, 0x0000000708200000|  0%| F|  |TAMS 0x0000000708000000, 0x0000000708000000| Untracked 
|  29|0x0000000708200000, 0x0000000708200000, 0x0000000708400000|  0%| F|  |TAMS 0x0000000708200000, 0x0000000708200000| Untracked 
|  30|0x0000000708400000, 0x0000000708400000, 0x0000000708600000|  0%| F|  |TAMS 0x0000000708400000, 0x0000000708400000| Untracked 
|  31|0x0000000708600000, 0x0000000708600000, 0x0000000708800000|  0%| F|  |TAMS 0x0000000708600000, 0x0000000708600000| Untracked 
|  32|0x0000000708800000, 0x0000000708800000, 0x0000000708a00000|  0%| F|  |TAMS 0x0000000708800000, 0x0000000708800000| Untracked 
|  33|0x0000000708a00000, 0x0000000708a00000, 0x0000000708c00000|  0%| F|  |TAMS 0x0000000708a00000, 0x0000000708a00000| Untracked 
|  34|0x0000000708c00000, 0x0000000708c00000, 0x0000000708e00000|  0%| F|  |TAMS 0x0000000708c00000, 0x0000000708c00000| Untracked 
|  35|0x0000000708e00000, 0x0000000708e00000, 0x0000000709000000|  0%| F|  |TAMS 0x0000000708e00000, 0x0000000708e00000| Untracked 
|  36|0x0000000709000000, 0x0000000709000000, 0x0000000709200000|  0%| F|  |TAMS 0x0000000709000000, 0x0000000709000000| Untracked 
|  37|0x0000000709200000, 0x0000000709200000, 0x0000000709400000|  0%| F|  |TAMS 0x0000000709200000, 0x0000000709200000| Untracked 
|  38|0x0000000709400000, 0x0000000709400000, 0x0000000709600000|  0%| F|  |TAMS 0x0000000709400000, 0x0000000709400000| Untracked 
|  39|0x0000000709600000, 0x0000000709600000, 0x0000000709800000|  0%| F|  |TAMS 0x0000000709600000, 0x0000000709600000| Untracked 
|  40|0x0000000709800000, 0x0000000709800000, 0x0000000709a00000|  0%| F|  |TAMS 0x0000000709800000, 0x0000000709800000| Untracked 
|  41|0x0000000709a00000, 0x0000000709a00000, 0x0000000709c00000|  0%| F|  |TAMS 0x0000000709a00000, 0x0000000709a00000| Untracked 
|  42|0x0000000709c00000, 0x0000000709c00000, 0x0000000709e00000|  0%| F|  |TAMS 0x0000000709c00000, 0x0000000709c00000| Untracked 
|  43|0x0000000709e00000, 0x0000000709e00000, 0x000000070a000000|  0%| F|  |TAMS 0x0000000709e00000, 0x0000000709e00000| Untracked 
|  44|0x000000070a000000, 0x000000070a000000, 0x000000070a200000|  0%| F|  |TAMS 0x000000070a000000, 0x000000070a000000| Untracked 
|  45|0x000000070a200000, 0x000000070a200000, 0x000000070a400000|  0%| F|  |TAMS 0x000000070a200000, 0x000000070a200000| Untracked 
|  46|0x000000070a400000, 0x000000070a400000, 0x000000070a600000|  0%| F|  |TAMS 0x000000070a400000, 0x000000070a400000| Untracked 
|  47|0x000000070a600000, 0x000000070a600000, 0x000000070a800000|  0%| F|  |TAMS 0x000000070a600000, 0x000000070a600000| Untracked 
|  48|0x000000070a800000, 0x000000070a800000, 0x000000070aa00000|  0%| F|  |TAMS 0x000000070a800000, 0x000000070a800000| Untracked 
|  49|0x000000070aa00000, 0x000000070aa00000, 0x000000070ac00000|  0%| F|  |TAMS 0x000000070aa00000, 0x000000070aa00000| Untracked 
|  50|0x000000070ac00000, 0x000000070ac00000, 0x000000070ae00000|  0%| F|  |TAMS 0x000000070ac00000, 0x000000070ac00000| Untracked 
|  51|0x000000070ae00000, 0x000000070ae00000, 0x000000070b000000|  0%| F|  |TAMS 0x000000070ae00000, 0x000000070ae00000| Untracked 
|  52|0x000000070b000000, 0x000000070b000000, 0x000000070b200000|  0%| F|  |TAMS 0x000000070b000000, 0x000000070b000000| Untracked 
|  53|0x000000070b200000, 0x000000070b200000, 0x000000070b400000|  0%| F|  |TAMS 0x000000070b200000, 0x000000070b200000| Untracked 
|  54|0x000000070b400000, 0x000000070b400000, 0x000000070b600000|  0%| F|  |TAMS 0x000000070b400000, 0x000000070b400000| Untracked 
|  55|0x000000070b600000, 0x000000070b600000, 0x000000070b800000|  0%| F|  |TAMS 0x000000070b600000, 0x000000070b600000| Untracked 
|  56|0x000000070b800000, 0x000000070b800000, 0x000000070ba00000|  0%| F|  |TAMS 0x000000070b800000, 0x000000070b800000| Untracked 
|  57|0x000000070ba00000, 0x000000070ba00000, 0x000000070bc00000|  0%| F|  |TAMS 0x000000070ba00000, 0x000000070ba00000| Untracked 
|  58|0x000000070bc00000, 0x000000070bc00000, 0x000000070be00000|  0%| F|  |TAMS 0x000000070bc00000, 0x000000070bc00000| Untracked 
|  59|0x000000070be00000, 0x000000070be00000, 0x000000070c000000|  0%| F|  |TAMS 0x000000070be00000, 0x000000070be00000| Untracked 
|  60|0x000000070c000000, 0x000000070c000000, 0x000000070c200000|  0%| F|  |TAMS 0x000000070c000000, 0x000000070c000000| Untracked 
|  61|0x000000070c200000, 0x000000070c200000, 0x000000070c400000|  0%| F|  |TAMS 0x000000070c200000, 0x000000070c200000| Untracked 
|  62|0x000000070c400000, 0x000000070c400000, 0x000000070c600000|  0%| F|  |TAMS 0x000000070c400000, 0x000000070c400000| Untracked 
|  63|0x000000070c600000, 0x000000070c600000, 0x000000070c800000|  0%| F|  |TAMS 0x000000070c600000, 0x000000070c600000| Untracked 
|  64|0x000000070c800000, 0x000000070c800000, 0x000000070ca00000|  0%| F|  |TAMS 0x000000070c800000, 0x000000070c800000| Untracked 
|  65|0x000000070ca00000, 0x000000070ca00000, 0x000000070cc00000|  0%| F|  |TAMS 0x000000070ca00000, 0x000000070ca00000| Untracked 
|  66|0x000000070cc00000, 0x000000070cc00000, 0x000000070ce00000|  0%| F|  |TAMS 0x000000070cc00000, 0x000000070cc00000| Untracked 
|  67|0x000000070ce00000, 0x000000070ce00000, 0x000000070d000000|  0%| F|  |TAMS 0x000000070ce00000, 0x000000070ce00000| Untracked 
|  68|0x000000070d000000, 0x000000070d000000, 0x000000070d200000|  0%| F|  |TAMS 0x000000070d000000, 0x000000070d000000| Untracked 
|  69|0x000000070d200000, 0x000000070d200000, 0x000000070d400000|  0%| F|  |TAMS 0x000000070d200000, 0x000000070d200000| Untracked 
|  70|0x000000070d400000, 0x000000070d400000, 0x000000070d600000|  0%| F|  |TAMS 0x000000070d400000, 0x000000070d400000| Untracked 
|  71|0x000000070d600000, 0x000000070d600000, 0x000000070d800000|  0%| F|  |TAMS 0x000000070d600000, 0x000000070d600000| Untracked 
|  72|0x000000070d800000, 0x000000070d800000, 0x000000070da00000|  0%| F|  |TAMS 0x000000070d800000, 0x000000070d800000| Untracked 
|  73|0x000000070da00000, 0x000000070da00000, 0x000000070dc00000|  0%| F|  |TAMS 0x000000070da00000, 0x000000070da00000| Untracked 
|  74|0x000000070dc00000, 0x000000070dc00000, 0x000000070de00000|  0%| F|  |TAMS 0x000000070dc00000, 0x000000070dc00000| Untracked 
|  75|0x000000070de00000, 0x000000070de00000, 0x000000070e000000|  0%| F|  |TAMS 0x000000070de00000, 0x000000070de00000| Untracked 
|  76|0x000000070e000000, 0x000000070e000000, 0x000000070e200000|  0%| F|  |TAMS 0x000000070e000000, 0x000000070e000000| Untracked 
|  77|0x000000070e200000, 0x000000070e200000, 0x000000070e400000|  0%| F|  |TAMS 0x000000070e200000, 0x000000070e200000| Untracked 
|  78|0x000000070e400000, 0x000000070e400000, 0x000000070e600000|  0%| F|  |TAMS 0x000000070e400000, 0x000000070e400000| Untracked 
|  79|0x000000070e600000, 0x000000070e600000, 0x000000070e800000|  0%| F|  |TAMS 0x000000070e600000, 0x000000070e600000| Untracked 
|  80|0x000000070e800000, 0x000000070e800000, 0x000000070ea00000|  0%| F|  |TAMS 0x000000070e800000, 0x000000070e800000| Untracked 
|  81|0x000000070ea00000, 0x000000070ea00000, 0x000000070ec00000|  0%| F|  |TAMS 0x000000070ea00000, 0x000000070ea00000| Untracked 
|  82|0x000000070ec00000, 0x000000070ec00000, 0x000000070ee00000|  0%| F|  |TAMS 0x000000070ec00000, 0x000000070ec00000| Untracked 
|  83|0x000000070ee00000, 0x000000070ee00000, 0x000000070f000000|  0%| F|  |TAMS 0x000000070ee00000, 0x000000070ee00000| Untracked 
|  84|0x000000070f000000, 0x000000070f000000, 0x000000070f200000|  0%| F|  |TAMS 0x000000070f000000, 0x000000070f000000| Untracked 
|  85|0x000000070f200000, 0x000000070f200000, 0x000000070f400000|  0%| F|  |TAMS 0x000000070f200000, 0x000000070f200000| Untracked 
|  86|0x000000070f400000, 0x000000070f400000, 0x000000070f600000|  0%| F|  |TAMS 0x000000070f400000, 0x000000070f400000| Untracked 
|  87|0x000000070f600000, 0x000000070f600000, 0x000000070f800000|  0%| F|  |TAMS 0x000000070f600000, 0x000000070f600000| Untracked 
|  88|0x000000070f800000, 0x000000070f800000, 0x000000070fa00000|  0%| F|  |TAMS 0x000000070f800000, 0x000000070f800000| Untracked 
|  89|0x000000070fa00000, 0x000000070fa00000, 0x000000070fc00000|  0%| F|  |TAMS 0x000000070fa00000, 0x000000070fa00000| Untracked 
|  90|0x000000070fc00000, 0x000000070fc00000, 0x000000070fe00000|  0%| F|  |TAMS 0x000000070fc00000, 0x000000070fc00000| Untracked 
|  91|0x000000070fe00000, 0x000000070fe00000, 0x0000000710000000|  0%| F|  |TAMS 0x000000070fe00000, 0x000000070fe00000| Untracked 
|  92|0x0000000710000000, 0x0000000710000000, 0x0000000710200000|  0%| F|  |TAMS 0x0000000710000000, 0x0000000710000000| Untracked 
|  93|0x0000000710200000, 0x0000000710200000, 0x0000000710400000|  0%| F|  |TAMS 0x0000000710200000, 0x0000000710200000| Untracked 
|  94|0x0000000710400000, 0x0000000710400000, 0x0000000710600000|  0%| F|  |TAMS 0x0000000710400000, 0x0000000710400000| Untracked 
|  95|0x0000000710600000, 0x0000000710600000, 0x0000000710800000|  0%| F|  |TAMS 0x0000000710600000, 0x0000000710600000| Untracked 
|  96|0x0000000710800000, 0x0000000710800000, 0x0000000710a00000|  0%| F|  |TAMS 0x0000000710800000, 0x0000000710800000| Untracked 
|  97|0x0000000710a00000, 0x0000000710a00000, 0x0000000710c00000|  0%| F|  |TAMS 0x0000000710a00000, 0x0000000710a00000| Untracked 
|  98|0x0000000710c00000, 0x0000000710c00000, 0x0000000710e00000|  0%| F|  |TAMS 0x0000000710c00000, 0x0000000710c00000| Untracked 
|  99|0x0000000710e00000, 0x0000000710e00000, 0x0000000711000000|  0%| F|  |TAMS 0x0000000710e00000, 0x0000000710e00000| Untracked 
| 100|0x0000000711000000, 0x0000000711000000, 0x0000000711200000|  0%| F|  |TAMS 0x0000000711000000, 0x0000000711000000| Untracked 
| 101|0x0000000711200000, 0x0000000711200000, 0x0000000711400000|  0%| F|  |TAMS 0x0000000711200000, 0x0000000711200000| Untracked 
| 102|0x0000000711400000, 0x0000000711400000, 0x0000000711600000|  0%| F|  |TAMS 0x0000000711400000, 0x0000000711400000| Untracked 
| 103|0x0000000711600000, 0x0000000711600000, 0x0000000711800000|  0%| F|  |TAMS 0x0000000711600000, 0x0000000711600000| Untracked 
| 104|0x0000000711800000, 0x0000000711800000, 0x0000000711a00000|  0%| F|  |TAMS 0x0000000711800000, 0x0000000711800000| Untracked 
| 105|0x0000000711a00000, 0x0000000711a00000, 0x0000000711c00000|  0%| F|  |TAMS 0x0000000711a00000, 0x0000000711a00000| Untracked 
| 106|0x0000000711c00000, 0x0000000711c00000, 0x0000000711e00000|  0%| F|  |TAMS 0x0000000711c00000, 0x0000000711c00000| Untracked 
| 107|0x0000000711e00000, 0x0000000711e00000, 0x0000000712000000|  0%| F|  |TAMS 0x0000000711e00000, 0x0000000711e00000| Untracked 
| 108|0x0000000712000000, 0x0000000712000000, 0x0000000712200000|  0%| F|  |TAMS 0x0000000712000000, 0x0000000712000000| Untracked 
| 109|0x0000000712200000, 0x0000000712200000, 0x0000000712400000|  0%| F|  |TAMS 0x0000000712200000, 0x0000000712200000| Untracked 
| 110|0x0000000712400000, 0x0000000712400000, 0x0000000712600000|  0%| F|  |TAMS 0x0000000712400000, 0x0000000712400000| Untracked 
| 111|0x0000000712600000, 0x0000000712600000, 0x0000000712800000|  0%| F|  |TAMS 0x0000000712600000, 0x0000000712600000| Untracked 
| 112|0x0000000712800000, 0x0000000712800000, 0x0000000712a00000|  0%| F|  |TAMS 0x0000000712800000, 0x0000000712800000| Untracked 
| 113|0x0000000712a00000, 0x0000000712a00000, 0x0000000712c00000|  0%| F|  |TAMS 0x0000000712a00000, 0x0000000712a00000| Untracked 
| 114|0x0000000712c00000, 0x0000000712c00000, 0x0000000712e00000|  0%| F|  |TAMS 0x0000000712c00000, 0x0000000712c00000| Untracked 
| 115|0x0000000712e00000, 0x0000000712e00000, 0x0000000713000000|  0%| F|  |TAMS 0x0000000712e00000, 0x0000000712e00000| Untracked 
| 116|0x0000000713000000, 0x0000000713000000, 0x0000000713200000|  0%| F|  |TAMS 0x0000000713000000, 0x0000000713000000| Untracked 
| 117|0x0000000713200000, 0x0000000713200000, 0x0000000713400000|  0%| F|  |TAMS 0x0000000713200000, 0x0000000713200000| Untracked 
| 118|0x0000000713400000, 0x00000007134e1ca8, 0x0000000713600000| 44%| E|  |TAMS 0x0000000713400000, 0x0000000713400000| Complete 
| 119|0x0000000713600000, 0x0000000713800000, 0x0000000713800000|100%| E|CS|TAMS 0x0000000713600000, 0x0000000713600000| Complete 
| 120|0x0000000713800000, 0x0000000713a00000, 0x0000000713a00000|100%| E|CS|TAMS 0x0000000713800000, 0x0000000713800000| Complete 
| 121|0x0000000713a00000, 0x0000000713c00000, 0x0000000713c00000|100%| E|CS|TAMS 0x0000000713a00000, 0x0000000713a00000| Complete 
| 122|0x0000000713c00000, 0x0000000713e00000, 0x0000000713e00000|100%| E|CS|TAMS 0x0000000713c00000, 0x0000000713c00000| Complete 
| 123|0x0000000713e00000, 0x0000000714000000, 0x0000000714000000|100%| E|CS|TAMS 0x0000000713e00000, 0x0000000713e00000| Complete 
| 124|0x0000000714000000, 0x0000000714200000, 0x0000000714200000|100%| E|  |TAMS 0x0000000714000000, 0x0000000714000000| Complete 
| 125|0x0000000714200000, 0x0000000714400000, 0x0000000714400000|100%| E|CS|TAMS 0x0000000714200000, 0x0000000714200000| Complete 

Card table byte_map: [0x000002367f700000,0x000002367fee0000] _byte_map_base: 0x000002367bedc000

Marking Bits (Prev, Next): (CMBitMap*) 0x000002367ad8d4e0, (CMBitMap*) 0x000002367ad8d520
 Prev Bits: [0x000002360f7e0000, 0x00000236136c0000)
 Next Bits: [0x00000236136c0000, 0x00000236175a0000)

Polling page: 0x0000023678960000

Metaspace:

Usage:
  Non-class:     10.33 MB used.
      Class:      1.18 MB used.
       Both:     11.52 MB used.

Virtual space:
  Non-class space:       16.00 MB reserved,      10.38 MB ( 65%) committed,  2 nodes.
      Class space:        1.00 GB reserved,       1.25 MB ( <1%) committed,  1 nodes.
             Both:        1.02 GB reserved,      11.62 MB (  1%) committed. 

Chunk freelists:
   Non-Class:  780.00 KB
       Class:  2.64 MB
        Both:  3.40 MB

MaxMetaspaceSize: unlimited
CompressedClassSpaceSize: 1.00 GB
Initial GC threshold: 21.00 MB
Current GC threshold: 21.00 MB
CDS: off
MetaspaceReclaimPolicy: balanced
 - commit_granule_bytes: 65536.
 - commit_granule_words: 8192.
 - virtual_space_node_default_size: 1048576.
 - enlarge_chunks_in_place: 1.
 - new_chunks_are_fully_committed: 0.
 - uncommit_free_chunks: 1.
 - use_allocation_guard: 0.
 - handle_deallocations: 1.


Internal statistics:

num_allocs_failed_limit: 0.
num_arena_births: 84.
num_arena_deaths: 0.
num_vsnodes_births: 3.
num_vsnodes_deaths: 0.
num_space_committed: 186.
num_space_uncommitted: 0.
num_chunks_returned_to_freelist: 0.
num_chunks_taken_from_freelist: 228.
num_chunk_merges: 0.
num_chunk_splits: 143.
num_chunks_enlarged: 94.
num_purges: 0.
num_inconsistent_stats: 0.

CodeHeap 'non-profiled nmethods': size=119168Kb used=204Kb max_used=204Kb free=118964Kb
 bounds [0x0000023607ba0000, 0x0000023607e10000, 0x000002360f000000]
CodeHeap 'profiled nmethods': size=119104Kb used=1502Kb max_used=1502Kb free=117602Kb
 bounds [0x0000023600000000, 0x0000023600270000, 0x0000023607450000]
CodeHeap 'non-nmethods': size=7488Kb used=2830Kb max_used=2844Kb free=4657Kb
 bounds [0x0000023607450000, 0x0000023607720000, 0x0000023607ba0000]
 total_blobs=1284 nmethods=857 adapters=337
 compilation: enabled
              stopped_count=0, restarted_count=0
 full_count=0

Compilation events (20 events):
Event: 0.586 Thread 0x000002361aa20840 nmethod 848 0x000002360016ec90 code [0x000002360016ee60, 0x000002360016f198]
Event: 0.587 Thread 0x000002361a89db90 nmethod 847 0x000002360016f390 code [0x000002360016f560, 0x000002360016f888]
Event: 0.587 Thread 0x000002361aa1de10 nmethod 849 0x000002360016fa10 code [0x000002360016fc60, 0x0000023600170198]
Event: 0.588 Thread 0x000002361aa20840  850       3       jdk.internal.org.objectweb.asm.ByteVector::enlarge (51 bytes)
Event: 0.589 Thread 0x000002361aa20840 nmethod 850 0x0000023600170490 code [0x0000023600170640, 0x0000023600170968]
Event: 0.590 Thread 0x000002361a89db90  852       3       sun.invoke.util.VerifyAccess::isClassAccessible (230 bytes)
Event: 0.590 Thread 0x000002361aa20840  851       1       java.lang.invoke.MethodHandles$Lookup::previousLookupClass (5 bytes)
Event: 0.590 Thread 0x000002361aa1de10  853       3       java.lang.invoke.MethodType::insertParameterTypes (121 bytes)
Event: 0.590 Thread 0x000002361aa20840 nmethod 851 0x0000023607bd1890 code [0x0000023607bd1a20, 0x0000023607bd1af8]
Event: 0.591 Thread 0x000002361aa1de10 nmethod 853 0x0000023600170a90 code [0x0000023600170d60, 0x0000023600171b68]
Event: 0.591 Thread 0x000002361a89db90 nmethod 852 0x0000023600172090 code [0x00000236001723a0, 0x0000023600173298]
Event: 0.591 Thread 0x000002361aa1de10  854       3       java.util.StringTokenizer::skipDelimiters (116 bytes)
Event: 0.591 Thread 0x000002361aa20840  855       3       java.util.StringTokenizer::scanToken (179 bytes)
Event: 0.592 Thread 0x000002361aa1de10 nmethod 854 0x0000023600173690 code [0x0000023600173940, 0x00000236001746a8]
Event: 0.592 Thread 0x000002361a89db90  857       3       java.util.StringTokenizer::hasMoreTokens (29 bytes)
Event: 0.592 Thread 0x000002361aa20330  858       3       java.util.StringTokenizer::nextToken (92 bytes)
Event: 0.592 Thread 0x000002361a89db90 nmethod 857 0x0000023600174b90 code [0x0000023600174d40, 0x0000023600174ee8]
Event: 0.592 Thread 0x000002361aa20330 nmethod 858 0x0000023600174f90 code [0x0000023600175160, 0x00000236001754f8]
Event: 0.593 Thread 0x000002361aa20840 nmethod 855 0x0000023600175690 code [0x0000023600175a00, 0x0000023600177058]
Event: 0.593 Thread 0x000002361b85aca0  837       4       java.lang.StringUTF16::compress (50 bytes)

GC Heap History (0 events):
No events

Dll operation events (1 events):
Event: 0.007 Loaded shared library D:\software\DevEcoStudio\DevEco Studio\jbr\bin\java.dll

Deoptimization events (6 events):
Event: 0.145 Thread 0x000002367ad1f7b0 Uncommon trap: trap_request=0xffffff45 fr.pc=0x0000023607ba4984 relative=0x0000000000000164
Event: 0.145 Thread 0x000002367ad1f7b0 Uncommon trap: reason=unstable_if action=reinterpret pc=0x0000023607ba4984 method=java.util.zip.ZipFile$Source.isMetaName([BII)Z @ 3 c2
Event: 0.145 Thread 0x000002367ad1f7b0 DEOPT PACKING pc=0x0000023607ba4984 sp=0x0000006bd3dfdd80
Event: 0.145 Thread 0x000002367ad1f7b0 DEOPT UNPACKING pc=0x00000236074a69a3 sp=0x0000006bd3dfdd28 mode 2
Event: 0.314 Thread 0x000002367ad1f7b0 DEOPT PACKING pc=0x0000023600015ae7 sp=0x0000006bd3dfa330
Event: 0.314 Thread 0x000002367ad1f7b0 DEOPT UNPACKING pc=0x00000236074a7143 sp=0x0000006bd3df9750 mode 0

Classes unloaded (0 events):
No events

Classes redefined (0 events):
No events

Internal exceptions (15 events):
Event: 0.192 Thread 0x000002367ad1f7b0 Exception <a 'java/lang/NoSuchMethodError'{0x0000000713f1b948}: 'void java.lang.invoke.DirectMethodHandle$Holder.invokeStatic(java.lang.Object, java.lang.Object, java.lang.Object)'> (0x0000000713f1b948) 
thrown [s\src\hotspot\share\interpreter\linkResolver.cpp, line 771]
Event: 0.208 Thread 0x000002367ad1f7b0 Exception <a 'java/lang/NoSuchMethodError'{0x0000000713f3a4e8}: 'java.lang.Object java.lang.invoke.DirectMethodHandle$Holder.invokeStaticInit(java.lang.Object, java.lang.Object, java.lang.Object)'> (0x0000000713f3a4e8) 
thrown [s\src\hotspot\share\interpreter\linkResolver.cpp, line 771]
Event: 0.215 Thread 0x000002367ad1f7b0 Exception <a 'java/lang/NoSuchMethodError'{0x0000000713f516f0}: 'java.lang.Object java.lang.invoke.DirectMethodHandle$Holder.invokeStatic(java.lang.Object, java.lang.Object, int)'> (0x0000000713f516f0) 
thrown [s\src\hotspot\share\interpreter\linkResolver.cpp, line 771]
Event: 0.217 Thread 0x000002367ad1f7b0 Exception <a 'java/lang/NoSuchMethodError'{0x0000000713c00000}: 'void java.lang.invoke.DelegatingMethodHandle$Holder.delegate(java.lang.Object, java.lang.Object, int, java.lang.Object)'> (0x0000000713c00000) 
thrown [s\src\hotspot\share\interpreter\linkResolver.cpp, line 771]
Event: 0.218 Thread 0x000002367ad1f7b0 Exception <a 'java/lang/NoSuchMethodError'{0x0000000713c04488}: 'int java.lang.invoke.DirectMethodHandle$Holder.invokeSpecial(java.lang.Object, java.lang.Object, java.lang.Object)'> (0x0000000713c04488) 
thrown [s\src\hotspot\share\interpreter\linkResolver.cpp, line 771]
Event: 0.225 Thread 0x000002367ad1f7b0 Exception <a 'java/lang/NoSuchMethodError'{0x0000000713c1fc20}: 'java.lang.Object java.lang.invoke.Invokers$Holder.invokeExact_MT(java.lang.Object, java.lang.Object, java.lang.Object, java.lang.Object)'> (0x0000000713c1fc20) 
thrown [s\src\hotspot\share\interpreter\linkResolver.cpp, line 771]
Event: 0.226 Thread 0x000002367ad1f7b0 Exception <a 'java/lang/NoSuchMethodError'{0x0000000713c23bd0}: 'java.lang.Object java.lang.invoke.Invokers$Holder.invokeExact_MT(java.lang.Object, java.lang.Object, java.lang.Object)'> (0x0000000713c23bd0) 
thrown [s\src\hotspot\share\interpreter\linkResolver.cpp, line 771]
Event: 0.243 Thread 0x000002367ad1f7b0 Exception <a 'java/lang/NoSuchMethodError'{0x0000000713c4ad20}: 'java.lang.Object java.lang.invoke.DirectMethodHandle$Holder.invokeInterface(java.lang.Object, java.lang.Object)'> (0x0000000713c4ad20) 
thrown [s\src\hotspot\share\interpreter\linkResolver.cpp, line 771]
Event: 0.244 Thread 0x000002367ad1f7b0 Exception <a 'java/lang/IncompatibleClassChangeError'{0x0000000713c4e270}: Found class java.lang.Object, but interface was expected> (0x0000000713c4e270) 
thrown [s\src\hotspot\share\interpreter\linkResolver.cpp, line 838]
Event: 0.250 Thread 0x000002367ad1f7b0 Exception <a 'java/lang/NoSuchMethodError'{0x0000000713c5e948}: 'void java.lang.invoke.DirectMethodHandle$Holder.invokeSpecial(java.lang.Object, java.lang.Object, java.lang.Object)'> (0x0000000713c5e948) 
thrown [s\src\hotspot\share\interpreter\linkResolver.cpp, line 771]
Event: 0.259 Thread 0x000002367ad1f7b0 Exception <a 'java/lang/NoSuchMethodError'{0x0000000713c78248}: 'void java.lang.invoke.DirectMethodHandle$Holder.invokeSpecial(java.lang.Object, java.lang.Object, java.lang.Object, java.lang.Object, java.lang.Object)'> (0x0000000713c78248) 
thrown [s\src\hotspot\share\interpreter\linkResolver.cpp, line 771]
Event: 0.470 Thread 0x000002367ad1f7b0 Exception <a 'java/lang/NoSuchMethodError'{0x0000000713661520}: 'java.lang.Object java.lang.invoke.DirectMethodHandle$Holder.newInvokeSpecial(java.lang.Object, long, int, java.lang.Object)'> (0x0000000713661520) 
thrown [s\src\hotspot\share\interpreter\linkResolver.cpp, line 771]
Event: 0.483 Thread 0x000002367ad1f7b0 Exception <a 'java/lang/NoSuchMethodError'{0x00000007136b4e48}: 'void java.lang.invoke.DirectMethodHandle$Holder.invokeStatic(java.lang.Object, java.lang.Object, java.lang.Object, java.lang.Object)'> (0x00000007136b4e48) 
thrown [s\src\hotspot\share\interpreter\linkResolver.cpp, line 771]
Event: 0.483 Thread 0x000002367ad1f7b0 Exception <a 'java/lang/NoSuchMethodError'{0x00000007136b8af0}: 'void java.lang.invoke.DirectMethodHandle$Holder.invokeStaticInit(java.lang.Object, java.lang.Object, java.lang.Object, java.lang.Object)'> (0x00000007136b8af0) 
thrown [s\src\hotspot\share\interpreter\linkResolver.cpp, line 771]
Event: 0.499 Thread 0x000002367ad1f7b0 Exception <a 'java/lang/NoSuchMethodError'{0x0000000713712310}: 'java.lang.Object java.lang.invoke.DirectMethodHandle$Holder.invokeStaticInit(java.lang.Object)'> (0x0000000713712310) 
thrown [s\src\hotspot\share\interpreter\linkResolver.cpp, line 771]

VM Operations (6 events):
Event: 0.140 Executing VM operation: HandshakeAllThreads
Event: 0.140 Executing VM operation: HandshakeAllThreads done
Event: 0.185 Executing VM operation: HandshakeAllThreads
Event: 0.185 Executing VM operation: HandshakeAllThreads done
Event: 0.491 Executing VM operation: HandshakeAllThreads
Event: 0.491 Executing VM operation: HandshakeAllThreads done

Events (20 events):
Event: 0.589 loading class jdk/internal/jimage/decompressor/ResourceDecompressorFactory done
Event: 0.589 loading class jdk/internal/jimage/decompressor/ZipDecompressorFactory done
Event: 0.589 loading class jdk/internal/jimage/decompressor/StringSharingDecompressorFactory
Event: 0.589 loading class jdk/internal/jimage/decompressor/StringSharingDecompressorFactory done
Event: 0.589 loading class jdk/internal/jimage/decompressor/ZipDecompressor
Event: 0.589 loading class jdk/internal/jimage/decompressor/ResourceDecompressor
Event: 0.589 loading class jdk/internal/jimage/decompressor/ResourceDecompressor done
Event: 0.589 loading class jdk/internal/jimage/decompressor/ZipDecompressor done
Event: 0.589 loading class sun/net/www/protocol/jrt/Handler
Event: 0.589 loading class sun/net/www/protocol/jrt/Handler done
Event: 0.590 loading class sun/util/locale/provider/CalendarProviderImpl
Event: 0.590 loading class sun/util/locale/provider/AvailableLanguageTags
Event: 0.590 loading class sun/util/locale/provider/AvailableLanguageTags done
Event: 0.590 loading class sun/util/locale/provider/CalendarProviderImpl done
Event: 0.590 loading class java/util/StringTokenizer
Event: 0.590 loading class java/util/StringTokenizer done
Event: 0.592 Thread 0x000002361b85aca0 Thread added: 0x000002361b85aca0
Event: 0.593 loading class java/util/Calendar$Builder
Event: 0.593 loading class java/util/Calendar$Builder done
Event: 0.593 loading class java/util/GregorianCalendar


Dynamic libraries:
0x00007ff78aee0000 - 0x00007ff78aeea000 	D:\software\DevEcoStudio\DevEco Studio\jbr\bin\java.exe
0x00007ffa5ae70000 - 0x00007ffa5b087000 	C:\windows\SYSTEM32\ntdll.dll
0x00007ffa597f0000 - 0x00007ffa598b4000 	C:\windows\System32\KERNEL32.DLL
0x00007ffa582e0000 - 0x00007ffa58687000 	C:\windows\System32\KERNELBASE.dll
0x00007ffa58a80000 - 0x00007ffa58b91000 	C:\windows\System32\ucrtbase.dll
0x00007ffa38250000 - 0x00007ffa38267000 	D:\software\DevEcoStudio\DevEco Studio\jbr\bin\jli.dll
0x00007ffa37980000 - 0x00007ffa3799b000 	D:\software\DevEcoStudio\DevEco Studio\jbr\bin\VCRUNTIME140.dll
0x00007ffa5a830000 - 0x00007ffa5a9de000 	C:\windows\System32\USER32.dll
0x00007ffa582b0000 - 0x00007ffa582d6000 	C:\windows\System32\win32u.dll
0x00007ffa350b0000 - 0x00007ffa35343000 	C:\windows\WinSxS\amd64_microsoft.windows.common-controls_6595b64144ccf1df_6.0.22621.3527_none_270e469b73872a76\COMCTL32.dll
0x00007ffa59c40000 - 0x00007ffa59c69000 	C:\windows\System32\GDI32.dll
0x00007ffa5a680000 - 0x00007ffa5a727000 	C:\windows\System32\msvcrt.dll
0x00007ffa58190000 - 0x00007ffa582a9000 	C:\windows\System32\gdi32full.dll
0x00007ffa588a0000 - 0x00007ffa5893a000 	C:\windows\System32\msvcp_win.dll
0x00007ffa58ba0000 - 0x00007ffa58bd1000 	C:\windows\System32\IMM32.DLL
0x00007ffa4db30000 - 0x00007ffa4db3c000 	D:\software\DevEcoStudio\DevEco Studio\jbr\bin\vcruntime140_1.dll
0x00007ffa0af30000 - 0x00007ffa0afbd000 	D:\software\DevEcoStudio\DevEco Studio\jbr\bin\msvcp140.dll
0x00007ff986360000 - 0x00007ff986fcd000 	D:\software\DevEcoStudio\DevEco Studio\jbr\bin\server\jvm.dll
0x00007ffa5a9e0000 - 0x00007ffa5aa92000 	C:\windows\System32\ADVAPI32.dll
0x00007ffa59130000 - 0x00007ffa591d8000 	C:\windows\System32\sechost.dll
0x00007ffa58690000 - 0x00007ffa586b8000 	C:\windows\System32\bcrypt.dll
0x00007ffa59280000 - 0x00007ffa59395000 	C:\windows\System32\RPCRT4.dll
0x00007ffa4ce30000 - 0x00007ffa4ce64000 	C:\windows\SYSTEM32\WINMM.dll
0x00007ffa425e0000 - 0x00007ffa425ea000 	C:\windows\SYSTEM32\VERSION.dll
0x00007ffa36170000 - 0x00007ffa36179000 	C:\windows\SYSTEM32\WSOCK32.dll
0x00007ffa5acc0000 - 0x00007ffa5ad31000 	C:\windows\System32\WS2_32.dll
0x00007ffa57200000 - 0x00007ffa57218000 	C:\windows\SYSTEM32\kernel.appcore.dll
0x00007ffa307d0000 - 0x00007ffa307da000 	D:\software\DevEcoStudio\DevEco Studio\jbr\bin\jimage.dll
0x00007ffa55340000 - 0x00007ffa55572000 	C:\windows\SYSTEM32\DBGHELP.DLL
0x00007ffa593a0000 - 0x00007ffa59728000 	C:\windows\System32\combase.dll
0x00007ffa5ad40000 - 0x00007ffa5ae17000 	C:\windows\System32\OLEAUT32.dll
0x00007ffa3f260000 - 0x00007ffa3f292000 	C:\windows\SYSTEM32\dbgcore.DLL
0x00007ffa58a00000 - 0x00007ffa58a79000 	C:\windows\System32\bcryptPrimitives.dll
0x00007ffa0cb70000 - 0x00007ffa0cb95000 	D:\software\DevEcoStudio\DevEco Studio\jbr\bin\java.dll
0x00007ffa0cdb0000 - 0x00007ffa0cdc8000 	D:\software\DevEcoStudio\DevEco Studio\jbr\bin\zip.dll
0x00007ffa59e20000 - 0x00007ffa5a67c000 	C:\windows\System32\SHELL32.dll
0x00007ffa56090000 - 0x00007ffa56986000 	C:\windows\SYSTEM32\windows.storage.dll
0x00007ffa55f50000 - 0x00007ffa5608e000 	C:\windows\SYSTEM32\wintypes.dll
0x00007ffa59ab0000 - 0x00007ffa59ba5000 	C:\windows\System32\SHCORE.dll
0x00007ffa5aaa0000 - 0x00007ffa5aafe000 	C:\windows\System32\shlwapi.dll
0x00007ffa580c0000 - 0x00007ffa580e1000 	C:\windows\SYSTEM32\profapi.dll
0x00007ffa0ab90000 - 0x00007ffa0aba9000 	D:\software\DevEcoStudio\DevEco Studio\jbr\bin\net.dll
0x00007ffa4ec70000 - 0x00007ffa4eda6000 	C:\windows\SYSTEM32\WINHTTP.dll
0x00007ffa576c0000 - 0x00007ffa57729000 	C:\windows\system32\mswsock.dll
0x00007ffa08150000 - 0x00007ffa08166000 	D:\software\DevEcoStudio\DevEco Studio\jbr\bin\nio.dll
0x00007ffa171f0000 - 0x00007ffa171f9000 	D:\software\DevEcoStudio\DevEco Studio\jbr\bin\management.dll
0x00007ffa12710000 - 0x00007ffa1271b000 	D:\software\DevEcoStudio\DevEco Studio\jbr\bin\management_ext.dll
0x00007ffa597e0000 - 0x00007ffa597e8000 	C:\windows\System32\PSAPI.DLL

dbghelp: loaded successfully - version: 4.0.5 - missing functions: none
symbol engine: initialized successfully - sym options: 0x614 - pdb path: .;D:\software\DevEcoStudio\DevEco Studio\jbr\bin;C:\windows\SYSTEM32;C:\windows\WinSxS\amd64_microsoft.windows.common-controls_6595b64144ccf1df_6.0.22621.3527_none_270e469b73872a76;D:\software\DevEcoStudio\DevEco Studio\jbr\bin\server

VM Arguments:
java_command: D:\software\DevEcoStudio\HarmonyOS SDK\HarmonyOS-NEXT-DP2\base\toolchains\lib\hap-sign-tool.jar verify-profile -inFile C:\Users\knapp\.ohos\config\default_SseHarmonyOS_A8Vm0EdJUb6tqFM8iNvJzGTs9egRV2-DhpQBZKlXJeg=.p7b -outFile E:\workspace\HarmonyOS\SseHarmonyOS\entry\build\default\intermediates\default\temp\signConfigCheckJson.json
java_class_path (initial): D:\software\DevEcoStudio\HarmonyOS SDK\HarmonyOS-NEXT-DP2\base\toolchains\lib\hap-sign-tool.jar
Launcher Type: SUN_STANDARD

[Global flags]
     intx CICompilerCount                          = 12                                        {product} {ergonomic}
     uint ConcGCThreads                            = 4                                         {product} {ergonomic}
     uint G1ConcRefinementThreads                  = 15                                        {product} {ergonomic}
   size_t G1HeapRegionSize                         = 2097152                                   {product} {ergonomic}
    uintx GCDrainStackTargetSize                   = 64                                        {product} {ergonomic}
   size_t InitialHeapSize                          = 264241152                                 {product} {ergonomic}
   size_t MarkStackSize                            = 4194304                                   {product} {ergonomic}
   size_t MaxHeapSize                              = 4219469824                                {product} {ergonomic}
   size_t MaxNewSize                               = 2531262464                                {product} {ergonomic}
   size_t MinHeapDeltaBytes                        = 2097152                                   {product} {ergonomic}
   size_t MinHeapSize                              = 8388608                                   {product} {ergonomic}
    uintx NonNMethodCodeHeapSize                   = 7602480                                {pd product} {ergonomic}
    uintx NonProfiledCodeHeapSize                  = 122027880                              {pd product} {ergonomic}
    uintx ProfiledCodeHeapSize                     = 122027880                              {pd product} {ergonomic}
    uintx ReservedCodeCacheSize                    = 251658240                              {pd product} {ergonomic}
     bool SegmentedCodeCache                       = true                                      {product} {ergonomic}
   size_t SoftMaxHeapSize                          = 4219469824                             {manageable} {ergonomic}
     bool UseCompressedClassPointers               = true                           {product lp64_product} {ergonomic}
     bool UseCompressedOops                        = true                           {product lp64_product} {ergonomic}
     bool UseG1GC                                  = true                                      {product} {ergonomic}
     bool UseLargePagesIndividualAllocation        = false                                  {pd product} {ergonomic}

Logging:
Log output configuration:
 #0: stdout all=warning uptime,level,tags
 #1: stderr all=off uptime,level,tags

Environment Variables:
JAVA_HOME=D:\software\DevEcoStudio\DevEco Studio\jbr
PATH=D:\software\NoodJS;D:\software\DevEcoStudio\DevEco Studio\jbr\bin;C:\windows\system32;C:\windows;C:\windows\System32\Wbem;C:\windows\System32\WindowsPowerShell\v1.0\;C:\windows\System32\OpenSSH\;D:\software\Git\cmd;D:\python\python3.10;D:\python\Allure\allure-2.24.0\bin;D:\software\Jmeter\apache-jmeter-5.6.2\bin;E:\workspace\tool\xshell\;E:\workspace\tool\xftp\;D:\software\DevEcoStudio\HarmonyOS SDK\HarmonyOS-NEXT-DP2\base\toolchains;D:\python\python3.10\Scripts\;D:\python\python3.10\;C:\Users\knapp\AppData\Local\Microsoft\WindowsApps;D:\test\java\bin;D:\python\pycharm\PyCharm Community Edition 2023.1\bin;;D:\software\AndroidSDK\platform-tools;D:\python\Allure\allure-2.24.0\bin;D:\software\Jmeter\apache-jmeter-5.6.2\bin;D:\software\Intellij IDEA\IntelliJ IDEA Community Edition 2023.2.3\bin;;D:\software\DevEcoStudio\DevEco Studio\bin;;D:\software\NoodJS;
USERNAME=knapp
OS=Windows_NT
PROCESSOR_IDENTIFIER=Intel64 Family 6 Model 186 Stepping 2, GenuineIntel
TMP=C:\Users\knapp\AppData\Local\Temp
TEMP=C:\Users\knapp\AppData\Local\Temp



---------------  S Y S T E M  ---------------

OS:
 Windows 11 , 64 bit Build 22621 (10.0.22621.3527)
OS uptime: 2 days 3:40 hours
Hyper-V role detected

CPU: total 20 (initial active 20) (10 cores per cpu, 2 threads per core) family 6 model 186 stepping 2 microcode 0x4114, cx8, cmov, fxsr, ht, mmx, 3dnowpref, sse, sse2, sse3, ssse3, sse4.1, sse4.2, popcnt, lzcnt, tsc, tscinvbit, avx, avx2, aes, erms, clmul, bmi1, bmi2, adx, sha, fma, vzeroupper, clflush, clflushopt, clwb, hv

Memory: 4k page, system-wide physical 16095M (1109M free)
TotalPageFile size 33353M (AvailPageFile size 3M)
current process WorkingSet (physical memory assigned to process): 61M, peak: 61M
current process commit charge ("private bytes"): 361M, peak: 361M

vm_info: OpenJDK 64-Bit Server VM (17.0.6+10-b829.5) for windows-amd64 JRE (17.0.6+10-b829.5), built on 2023-02-24 by "builduser" with MS VC++ 16.10 / 16.11 (VS2019)

END.
