#
# There is insufficient memory for the Java Runtime Environment to continue.
# Native memory allocation (mmap) failed to map 264241152 bytes for G1 virtual space
# Possible reasons:
#   The system is out of physical RAM or swap space
#   The process is running with CompressedOops enabled, and the Java Heap may be blocking the growth of the native heap
# Possible solutions:
#   Reduce memory load on the system
#   Increase physical memory or swap space
#   Check if swap backing store is full
#   Decrease Java heap size (-Xmx/-Xms)
#   Decrease number of Java threads
#   Decrease Java thread stack sizes (-Xss)
#   Set larger code cache with -XX:ReservedCodeCacheSize=
#   JVM is running with Zero Based Compressed Oops mode in which the Java heap is
#     placed in the first 32GB address space. The Java Heap base address is the
#     maximum limit for the native heap growth. Please use -XX:HeapBaseMinAddress
#     to set the Java Heap base and to place the Java Heap above 32GB virtual address.
# This output file may be truncated or incomplete.
#
#  Out of Memory Error (os_windows.cpp:3769), pid=9808, tid=11284
#
# JRE version:  (17.0.6+10) (build )
# Java VM: OpenJDK 64-Bit Server VM (17.0.6+10-b829.5, mixed mode, sharing, tiered, compressed oops, compressed class ptrs, g1 gc, windows-amd64)
# No core dump will be written. Minidumps are not enabled by default on client versions of Windows
#

---------------  S U M M A R Y ------------

Command Line: -Dfile.encoding=GBK D:\software\DevEcoStudio\HarmonyOS SDK\HarmonyOS-NEXT-DP2\base\toolchains\lib\app_packing_tool.jar --mode hap --force true --lib-path E:\workspace\HarmonyOS\SseHarmonyOS\entry\build\default\intermediates\stripped_native_libs\default --json-path E:\workspace\HarmonyOS\SseHarmonyOS\entry\build\default\intermediates\res\default\module.json --resources-path E:\workspace\HarmonyOS\SseHarmonyOS\entry\build\default\intermediates\res\default\resources --index-path E:\workspace\HarmonyOS\SseHarmonyOS\entry\build\default\intermediates\res\default\resources.index --pack-info-path E:\workspace\HarmonyOS\SseHarmonyOS\entry\build\default\outputs\default\pack.info --out-path E:\workspace\HarmonyOS\SseHarmonyOS\entry\build\default\outputs\default\entry-default-unsigned.hap --ets-path E:\workspace\HarmonyOS\SseHarmonyOS\entry\build\default\intermediates\loader_out\default\ets

Host: 13th Gen Intel(R) Core(TM) i7-13700H, 20 cores, 15G,  Windows 11 , 64 bit Build 22621 (10.0.22621.3527)
Time: Tue Jun  4 11:35:06 2024  Windows 11 , 64 bit Build 22621 (10.0.22621.3527) elapsed time: 0.007562 seconds (0d 0h 0m 0s)

---------------  T H R E A D  ---------------

Current thread (0x0000023c06ca34a0):  JavaThread "Unknown thread" [_thread_in_vm, id=11284, stack(0x000000a32e300000,0x000000a32e400000)]

Stack: [0x000000a32e300000,0x000000a32e400000]
Native frames: (J=compiled Java code, j=interpreted, Vv=VM code, C=native code)
V  [jvm.dll+0x683b4a]
V  [jvm.dll+0x842654]
V  [jvm.dll+0x843dfe]
V  [jvm.dll+0x844463]
V  [jvm.dll+0x249b75]
V  [jvm.dll+0x680a19]
V  [jvm.dll+0x674f0a]
V  [jvm.dll+0x309acb]
V  [jvm.dll+0x310f86]
V  [jvm.dll+0x3608ee]
V  [jvm.dll+0x360b1f]
V  [jvm.dll+0x2dfbf8]
V  [jvm.dll+0x2e0b64]
V  [jvm.dll+0x813f41]
V  [jvm.dll+0x36e6a1]
V  [jvm.dll+0x7f347c]
V  [jvm.dll+0x3f0e8f]
V  [jvm.dll+0x3f29d1]
C  [jli.dll+0x526b]
C  [ucrtbase.dll+0x29333]
C  [KERNEL32.DLL+0x1257d]
C  [ntdll.dll+0x5aa48]


---------------  P R O C E S S  ---------------

Threads class SMR info:
_java_thread_list=0x00007ffe6c3ec058, length=0, elements={
}

Java Threads: ( => current thread )

Other Threads:
  0x0000023c06d0e9d0 GCTaskThread "GC Thread#0" [stack: 0x000000a32e400000,0x000000a32e500000] [id=20452]
  0x0000023c06d1f3a0 ConcurrentGCThread "G1 Main Marker" [stack: 0x000000a32e500000,0x000000a32e600000] [id=13852]
  0x0000023c06d1fcc0 ConcurrentGCThread "G1 Conc#0" [stack: 0x000000a32e600000,0x000000a32e700000] [id=2640]

[error occurred during error reporting (printing all threads), id 0xc0000005, EXCEPTION_ACCESS_VIOLATION (0xc0000005) at pc=0x00007ffe6bba0797]

VM state: not at safepoint (not fully initialized)

VM Mutex/Monitor currently owned by a thread:  ([mutex/lock_event])
[0x0000023c06c9efd0] Heap_lock - owner thread: 0x0000023c06ca34a0

Heap address: 0x0000000704800000, size: 4024 MB, Compressed Oops mode: Zero based, Oop shift amount: 3

CDS archive(s) mapped at: [0x0000000000000000-0x0000000000000000-0x0000000000000000), size 0, SharedBaseAddress: 0x0000000800000000, ArchiveRelocationMode: 0.
Narrow klass base: 0x0000000000000000, Narrow klass shift: 0, Narrow klass range: 0x0

GC Precious Log:
<Empty>

Heap:
 garbage-first heap   total 0K, used 0K [0x0000000704800000, 0x0000000800000000)
  region size 2048K, 0 young (0K), 0 survivors (0K)

[error occurred during error reporting (printing heap information), id 0xc0000005, EXCEPTION_ACCESS_VIOLATION (0xc0000005) at pc=0x00007ffe6bf8d939]

GC Heap History (0 events):
No events

Dll operation events (1 events):
Event: 0.005 Loaded shared library D:\software\DevEcoStudio\DevEco Studio\jbr\bin\java.dll

Deoptimization events (0 events):
No events

Classes unloaded (0 events):
No events

Classes redefined (0 events):
No events

Internal exceptions (0 events):
No events

VM Operations (0 events):
No events

Events (0 events):
No events


Dynamic libraries:
0x00007ff67c300000 - 0x00007ff67c30a000 	D:\software\DevEcoStudio\DevEco Studio\jbr\bin\java.exe
0x00007ffefe6b0000 - 0x00007ffefe8c7000 	C:\windows\SYSTEM32\ntdll.dll
0x00007ffefd590000 - 0x00007ffefd654000 	C:\windows\System32\KERNEL32.DLL
0x00007ffefbd10000 - 0x00007ffefc0b7000 	C:\windows\System32\KERNELBASE.dll
0x00007ffefc2c0000 - 0x00007ffefc3d1000 	C:\windows\System32\ucrtbase.dll
0x00007ffedb910000 - 0x00007ffedb927000 	D:\software\DevEcoStudio\DevEco Studio\jbr\bin\jli.dll
0x00007ffedaef0000 - 0x00007ffedaf0b000 	D:\software\DevEcoStudio\DevEco Studio\jbr\bin\VCRUNTIME140.dll
0x00007ffefc3e0000 - 0x00007ffefc58e000 	C:\windows\System32\USER32.dll
0x00007ffefc1e0000 - 0x00007ffefc206000 	C:\windows\System32\win32u.dll
0x00007ffefad30000 - 0x00007ffefafc3000 	C:\windows\WinSxS\amd64_microsoft.windows.common-controls_6595b64144ccf1df_6.0.22621.3527_none_270e469b73872a76\COMCTL32.dll
0x00007ffefe150000 - 0x00007ffefe179000 	C:\windows\System32\GDI32.dll
0x00007ffefd070000 - 0x00007ffefd117000 	C:\windows\System32\msvcrt.dll
0x00007ffefc0c0000 - 0x00007ffefc1d9000 	C:\windows\System32\gdi32full.dll
0x00007ffefbc00000 - 0x00007ffefbc9a000 	C:\windows\System32\msvcp_win.dll
0x00007ffefdfe0000 - 0x00007ffefe011000 	C:\windows\System32\IMM32.DLL
0x00007ffeee310000 - 0x00007ffeee31c000 	D:\software\DevEcoStudio\DevEco Studio\jbr\bin\vcruntime140_1.dll
0x00007ffe95d00000 - 0x00007ffe95d8d000 	D:\software\DevEcoStudio\DevEco Studio\jbr\bin\msvcp140.dll
0x00007ffe6b8b0000 - 0x00007ffe6c51d000 	D:\software\DevEcoStudio\DevEco Studio\jbr\bin\server\jvm.dll
0x00007ffefd4d0000 - 0x00007ffefd582000 	C:\windows\System32\ADVAPI32.dll
0x00007ffefe020000 - 0x00007ffefe0c8000 	C:\windows\System32\sechost.dll
0x00007ffefc290000 - 0x00007ffefc2b8000 	C:\windows\System32\bcrypt.dll
0x00007ffefe180000 - 0x00007ffefe295000 	C:\windows\System32\RPCRT4.dll
0x00007ffed60d0000 - 0x00007ffed60d9000 	C:\windows\SYSTEM32\WSOCK32.dll
0x00007ffeee360000 - 0x00007ffeee394000 	C:\windows\SYSTEM32\WINMM.dll
0x00007ffefa220000 - 0x00007ffefa22a000 	C:\windows\SYSTEM32\VERSION.dll
0x00007ffefe0d0000 - 0x00007ffefe141000 	C:\windows\System32\WS2_32.dll
0x00007ffef9b00000 - 0x00007ffef9b18000 	C:\windows\SYSTEM32\kernel.appcore.dll
0x00007ffef2290000 - 0x00007ffef229a000 	D:\software\DevEcoStudio\DevEco Studio\jbr\bin\jimage.dll
0x00007ffefb2e0000 - 0x00007ffefb512000 	C:\windows\SYSTEM32\DBGHELP.DLL
0x00007ffefd6c0000 - 0x00007ffefda48000 	C:\windows\System32\combase.dll
0x00007ffefc630000 - 0x00007ffefc707000 	C:\windows\System32\OLEAUT32.dll
0x00007ffefb1d0000 - 0x00007ffefb202000 	C:\windows\SYSTEM32\dbgcore.DLL
0x00007ffefc210000 - 0x00007ffefc289000 	C:\windows\System32\bcryptPrimitives.dll
0x00007ffededd0000 - 0x00007ffededf5000 	D:\software\DevEcoStudio\DevEco Studio\jbr\bin\java.dll

dbghelp: loaded successfully - version: 4.0.5 - missing functions: none
symbol engine: initialized successfully - sym options: 0x614 - pdb path: .;D:\software\DevEcoStudio\DevEco Studio\jbr\bin;C:\windows\SYSTEM32;C:\windows\WinSxS\amd64_microsoft.windows.common-controls_6595b64144ccf1df_6.0.22621.3527_none_270e469b73872a76;D:\software\DevEcoStudio\DevEco Studio\jbr\bin\server

VM Arguments:
jvm_args: -Dfile.encoding=GBK 
java_command: D:\software\DevEcoStudio\HarmonyOS SDK\HarmonyOS-NEXT-DP2\base\toolchains\lib\app_packing_tool.jar --mode hap --force true --lib-path E:\workspace\HarmonyOS\SseHarmonyOS\entry\build\default\intermediates\stripped_native_libs\default --json-path E:\workspace\HarmonyOS\SseHarmonyOS\entry\build\default\intermediates\res\default\module.json --resources-path E:\workspace\HarmonyOS\SseHarmonyOS\entry\build\default\intermediates\res\default\resources --index-path E:\workspace\HarmonyOS\SseHarmonyOS\entry\build\default\intermediates\res\default\resources.index --pack-info-path E:\workspace\HarmonyOS\SseHarmonyOS\entry\build\default\outputs\default\pack.info --out-path E:\workspace\HarmonyOS\SseHarmonyOS\entry\build\default\outputs\default\entry-default-unsigned.hap --ets-path E:\workspace\HarmonyOS\SseHarmonyOS\entry\build\default\intermediates\loader_out\default\ets
java_class_path (initial): D:\software\DevEcoStudio\HarmonyOS SDK\HarmonyOS-NEXT-DP2\base\toolchains\lib\app_packing_tool.jar
Launcher Type: SUN_STANDARD

[Global flags]
     intx CICompilerCount                          = 12                                        {product} {ergonomic}
     uint ConcGCThreads                            = 4                                         {product} {ergonomic}
     uint G1ConcRefinementThreads                  = 15                                        {product} {ergonomic}
   size_t G1HeapRegionSize                         = 2097152                                   {product} {ergonomic}
    uintx GCDrainStackTargetSize                   = 64                                        {product} {ergonomic}
   size_t InitialHeapSize                          = 264241152                                 {product} {ergonomic}
   size_t MarkStackSize                            = 4194304                                   {product} {ergonomic}
   size_t MaxHeapSize                              = 4219469824                                {product} {ergonomic}
   size_t MinHeapDeltaBytes                        = 2097152                                   {product} {ergonomic}
   size_t MinHeapSize                              = 8388608                                   {product} {ergonomic}
    uintx NonNMethodCodeHeapSize                   = 7602480                                {pd product} {ergonomic}
    uintx NonProfiledCodeHeapSize                  = 122027880                              {pd product} {ergonomic}
    uintx ProfiledCodeHeapSize                     = 122027880                              {pd product} {ergonomic}
    uintx ReservedCodeCacheSize                    = 251658240                              {pd product} {ergonomic}
     bool SegmentedCodeCache                       = true                                      {product} {ergonomic}
   size_t SoftMaxHeapSize                          = 4219469824                             {manageable} {ergonomic}
     bool UseCompressedClassPointers               = true                           {product lp64_product} {ergonomic}
     bool UseCompressedOops                        = true                           {product lp64_product} {ergonomic}
     bool UseG1GC                                  = true                                      {product} {ergonomic}
     bool UseLargePagesIndividualAllocation        = false                                  {pd product} {ergonomic}

Logging:
Log output configuration:
 #0: stdout all=warning uptime,level,tags
 #1: stderr all=off uptime,level,tags

Environment Variables:
JAVA_HOME=D:\software\DevEcoStudio\DevEco Studio\jbr
PATH=D:\software\NoodJS;D:\software\DevEcoStudio\DevEco Studio\jbr\bin;C:\windows\system32;C:\windows;C:\windows\System32\Wbem;C:\windows\System32\WindowsPowerShell\v1.0\;C:\windows\System32\OpenSSH\;D:\software\Git\cmd;D:\python\python3.10;D:\python\Allure\allure-2.24.0\bin;D:\software\Jmeter\apache-jmeter-5.6.2\bin;E:\workspace\tool\xshell\;E:\workspace\tool\xftp\;D:\software\DevEcoStudio\HarmonyOS SDK\HarmonyOS-NEXT-DP2\base\toolchains;D:\python\python3.10\Scripts\;D:\python\python3.10\;C:\Users\knapp\AppData\Local\Microsoft\WindowsApps;D:\test\java\bin;D:\python\pycharm\PyCharm Community Edition 2023.1\bin;;D:\software\AndroidSDK\platform-tools;D:\python\Allure\allure-2.24.0\bin;D:\software\Jmeter\apache-jmeter-5.6.2\bin;D:\software\Intellij IDEA\IntelliJ IDEA Community Edition 2023.2.3\bin;;D:\software\DevEcoStudio\DevEco Studio\bin;;D:\software\NoodJS;
USERNAME=knapp
OS=Windows_NT
PROCESSOR_IDENTIFIER=Intel64 Family 6 Model 186 Stepping 2, GenuineIntel
TMP=C:\Users\knapp\AppData\Local\Temp
TEMP=C:\Users\knapp\AppData\Local\Temp



---------------  S Y S T E M  ---------------

OS:
 Windows 11 , 64 bit Build 22621 (10.0.22621.3527)
OS uptime: 3 days 17:42 hours
Hyper-V role detected

CPU: total 20 (initial active 20) (10 cores per cpu, 2 threads per core) family 6 model 186 stepping 2 microcode 0x4114, cx8, cmov, fxsr, ht, mmx, 3dnowpref, sse, sse2, sse3, ssse3, sse4.1, sse4.2, popcnt, lzcnt, tsc, tscinvbit, avx, avx2, aes, erms, clmul, bmi1, bmi2, adx, sha, fma, vzeroupper, clflush, clflushopt, clwb, hv

Memory: 4k page, system-wide physical 16095M (779M free)
TotalPageFile size 33353M (AvailPageFile size 36M)
current process WorkingSet (physical memory assigned to process): 11M, peak: 11M
current process commit charge ("private bytes"): 75M, peak: 327M

vm_info: OpenJDK 64-Bit Server VM (17.0.6+10-b829.5) for windows-amd64 JRE (17.0.6+10-b829.5), built on 2023-02-24 by "builduser" with MS VC++ 16.10 / 16.11 (VS2019)

END.
