#
# A fatal error has been detected by the Java Runtime Environment:
#
#  EXCEPTION_UNCAUGHT_CXX_EXCEPTION (0xe06d7363) at pc=0x00007ffa5834543c, pid=31352, tid=33884
#
# JRE version:  (17.0.6+10) (build )
# Java VM: OpenJDK 64-Bit Server VM (17.0.6+10-b829.5, mixed mode, tiered, compressed oops, compressed class ptrs, g1 gc, windows-amd64)
# Problematic frame:
# C  [KERNELBASE.dll+0x6543c]
#
# No core dump will be written. Minidumps are not enabled by default on client versions of Windows
#
#

---------------  S U M M A R Y ------------

Command Line: D:\software\DevEcoStudio\HarmonyOS SDK\HarmonyOS-NEXT-DP2\base\toolchains\lib\hap-sign-tool.jar verify-profile -inFile C:\Users\knapp\.ohos\config\default_SseHarmonyOS_A8Vm0EdJUb6tqFM8iNvJzGTs9egRV2-DhpQBZKlXJeg=.p7b -outFile E:\workspace\HarmonyOS\SseHarmonyOS\entry\build\default\intermediates\default\temp\signConfigCheckJson.json

Host: 13th Gen Intel(R) Core(TM) i7-13700H, 20 cores, 15G,  Windows 11 , 64 bit Build 22621 (10.0.22621.3527)
Time: Thu Jun  6 17:13:37 2024  Windows 11 , 64 bit Build 22621 (10.0.22621.3527) elapsed time: 0.084826 seconds (0d 0h 0m 0s)

---------------  T H R E A D  ---------------

Current thread (0x0000019b27bfde40):  JavaThread "main" [_thread_in_vm, id=33884, stack(0x0000000321d00000,0x0000000321e00000)]

Stack: [0x0000000321d00000,0x0000000321e00000],  sp=0x0000000321dfd7a0,  free space=1013k
Native frames: (J=compiled Java code, j=interpreted, Vv=VM code, C=native code)
C  [KERNELBASE.dll+0x6543c]
C  [VCRUNTIME140.dll+0x6480]
C  [jimage.dll+0x32a3]
C  [jimage.dll+0x2a1d]
C  [jimage.dll+0x145b]
C  [jimage.dll+0x1e9f]
C  [jimage.dll+0x1f36]
C  [jimage.dll+0x266e]
V  [jvm.dll+0x1f5b4d]
V  [jvm.dll+0x1f4682]
V  [jvm.dll+0x7bc67b]
V  [jvm.dll+0x7bdac2]
V  [jvm.dll+0x7bddf8]
V  [jvm.dll+0x24190e]
V  [jvm.dll+0x241b5f]
V  [jvm.dll+0x565dd3]
V  [jvm.dll+0x5682e4]
V  [jvm.dll+0x387f4b]
V  [jvm.dll+0x387a02]
C  0x0000019b327c89bf

Java frames: (J=compiled Java code, j=interpreted, Vv=VM code)
j  sun.nio.cs.GBK.newDecoder()Ljava/nio/charset/CharsetDecoder;+5 java.base
j  java.lang.String.<init>([BIILjava/nio/charset/Charset;)V+483 java.base
j  java.lang.String.<init>([BIILjava/lang/String;)V+9 java.base
j  java.lang.String.<init>([BLjava/lang/String;)V+6 java.base
v  ~StubRoutines::call_stub
j  jdk.internal.util.SystemProps$Raw.vmProperties()[Ljava/lang/String;+0 java.base
j  jdk.internal.util.SystemProps$Raw.cmdProperties()Ljava/util/HashMap;+0 java.base
j  jdk.internal.util.SystemProps.initProperties()Ljava/util/Map;+9 java.base
j  java.lang.System.initPhase1()V+3 java.base
v  ~StubRoutines::call_stub

siginfo: EXCEPTION_UNCAUGHT_CXX_EXCEPTION (0xe06d7363), ExceptionInformation=0x0000000019930520 0x0000000321dfd900 0x00007ffa307d5198 0x00007ffa307d0000 


Register to memory mapping:

RIP=0x00007ffa5834543c KERNELBASE.dll
RAX=0x0000000321dfd100 is pointing into the stack for thread: 0x0000019b27bfde40
RBX=0x00007ffa307d5198 jimage.dll
RCX=0x0000000000008000 is an unknown value
RDX=0x0 is NULL
RSP=0x0000000321dfd7a0 is pointing into the stack for thread: 0x0000019b27bfde40
RBP=0x0000000321dfda30 is pointing into the stack for thread: 0x0000019b27bfde40
RSI=0x0000000321dfd900 is pointing into the stack for thread: 0x0000019b27bfde40
RDI=0x0000000019930520 is an unknown value
R8 =0x0000000321dfd1b0 is pointing into the stack for thread: 0x0000019b27bfde40
R9 =0x0000000000000026 is an unknown value
R10=0x0000000321dfd6f0 is pointing into the stack for thread: 0x0000019b27bfde40
R11=0x0 is NULL
R12=0x00000000000127c2 is an unknown value
R13=0x0000019b27bfe320 points into unknown readable memory: 0x2f6f696e2f6e7573 | 73 75 6e 2f 6e 69 6f 2f
R14=0x0000019b480ac020 points into unknown readable memory: 0x0000000000000005 | 05 00 00 00 00 00 00 00
R15=0x0000019b480ac020 points into unknown readable memory: 0x0000000000000005 | 05 00 00 00 00 00 00 00


Registers:
RAX=0x0000000321dfd100, RBX=0x00007ffa307d5198, RCX=0x0000000000008000, RDX=0x0000000000000000
RSP=0x0000000321dfd7a0, RBP=0x0000000321dfda30, RSI=0x0000000321dfd900, RDI=0x0000000019930520
R8 =0x0000000321dfd1b0, R9 =0x0000000000000026, R10=0x0000000321dfd6f0, R11=0x0000000000000000
R12=0x00000000000127c2, R13=0x0000019b27bfe320, R14=0x0000019b480ac020, R15=0x0000019b480ac020
RIP=0x00007ffa5834543c, EFLAGS=0x0000000000000206

Top of Stack: (sp=0x0000000321dfd7a0)
0x0000000321dfd7a0:   0000019b25780000 00007ffa307d5198
0x0000000321dfd7b0:   0000000321dfd900 0000000000000e7d
0x0000000321dfd7c0:   00000081e06d7363 0000000000000000
0x0000000321dfd7d0:   00007ffa5834543c 0000000000000004
0x0000000321dfd7e0:   0000000019930520 0000000321dfd900
0x0000000321dfd7f0:   00007ffa307d5198 00007ffa307d0000
0x0000000321dfd800:   0000019b00000000 0000000000000002
0x0000000321dfd810:   0000000000000000 00007ffa307d5198
0x0000000321dfd820:   0000019b480ac020 00007ffa5aee65af
0x0000000321dfd830:   0000000321dfd8a0 00007ffa307d7000
0x0000000321dfd840:   0000000321dfd900 0000000019930520
0x0000000321dfd850:   00007ffa307d7000 00007ffa307d0000
0x0000000321dfd860:   0000097222304aa4 00007ffa58303dab
0x0000000321dfd870:   00007ffa307d5198 00007ffa37986480
0x0000000321dfd880:   0000a5fb4c8fcfd1 00000000032c41f9
0x0000000321dfd890:   0000000000000008 00007ffa58aa0475 

Instructions: (pc=0x00007ffa5834543c)
0x00007ffa5834533c:   ff 4c 8d 05 8c 68 2c 00 33 d2 b9 00 00 10 00 e8
0x00007ffa5834534c:   60 92 fd ff 4c 8b f0 48 89 44 24 58 48 85 c0 0f
0x00007ffa5834535c:   84 0b fe ff ff 4c 8d 05 80 68 2c 00 33 d2 8d 4a
0x00007ffa5834536c:   02 e8 3e 92 fd ff 48 8b f8 48 89 44 24 50 e9 ed
0x00007ffa5834537c:   fd ff ff 45 33 c0 49 8b d7 48 83 c9 ff e8 72 67
0x00007ffa5834538c:   01 00 e9 08 ff ff ff 48 8b 0d 7e 48 2f 00 e8 91
0x00007ffa5834539c:   10 fd ff 48 8b cf e8 49 ea fb ff e9 f8 fe ff ff
0x00007ffa583453ac:   49 8b ce e8 3c ea fb ff e9 f4 fe ff ff 48 8b ce
0x00007ffa583453bc:   e8 2f ea fb ff e9 f0 fe ff ff cc cc 71 18 d3 7a
0x00007ffa583453cc:   1a 87 89 f9 48 81 ec d8 00 00 00 48 8b 05 a2 1b
0x00007ffa583453dc:   2f 00 48 33 c4 48 89 84 24 c0 00 00 00 48 83 64
0x00007ffa583453ec:   24 28 00 48 8d 05 da ff ff ff 83 e2 01 89 4c 24
0x00007ffa583453fc:   20 89 54 24 24 48 89 44 24 30 4d 85 c9 74 4f b8
0x00007ffa5834540c:   0f 00 00 00 48 8d 4c 24 40 44 3b c0 49 8b d1 41
0x00007ffa5834541c:   0f 46 c0 44 8b c0 44 89 44 24 38 49 c1 e0 03 e8
0x00007ffa5834542c:   e7 f7 05 00 48 8d 4c 24 20 48 ff 15 14 b6 1f 00
0x00007ffa5834543c:   0f 1f 44 00 00 48 8b 8c 24 c0 00 00 00 48 33 cc
0x00007ffa5834544c:   e8 af 2d 05 00 48 81 c4 d8 00 00 00 c3 cc 83 64
0x00007ffa5834545c:   24 38 00 eb cf cc cc cc cc cc cc cc 48 8b c4 48
0x00007ffa5834546c:   89 58 08 48 89 70 10 48 89 78 18 4c 89 68 20 55
0x00007ffa5834547c:   41 56 41 57 48 8d 68 a1 48 81 ec e0 00 00 00 48
0x00007ffa5834548c:   8b 05 ee 1a 2f 00 48 33 c4 48 89 45 3f 45 33 ff
0x00007ffa5834549c:   66 c7 45 2b 00 05 48 8d 45 c7 44 89 7d 27 48 89
0x00007ffa583454ac:   44 24 50 48 8d 4d 27 44 89 7c 24 48 45 33 c9 44
0x00007ffa583454bc:   89 7c 24 40 45 8d 47 12 44 89 7c 24 38 b2 01 44
0x00007ffa583454cc:   89 7c 24 30 41 8b df 44 89 7c 24 28 41 8b ff 44
0x00007ffa583454dc:   89 7c 24 20 45 8b f7 44 89 7d 2f 66 c7 45 33 00
0x00007ffa583454ec:   01 44 89 7d 37 66 c7 45 3b 00 10 4c 89 7d c7 4c
0x00007ffa583454fc:   89 7d cf 4c 89 7d d7 4c 89 7d df 48 ff 15 62 b6
0x00007ffa5834550c:   1f 00 0f 1f 44 00 00 85 c0 0f 88 a7 02 00 00 48
0x00007ffa5834551c:   8d 45 cf 41 b9 20 02 00 00 48 89 44 24 50 45 8d
0x00007ffa5834552c:   6f 02 44 89 7c 24 48 45 8d 47 20 44 89 7c 24 40 


Stack slot to memory mapping:
stack at sp + 0 slots: 0x0000019b25780000 points into unknown readable memory: 0x0000000000000000 | 00 00 00 00 00 00 00 00
stack at sp + 1 slots: 0x00007ffa307d5198 jimage.dll
stack at sp + 2 slots: 0x0000000321dfd900 is pointing into the stack for thread: 0x0000019b27bfde40
stack at sp + 3 slots: 0x0000000000000e7d is an unknown value
stack at sp + 4 slots: 0x00000081e06d7363 is an unknown value
stack at sp + 5 slots: 0x0 is NULL
stack at sp + 6 slots: 0x00007ffa5834543c KERNELBASE.dll
stack at sp + 7 slots: 0x0000000000000004 is an unknown value


---------------  P R O C E S S  ---------------

Threads class SMR info:
_java_thread_list=0x0000019b48051460, length=3, elements={
0x0000019b27bfde40, 0x0000019b48057bf0, 0x0000019b48058a60
}

Java Threads: ( => current thread )
=>0x0000019b27bfde40 JavaThread "main" [_thread_in_vm, id=33884, stack(0x0000000321d00000,0x0000000321e00000)]
  0x0000019b48057bf0 JavaThread "Reference Handler" daemon [_thread_blocked, id=3544, stack(0x0000000322400000,0x0000000322500000)]
  0x0000019b48058a60 JavaThread "Finalizer" daemon [_thread_blocked, id=2580, stack(0x0000000322500000,0x0000000322600000)]

Other Threads:
  0x0000019b48052ed0 VMThread "VM Thread" [stack: 0x0000000322300000,0x0000000322400000] [id=32204]
  0x0000019b27c6c560 GCTaskThread "GC Thread#0" [stack: 0x0000000321e00000,0x0000000321f00000] [id=12852]
  0x0000019b27c7f030 ConcurrentGCThread "G1 Main Marker" [stack: 0x0000000321f00000,0x0000000322000000] [id=19768]
  0x0000019b27c7fa40 ConcurrentGCThread "G1 Conc#0" [stack: 0x0000000322000000,0x0000000322100000] [id=16556]
  0x0000019b27cbe1c0 ConcurrentGCThread "G1 Refine#0" [stack: 0x0000000322100000,0x0000000322200000] [id=25868]
  0x0000019b27cbebe0 ConcurrentGCThread "G1 Service" [stack: 0x0000000322200000,0x0000000322300000] [id=31576]

Threads with active compile tasks:

VM state: not at safepoint (normal execution)

VM Mutex/Monitor currently owned by a thread: None

Heap address: 0x0000000704800000, size: 4024 MB, Compressed Oops mode: Zero based, Oop shift amount: 3

CDS archive(s) not mapped
Compressed class space mapped at: 0x0000000800000000-0x0000000840000000, reserved size: 1073741824
Narrow klass base: 0x0000000800000000, Narrow klass shift: 0, Narrow klass range: 0x40000000

GC Precious Log:
 CPUs: 20 total, 20 available
 Memory: 16095M
 Large Page Support: Disabled
 NUMA Support: Disabled
 Compressed Oops: Enabled (Zero based)
 Heap Region Size: 2M
 Heap Min Capacity: 8M
 Heap Initial Capacity: 252M
 Heap Max Capacity: 4024M
 Pre-touch: Disabled
 Parallel Workers: 15
 Concurrent Workers: 4
 Concurrent Refinement Workers: 15
 Periodic GC: Disabled

Heap:
 garbage-first heap   total 258048K, used 0K [0x0000000704800000, 0x0000000800000000)
  region size 2048K, 1 young (2048K), 0 survivors (0K)
 Metaspace       used 2253K, committed 2304K, reserved 1056768K
  class space    used 181K, committed 192K, reserved 1048576K

Heap Regions: E=young(eden), S=young(survivor), O=old, HS=humongous(starts), HC=humongous(continues), CS=collection set, F=free, OA=open archive, CA=closed archive, TAMS=top-at-mark-start (previous, next)
|   0|0x0000000704800000, 0x0000000704800000, 0x0000000704a00000|  0%| F|  |TAMS 0x0000000704800000, 0x0000000704800000| Untracked 
|   1|0x0000000704a00000, 0x0000000704a00000, 0x0000000704c00000|  0%| F|  |TAMS 0x0000000704a00000, 0x0000000704a00000| Untracked 
|   2|0x0000000704c00000, 0x0000000704c00000, 0x0000000704e00000|  0%| F|  |TAMS 0x0000000704c00000, 0x0000000704c00000| Untracked 
|   3|0x0000000704e00000, 0x0000000704e00000, 0x0000000705000000|  0%| F|  |TAMS 0x0000000704e00000, 0x0000000704e00000| Untracked 
|   4|0x0000000705000000, 0x0000000705000000, 0x0000000705200000|  0%| F|  |TAMS 0x0000000705000000, 0x0000000705000000| Untracked 
|   5|0x0000000705200000, 0x0000000705200000, 0x0000000705400000|  0%| F|  |TAMS 0x0000000705200000, 0x0000000705200000| Untracked 
|   6|0x0000000705400000, 0x0000000705400000, 0x0000000705600000|  0%| F|  |TAMS 0x0000000705400000, 0x0000000705400000| Untracked 
|   7|0x0000000705600000, 0x0000000705600000, 0x0000000705800000|  0%| F|  |TAMS 0x0000000705600000, 0x0000000705600000| Untracked 
|   8|0x0000000705800000, 0x0000000705800000, 0x0000000705a00000|  0%| F|  |TAMS 0x0000000705800000, 0x0000000705800000| Untracked 
|   9|0x0000000705a00000, 0x0000000705a00000, 0x0000000705c00000|  0%| F|  |TAMS 0x0000000705a00000, 0x0000000705a00000| Untracked 
|  10|0x0000000705c00000, 0x0000000705c00000, 0x0000000705e00000|  0%| F|  |TAMS 0x0000000705c00000, 0x0000000705c00000| Untracked 
|  11|0x0000000705e00000, 0x0000000705e00000, 0x0000000706000000|  0%| F|  |TAMS 0x0000000705e00000, 0x0000000705e00000| Untracked 
|  12|0x0000000706000000, 0x0000000706000000, 0x0000000706200000|  0%| F|  |TAMS 0x0000000706000000, 0x0000000706000000| Untracked 
|  13|0x0000000706200000, 0x0000000706200000, 0x0000000706400000|  0%| F|  |TAMS 0x0000000706200000, 0x0000000706200000| Untracked 
|  14|0x0000000706400000, 0x0000000706400000, 0x0000000706600000|  0%| F|  |TAMS 0x0000000706400000, 0x0000000706400000| Untracked 
|  15|0x0000000706600000, 0x0000000706600000, 0x0000000706800000|  0%| F|  |TAMS 0x0000000706600000, 0x0000000706600000| Untracked 
|  16|0x0000000706800000, 0x0000000706800000, 0x0000000706a00000|  0%| F|  |TAMS 0x0000000706800000, 0x0000000706800000| Untracked 
|  17|0x0000000706a00000, 0x0000000706a00000, 0x0000000706c00000|  0%| F|  |TAMS 0x0000000706a00000, 0x0000000706a00000| Untracked 
|  18|0x0000000706c00000, 0x0000000706c00000, 0x0000000706e00000|  0%| F|  |TAMS 0x0000000706c00000, 0x0000000706c00000| Untracked 
|  19|0x0000000706e00000, 0x0000000706e00000, 0x0000000707000000|  0%| F|  |TAMS 0x0000000706e00000, 0x0000000706e00000| Untracked 
|  20|0x0000000707000000, 0x0000000707000000, 0x0000000707200000|  0%| F|  |TAMS 0x0000000707000000, 0x0000000707000000| Untracked 
|  21|0x0000000707200000, 0x0000000707200000, 0x0000000707400000|  0%| F|  |TAMS 0x0000000707200000, 0x0000000707200000| Untracked 
|  22|0x0000000707400000, 0x0000000707400000, 0x0000000707600000|  0%| F|  |TAMS 0x0000000707400000, 0x0000000707400000| Untracked 
|  23|0x0000000707600000, 0x0000000707600000, 0x0000000707800000|  0%| F|  |TAMS 0x0000000707600000, 0x0000000707600000| Untracked 
|  24|0x0000000707800000, 0x0000000707800000, 0x0000000707a00000|  0%| F|  |TAMS 0x0000000707800000, 0x0000000707800000| Untracked 
|  25|0x0000000707a00000, 0x0000000707a00000, 0x0000000707c00000|  0%| F|  |TAMS 0x0000000707a00000, 0x0000000707a00000| Untracked 
|  26|0x0000000707c00000, 0x0000000707c00000, 0x0000000707e00000|  0%| F|  |TAMS 0x0000000707c00000, 0x0000000707c00000| Untracked 
|  27|0x0000000707e00000, 0x0000000707e00000, 0x0000000708000000|  0%| F|  |TAMS 0x0000000707e00000, 0x0000000707e00000| Untracked 
|  28|0x0000000708000000, 0x0000000708000000, 0x0000000708200000|  0%| F|  |TAMS 0x0000000708000000, 0x0000000708000000| Untracked 
|  29|0x0000000708200000, 0x0000000708200000, 0x0000000708400000|  0%| F|  |TAMS 0x0000000708200000, 0x0000000708200000| Untracked 
|  30|0x0000000708400000, 0x0000000708400000, 0x0000000708600000|  0%| F|  |TAMS 0x0000000708400000, 0x0000000708400000| Untracked 
|  31|0x0000000708600000, 0x0000000708600000, 0x0000000708800000|  0%| F|  |TAMS 0x0000000708600000, 0x0000000708600000| Untracked 
|  32|0x0000000708800000, 0x0000000708800000, 0x0000000708a00000|  0%| F|  |TAMS 0x0000000708800000, 0x0000000708800000| Untracked 
|  33|0x0000000708a00000, 0x0000000708a00000, 0x0000000708c00000|  0%| F|  |TAMS 0x0000000708a00000, 0x0000000708a00000| Untracked 
|  34|0x0000000708c00000, 0x0000000708c00000, 0x0000000708e00000|  0%| F|  |TAMS 0x0000000708c00000, 0x0000000708c00000| Untracked 
|  35|0x0000000708e00000, 0x0000000708e00000, 0x0000000709000000|  0%| F|  |TAMS 0x0000000708e00000, 0x0000000708e00000| Untracked 
|  36|0x0000000709000000, 0x0000000709000000, 0x0000000709200000|  0%| F|  |TAMS 0x0000000709000000, 0x0000000709000000| Untracked 
|  37|0x0000000709200000, 0x0000000709200000, 0x0000000709400000|  0%| F|  |TAMS 0x0000000709200000, 0x0000000709200000| Untracked 
|  38|0x0000000709400000, 0x0000000709400000, 0x0000000709600000|  0%| F|  |TAMS 0x0000000709400000, 0x0000000709400000| Untracked 
|  39|0x0000000709600000, 0x0000000709600000, 0x0000000709800000|  0%| F|  |TAMS 0x0000000709600000, 0x0000000709600000| Untracked 
|  40|0x0000000709800000, 0x0000000709800000, 0x0000000709a00000|  0%| F|  |TAMS 0x0000000709800000, 0x0000000709800000| Untracked 
|  41|0x0000000709a00000, 0x0000000709a00000, 0x0000000709c00000|  0%| F|  |TAMS 0x0000000709a00000, 0x0000000709a00000| Untracked 
|  42|0x0000000709c00000, 0x0000000709c00000, 0x0000000709e00000|  0%| F|  |TAMS 0x0000000709c00000, 0x0000000709c00000| Untracked 
|  43|0x0000000709e00000, 0x0000000709e00000, 0x000000070a000000|  0%| F|  |TAMS 0x0000000709e00000, 0x0000000709e00000| Untracked 
|  44|0x000000070a000000, 0x000000070a000000, 0x000000070a200000|  0%| F|  |TAMS 0x000000070a000000, 0x000000070a000000| Untracked 
|  45|0x000000070a200000, 0x000000070a200000, 0x000000070a400000|  0%| F|  |TAMS 0x000000070a200000, 0x000000070a200000| Untracked 
|  46|0x000000070a400000, 0x000000070a400000, 0x000000070a600000|  0%| F|  |TAMS 0x000000070a400000, 0x000000070a400000| Untracked 
|  47|0x000000070a600000, 0x000000070a600000, 0x000000070a800000|  0%| F|  |TAMS 0x000000070a600000, 0x000000070a600000| Untracked 
|  48|0x000000070a800000, 0x000000070a800000, 0x000000070aa00000|  0%| F|  |TAMS 0x000000070a800000, 0x000000070a800000| Untracked 
|  49|0x000000070aa00000, 0x000000070aa00000, 0x000000070ac00000|  0%| F|  |TAMS 0x000000070aa00000, 0x000000070aa00000| Untracked 
|  50|0x000000070ac00000, 0x000000070ac00000, 0x000000070ae00000|  0%| F|  |TAMS 0x000000070ac00000, 0x000000070ac00000| Untracked 
|  51|0x000000070ae00000, 0x000000070ae00000, 0x000000070b000000|  0%| F|  |TAMS 0x000000070ae00000, 0x000000070ae00000| Untracked 
|  52|0x000000070b000000, 0x000000070b000000, 0x000000070b200000|  0%| F|  |TAMS 0x000000070b000000, 0x000000070b000000| Untracked 
|  53|0x000000070b200000, 0x000000070b200000, 0x000000070b400000|  0%| F|  |TAMS 0x000000070b200000, 0x000000070b200000| Untracked 
|  54|0x000000070b400000, 0x000000070b400000, 0x000000070b600000|  0%| F|  |TAMS 0x000000070b400000, 0x000000070b400000| Untracked 
|  55|0x000000070b600000, 0x000000070b600000, 0x000000070b800000|  0%| F|  |TAMS 0x000000070b600000, 0x000000070b600000| Untracked 
|  56|0x000000070b800000, 0x000000070b800000, 0x000000070ba00000|  0%| F|  |TAMS 0x000000070b800000, 0x000000070b800000| Untracked 
|  57|0x000000070ba00000, 0x000000070ba00000, 0x000000070bc00000|  0%| F|  |TAMS 0x000000070ba00000, 0x000000070ba00000| Untracked 
|  58|0x000000070bc00000, 0x000000070bc00000, 0x000000070be00000|  0%| F|  |TAMS 0x000000070bc00000, 0x000000070bc00000| Untracked 
|  59|0x000000070be00000, 0x000000070be00000, 0x000000070c000000|  0%| F|  |TAMS 0x000000070be00000, 0x000000070be00000| Untracked 
|  60|0x000000070c000000, 0x000000070c000000, 0x000000070c200000|  0%| F|  |TAMS 0x000000070c000000, 0x000000070c000000| Untracked 
|  61|0x000000070c200000, 0x000000070c200000, 0x000000070c400000|  0%| F|  |TAMS 0x000000070c200000, 0x000000070c200000| Untracked 
|  62|0x000000070c400000, 0x000000070c400000, 0x000000070c600000|  0%| F|  |TAMS 0x000000070c400000, 0x000000070c400000| Untracked 
|  63|0x000000070c600000, 0x000000070c600000, 0x000000070c800000|  0%| F|  |TAMS 0x000000070c600000, 0x000000070c600000| Untracked 
|  64|0x000000070c800000, 0x000000070c800000, 0x000000070ca00000|  0%| F|  |TAMS 0x000000070c800000, 0x000000070c800000| Untracked 
|  65|0x000000070ca00000, 0x000000070ca00000, 0x000000070cc00000|  0%| F|  |TAMS 0x000000070ca00000, 0x000000070ca00000| Untracked 
|  66|0x000000070cc00000, 0x000000070cc00000, 0x000000070ce00000|  0%| F|  |TAMS 0x000000070cc00000, 0x000000070cc00000| Untracked 
|  67|0x000000070ce00000, 0x000000070ce00000, 0x000000070d000000|  0%| F|  |TAMS 0x000000070ce00000, 0x000000070ce00000| Untracked 
|  68|0x000000070d000000, 0x000000070d000000, 0x000000070d200000|  0%| F|  |TAMS 0x000000070d000000, 0x000000070d000000| Untracked 
|  69|0x000000070d200000, 0x000000070d200000, 0x000000070d400000|  0%| F|  |TAMS 0x000000070d200000, 0x000000070d200000| Untracked 
|  70|0x000000070d400000, 0x000000070d400000, 0x000000070d600000|  0%| F|  |TAMS 0x000000070d400000, 0x000000070d400000| Untracked 
|  71|0x000000070d600000, 0x000000070d600000, 0x000000070d800000|  0%| F|  |TAMS 0x000000070d600000, 0x000000070d600000| Untracked 
|  72|0x000000070d800000, 0x000000070d800000, 0x000000070da00000|  0%| F|  |TAMS 0x000000070d800000, 0x000000070d800000| Untracked 
|  73|0x000000070da00000, 0x000000070da00000, 0x000000070dc00000|  0%| F|  |TAMS 0x000000070da00000, 0x000000070da00000| Untracked 
|  74|0x000000070dc00000, 0x000000070dc00000, 0x000000070de00000|  0%| F|  |TAMS 0x000000070dc00000, 0x000000070dc00000| Untracked 
|  75|0x000000070de00000, 0x000000070de00000, 0x000000070e000000|  0%| F|  |TAMS 0x000000070de00000, 0x000000070de00000| Untracked 
|  76|0x000000070e000000, 0x000000070e000000, 0x000000070e200000|  0%| F|  |TAMS 0x000000070e000000, 0x000000070e000000| Untracked 
|  77|0x000000070e200000, 0x000000070e200000, 0x000000070e400000|  0%| F|  |TAMS 0x000000070e200000, 0x000000070e200000| Untracked 
|  78|0x000000070e400000, 0x000000070e400000, 0x000000070e600000|  0%| F|  |TAMS 0x000000070e400000, 0x000000070e400000| Untracked 
|  79|0x000000070e600000, 0x000000070e600000, 0x000000070e800000|  0%| F|  |TAMS 0x000000070e600000, 0x000000070e600000| Untracked 
|  80|0x000000070e800000, 0x000000070e800000, 0x000000070ea00000|  0%| F|  |TAMS 0x000000070e800000, 0x000000070e800000| Untracked 
|  81|0x000000070ea00000, 0x000000070ea00000, 0x000000070ec00000|  0%| F|  |TAMS 0x000000070ea00000, 0x000000070ea00000| Untracked 
|  82|0x000000070ec00000, 0x000000070ec00000, 0x000000070ee00000|  0%| F|  |TAMS 0x000000070ec00000, 0x000000070ec00000| Untracked 
|  83|0x000000070ee00000, 0x000000070ee00000, 0x000000070f000000|  0%| F|  |TAMS 0x000000070ee00000, 0x000000070ee00000| Untracked 
|  84|0x000000070f000000, 0x000000070f000000, 0x000000070f200000|  0%| F|  |TAMS 0x000000070f000000, 0x000000070f000000| Untracked 
|  85|0x000000070f200000, 0x000000070f200000, 0x000000070f400000|  0%| F|  |TAMS 0x000000070f200000, 0x000000070f200000| Untracked 
|  86|0x000000070f400000, 0x000000070f400000, 0x000000070f600000|  0%| F|  |TAMS 0x000000070f400000, 0x000000070f400000| Untracked 
|  87|0x000000070f600000, 0x000000070f600000, 0x000000070f800000|  0%| F|  |TAMS 0x000000070f600000, 0x000000070f600000| Untracked 
|  88|0x000000070f800000, 0x000000070f800000, 0x000000070fa00000|  0%| F|  |TAMS 0x000000070f800000, 0x000000070f800000| Untracked 
|  89|0x000000070fa00000, 0x000000070fa00000, 0x000000070fc00000|  0%| F|  |TAMS 0x000000070fa00000, 0x000000070fa00000| Untracked 
|  90|0x000000070fc00000, 0x000000070fc00000, 0x000000070fe00000|  0%| F|  |TAMS 0x000000070fc00000, 0x000000070fc00000| Untracked 
|  91|0x000000070fe00000, 0x000000070fe00000, 0x0000000710000000|  0%| F|  |TAMS 0x000000070fe00000, 0x000000070fe00000| Untracked 
|  92|0x0000000710000000, 0x0000000710000000, 0x0000000710200000|  0%| F|  |TAMS 0x0000000710000000, 0x0000000710000000| Untracked 
|  93|0x0000000710200000, 0x0000000710200000, 0x0000000710400000|  0%| F|  |TAMS 0x0000000710200000, 0x0000000710200000| Untracked 
|  94|0x0000000710400000, 0x0000000710400000, 0x0000000710600000|  0%| F|  |TAMS 0x0000000710400000, 0x0000000710400000| Untracked 
|  95|0x0000000710600000, 0x0000000710600000, 0x0000000710800000|  0%| F|  |TAMS 0x0000000710600000, 0x0000000710600000| Untracked 
|  96|0x0000000710800000, 0x0000000710800000, 0x0000000710a00000|  0%| F|  |TAMS 0x0000000710800000, 0x0000000710800000| Untracked 
|  97|0x0000000710a00000, 0x0000000710a00000, 0x0000000710c00000|  0%| F|  |TAMS 0x0000000710a00000, 0x0000000710a00000| Untracked 
|  98|0x0000000710c00000, 0x0000000710c00000, 0x0000000710e00000|  0%| F|  |TAMS 0x0000000710c00000, 0x0000000710c00000| Untracked 
|  99|0x0000000710e00000, 0x0000000710e00000, 0x0000000711000000|  0%| F|  |TAMS 0x0000000710e00000, 0x0000000710e00000| Untracked 
| 100|0x0000000711000000, 0x0000000711000000, 0x0000000711200000|  0%| F|  |TAMS 0x0000000711000000, 0x0000000711000000| Untracked 
| 101|0x0000000711200000, 0x0000000711200000, 0x0000000711400000|  0%| F|  |TAMS 0x0000000711200000, 0x0000000711200000| Untracked 
| 102|0x0000000711400000, 0x0000000711400000, 0x0000000711600000|  0%| F|  |TAMS 0x0000000711400000, 0x0000000711400000| Untracked 
| 103|0x0000000711600000, 0x0000000711600000, 0x0000000711800000|  0%| F|  |TAMS 0x0000000711600000, 0x0000000711600000| Untracked 
| 104|0x0000000711800000, 0x0000000711800000, 0x0000000711a00000|  0%| F|  |TAMS 0x0000000711800000, 0x0000000711800000| Untracked 
| 105|0x0000000711a00000, 0x0000000711a00000, 0x0000000711c00000|  0%| F|  |TAMS 0x0000000711a00000, 0x0000000711a00000| Untracked 
| 106|0x0000000711c00000, 0x0000000711c00000, 0x0000000711e00000|  0%| F|  |TAMS 0x0000000711c00000, 0x0000000711c00000| Untracked 
| 107|0x0000000711e00000, 0x0000000711e00000, 0x0000000712000000|  0%| F|  |TAMS 0x0000000711e00000, 0x0000000711e00000| Untracked 
| 108|0x0000000712000000, 0x0000000712000000, 0x0000000712200000|  0%| F|  |TAMS 0x0000000712000000, 0x0000000712000000| Untracked 
| 109|0x0000000712200000, 0x0000000712200000, 0x0000000712400000|  0%| F|  |TAMS 0x0000000712200000, 0x0000000712200000| Untracked 
| 110|0x0000000712400000, 0x0000000712400000, 0x0000000712600000|  0%| F|  |TAMS 0x0000000712400000, 0x0000000712400000| Untracked 
| 111|0x0000000712600000, 0x0000000712600000, 0x0000000712800000|  0%| F|  |TAMS 0x0000000712600000, 0x0000000712600000| Untracked 
| 112|0x0000000712800000, 0x0000000712800000, 0x0000000712a00000|  0%| F|  |TAMS 0x0000000712800000, 0x0000000712800000| Untracked 
| 113|0x0000000712a00000, 0x0000000712a00000, 0x0000000712c00000|  0%| F|  |TAMS 0x0000000712a00000, 0x0000000712a00000| Untracked 
| 114|0x0000000712c00000, 0x0000000712c00000, 0x0000000712e00000|  0%| F|  |TAMS 0x0000000712c00000, 0x0000000712c00000| Untracked 
| 115|0x0000000712e00000, 0x0000000712e00000, 0x0000000713000000|  0%| F|  |TAMS 0x0000000712e00000, 0x0000000712e00000| Untracked 
| 116|0x0000000713000000, 0x0000000713000000, 0x0000000713200000|  0%| F|  |TAMS 0x0000000713000000, 0x0000000713000000| Untracked 
| 117|0x0000000713200000, 0x0000000713200000, 0x0000000713400000|  0%| F|  |TAMS 0x0000000713200000, 0x0000000713200000| Untracked 
| 118|0x0000000713400000, 0x0000000713400000, 0x0000000713600000|  0%| F|  |TAMS 0x0000000713400000, 0x0000000713400000| Untracked 
| 119|0x0000000713600000, 0x0000000713600000, 0x0000000713800000|  0%| F|  |TAMS 0x0000000713600000, 0x0000000713600000| Untracked 
| 120|0x0000000713800000, 0x0000000713800000, 0x0000000713a00000|  0%| F|  |TAMS 0x0000000713800000, 0x0000000713800000| Untracked 
| 121|0x0000000713a00000, 0x0000000713a00000, 0x0000000713c00000|  0%| F|  |TAMS 0x0000000713a00000, 0x0000000713a00000| Untracked 
| 122|0x0000000713c00000, 0x0000000713c00000, 0x0000000713e00000|  0%| F|  |TAMS 0x0000000713c00000, 0x0000000713c00000| Untracked 
| 123|0x0000000713e00000, 0x0000000713e00000, 0x0000000714000000|  0%| F|  |TAMS 0x0000000713e00000, 0x0000000713e00000| Untracked 
| 124|0x0000000714000000, 0x0000000714000000, 0x0000000714200000|  0%| F|  |TAMS 0x0000000714000000, 0x0000000714000000| Untracked 
| 125|0x0000000714200000, 0x00000007142e15a8, 0x0000000714400000| 44%| E|  |TAMS 0x0000000714200000, 0x0000000714200000| Complete 

Card table byte_map: [0x0000019b3b5f0000,0x0000019b3bdd0000] _byte_map_base: 0x0000019b37dcc000

Marking Bits (Prev, Next): (CMBitMap*) 0x0000019b27c6cb70, (CMBitMap*) 0x0000019b27c6cbb0
 Prev Bits: [0x0000019b3c5b0000, 0x0000019b40490000)
 Next Bits: [0x0000019b40490000, 0x0000019b44370000)

Polling page: 0x0000019b25b60000

Metaspace:

Usage:
  Non-class:      2.02 MB used.
      Class:    181.74 KB used.
       Both:      2.20 MB used.

Virtual space:
  Non-class space:        8.00 MB reserved,       2.06 MB ( 26%) committed,  1 nodes.
      Class space:        1.00 GB reserved,     192.00 KB ( <1%) committed,  1 nodes.
             Both:        1.01 GB reserved,       2.25 MB ( <1%) committed. 

Chunk freelists:
   Non-Class:  0 bytes
       Class:  3.75 MB
        Both:  3.75 MB

MaxMetaspaceSize: unlimited
CompressedClassSpaceSize: 1.00 GB
Initial GC threshold: 21.00 MB
Current GC threshold: 17179869184.00 GB
CDS: off
MetaspaceReclaimPolicy: balanced
 - commit_granule_bytes: 65536.
 - commit_granule_words: 8192.
 - virtual_space_node_default_size: 1048576.
 - enlarge_chunks_in_place: 1.
 - new_chunks_are_fully_committed: 0.
 - uncommit_free_chunks: 1.
 - use_allocation_guard: 0.
 - handle_deallocations: 1.


Internal statistics:

num_allocs_failed_limit: 0.
num_arena_births: 2.
num_arena_deaths: 0.
num_vsnodes_births: 2.
num_vsnodes_deaths: 0.
num_space_committed: 36.
num_space_uncommitted: 0.
num_chunks_returned_to_freelist: 0.
num_chunks_taken_from_freelist: 3.
num_chunk_merges: 0.
num_chunk_splits: 1.
num_chunks_enlarged: 0.
num_purges: 0.
num_inconsistent_stats: 0.

CodeHeap 'non-profiled nmethods': size=119168Kb used=0Kb max_used=0Kb free=119168Kb
 bounds [0x0000019b32f00000, 0x0000019b33170000, 0x0000019b3a360000]
CodeHeap 'profiled nmethods': size=119104Kb used=0Kb max_used=0Kb free=119104Kb
 bounds [0x0000019b2b360000, 0x0000019b2b5d0000, 0x0000019b327b0000]
CodeHeap 'non-nmethods': size=7488Kb used=373Kb max_used=373Kb free=7114Kb
 bounds [0x0000019b327b0000, 0x0000019b32a20000, 0x0000019b32f00000]
 total_blobs=163 nmethods=0 adapters=136
 compilation: enabled
              stopped_count=0, restarted_count=0
 full_count=0

Compilation events (0 events):
No events

GC Heap History (0 events):
No events

Dll operation events (1 events):
Event: 0.008 Loaded shared library D:\software\DevEcoStudio\DevEco Studio\jbr\bin\java.dll

Deoptimization events (0 events):
No events

Classes unloaded (0 events):
No events

Classes redefined (0 events):
No events

Internal exceptions (0 events):
No events

VM Operations (0 events):
No events

Events (20 events):
Event: 0.067 loading class sun/nio/cs/GBK done
Event: 0.067 loading class java/lang/Class$ReflectionData
Event: 0.067 loading class java/lang/Class$ReflectionData done
Event: 0.067 loading class java/lang/Class$Atomic
Event: 0.067 loading class java/lang/Class$Atomic done
Event: 0.067 loading class java/lang/Class$1
Event: 0.067 loading class java/lang/Class$1 done
Event: 0.067 loading class java/lang/reflect/Modifier
Event: 0.067 loading class java/lang/reflect/Modifier done
Event: 0.067 loading class jdk/internal/reflect/DelegatingConstructorAccessorImpl
Event: 0.067 loading class jdk/internal/reflect/DelegatingConstructorAccessorImpl done
Event: 0.067 loading class sun/nio/cs/DoubleByte$Decoder
Event: 0.067 loading class sun/nio/cs/DelegatableDecoder
Event: 0.067 loading class sun/nio/cs/DelegatableDecoder done
Event: 0.067 loading class sun/nio/cs/ArrayDecoder
Event: 0.067 loading class sun/nio/cs/ArrayDecoder done
Event: 0.067 loading class java/nio/charset/CharsetDecoder
Event: 0.067 loading class java/nio/charset/CharsetDecoder done
Event: 0.067 loading class sun/nio/cs/DoubleByte$Decoder done
Event: 0.068 loading class sun/nio/cs/GBK$DecodeHolder


Dynamic libraries:
0x00007ff78aee0000 - 0x00007ff78aeea000 	D:\software\DevEcoStudio\DevEco Studio\jbr\bin\java.exe
0x00007ffa5ae70000 - 0x00007ffa5b087000 	C:\windows\SYSTEM32\ntdll.dll
0x00007ffa597f0000 - 0x00007ffa598b4000 	C:\windows\System32\KERNEL32.DLL
0x00007ffa582e0000 - 0x00007ffa58687000 	C:\windows\System32\KERNELBASE.dll
0x00007ffa58a80000 - 0x00007ffa58b91000 	C:\windows\System32\ucrtbase.dll
0x00007ffa38250000 - 0x00007ffa38267000 	D:\software\DevEcoStudio\DevEco Studio\jbr\bin\jli.dll
0x00007ffa37980000 - 0x00007ffa3799b000 	D:\software\DevEcoStudio\DevEco Studio\jbr\bin\VCRUNTIME140.dll
0x00007ffa5a830000 - 0x00007ffa5a9de000 	C:\windows\System32\USER32.dll
0x00007ffa350b0000 - 0x00007ffa35343000 	C:\windows\WinSxS\amd64_microsoft.windows.common-controls_6595b64144ccf1df_6.0.22621.3527_none_270e469b73872a76\COMCTL32.dll
0x00007ffa582b0000 - 0x00007ffa582d6000 	C:\windows\System32\win32u.dll
0x00007ffa5a680000 - 0x00007ffa5a727000 	C:\windows\System32\msvcrt.dll
0x00007ffa59c40000 - 0x00007ffa59c69000 	C:\windows\System32\GDI32.dll
0x00007ffa58190000 - 0x00007ffa582a9000 	C:\windows\System32\gdi32full.dll
0x00007ffa588a0000 - 0x00007ffa5893a000 	C:\windows\System32\msvcp_win.dll
0x00007ffa58ba0000 - 0x00007ffa58bd1000 	C:\windows\System32\IMM32.DLL
0x00007ffa4db30000 - 0x00007ffa4db3c000 	D:\software\DevEcoStudio\DevEco Studio\jbr\bin\vcruntime140_1.dll
0x00007ffa0af30000 - 0x00007ffa0afbd000 	D:\software\DevEcoStudio\DevEco Studio\jbr\bin\msvcp140.dll
0x00007ff986360000 - 0x00007ff986fcd000 	D:\software\DevEcoStudio\DevEco Studio\jbr\bin\server\jvm.dll
0x00007ffa5a9e0000 - 0x00007ffa5aa92000 	C:\windows\System32\ADVAPI32.dll
0x00007ffa59130000 - 0x00007ffa591d8000 	C:\windows\System32\sechost.dll
0x00007ffa58690000 - 0x00007ffa586b8000 	C:\windows\System32\bcrypt.dll
0x00007ffa59280000 - 0x00007ffa59395000 	C:\windows\System32\RPCRT4.dll
0x00007ffa36170000 - 0x00007ffa36179000 	C:\windows\SYSTEM32\WSOCK32.dll
0x00007ffa4ce30000 - 0x00007ffa4ce64000 	C:\windows\SYSTEM32\WINMM.dll
0x00007ffa425e0000 - 0x00007ffa425ea000 	C:\windows\SYSTEM32\VERSION.dll
0x00007ffa5acc0000 - 0x00007ffa5ad31000 	C:\windows\System32\WS2_32.dll
0x00007ffa57200000 - 0x00007ffa57218000 	C:\windows\SYSTEM32\kernel.appcore.dll
0x00007ffa307d0000 - 0x00007ffa307da000 	D:\software\DevEcoStudio\DevEco Studio\jbr\bin\jimage.dll
0x00007ffa55340000 - 0x00007ffa55572000 	C:\windows\SYSTEM32\DBGHELP.DLL
0x00007ffa593a0000 - 0x00007ffa59728000 	C:\windows\System32\combase.dll
0x00007ffa5ad40000 - 0x00007ffa5ae17000 	C:\windows\System32\OLEAUT32.dll
0x00007ffa3f260000 - 0x00007ffa3f292000 	C:\windows\SYSTEM32\dbgcore.DLL
0x00007ffa58a00000 - 0x00007ffa58a79000 	C:\windows\System32\bcryptPrimitives.dll
0x00007ffa0cb70000 - 0x00007ffa0cb95000 	D:\software\DevEcoStudio\DevEco Studio\jbr\bin\java.dll
0x00007ffa0cdb0000 - 0x00007ffa0cdc8000 	D:\software\DevEcoStudio\DevEco Studio\jbr\bin\zip.dll
0x00007ffa59e20000 - 0x00007ffa5a67c000 	C:\windows\System32\SHELL32.dll
0x00007ffa56090000 - 0x00007ffa56986000 	C:\windows\SYSTEM32\windows.storage.dll
0x00007ffa55f50000 - 0x00007ffa5608e000 	C:\windows\SYSTEM32\wintypes.dll
0x00007ffa59ab0000 - 0x00007ffa59ba5000 	C:\windows\System32\SHCORE.dll
0x00007ffa5aaa0000 - 0x00007ffa5aafe000 	C:\windows\System32\shlwapi.dll
0x00007ffa580c0000 - 0x00007ffa580e1000 	C:\windows\SYSTEM32\profapi.dll

dbghelp: loaded successfully - version: 4.0.5 - missing functions: none
symbol engine: initialized successfully - sym options: 0x614 - pdb path: .;D:\software\DevEcoStudio\DevEco Studio\jbr\bin;C:\windows\SYSTEM32;C:\windows\WinSxS\amd64_microsoft.windows.common-controls_6595b64144ccf1df_6.0.22621.3527_none_270e469b73872a76;D:\software\DevEcoStudio\DevEco Studio\jbr\bin\server

VM Arguments:
java_command: D:\software\DevEcoStudio\HarmonyOS SDK\HarmonyOS-NEXT-DP2\base\toolchains\lib\hap-sign-tool.jar verify-profile -inFile C:\Users\knapp\.ohos\config\default_SseHarmonyOS_A8Vm0EdJUb6tqFM8iNvJzGTs9egRV2-DhpQBZKlXJeg=.p7b -outFile E:\workspace\HarmonyOS\SseHarmonyOS\entry\build\default\intermediates\default\temp\signConfigCheckJson.json
java_class_path (initial): D:\software\DevEcoStudio\HarmonyOS SDK\HarmonyOS-NEXT-DP2\base\toolchains\lib\hap-sign-tool.jar
Launcher Type: SUN_STANDARD

[Global flags]
     intx CICompilerCount                          = 12                                        {product} {ergonomic}
     uint ConcGCThreads                            = 4                                         {product} {ergonomic}
     uint G1ConcRefinementThreads                  = 15                                        {product} {ergonomic}
   size_t G1HeapRegionSize                         = 2097152                                   {product} {ergonomic}
    uintx GCDrainStackTargetSize                   = 64                                        {product} {ergonomic}
   size_t InitialHeapSize                          = 264241152                                 {product} {ergonomic}
   size_t MarkStackSize                            = 4194304                                   {product} {ergonomic}
   size_t MaxHeapSize                              = 4219469824                                {product} {ergonomic}
   size_t MaxNewSize                               = 2531262464                                {product} {ergonomic}
   size_t MinHeapDeltaBytes                        = 2097152                                   {product} {ergonomic}
   size_t MinHeapSize                              = 8388608                                   {product} {ergonomic}
    uintx NonNMethodCodeHeapSize                   = 7602480                                {pd product} {ergonomic}
    uintx NonProfiledCodeHeapSize                  = 122027880                              {pd product} {ergonomic}
    uintx ProfiledCodeHeapSize                     = 122027880                              {pd product} {ergonomic}
    uintx ReservedCodeCacheSize                    = 251658240                              {pd product} {ergonomic}
     bool SegmentedCodeCache                       = true                                      {product} {ergonomic}
   size_t SoftMaxHeapSize                          = 4219469824                             {manageable} {ergonomic}
     bool UseCompressedClassPointers               = true                           {product lp64_product} {ergonomic}
     bool UseCompressedOops                        = true                           {product lp64_product} {ergonomic}
     bool UseG1GC                                  = true                                      {product} {ergonomic}
     bool UseLargePagesIndividualAllocation        = false                                  {pd product} {ergonomic}

Logging:
Log output configuration:
 #0: stdout all=warning uptime,level,tags
 #1: stderr all=off uptime,level,tags

Environment Variables:
JAVA_HOME=D:\software\DevEcoStudio\DevEco Studio\jbr
PATH=D:\software\NoodJS;D:\software\DevEcoStudio\DevEco Studio\jbr\bin;C:\windows\system32;C:\windows;C:\windows\System32\Wbem;C:\windows\System32\WindowsPowerShell\v1.0\;C:\windows\System32\OpenSSH\;D:\software\Git\cmd;D:\python\python3.10;D:\python\Allure\allure-2.24.0\bin;D:\software\Jmeter\apache-jmeter-5.6.2\bin;E:\workspace\tool\xshell\;E:\workspace\tool\xftp\;D:\software\DevEcoStudio\HarmonyOS SDK\HarmonyOS-NEXT-DP2\base\toolchains;D:\python\python3.10\Scripts\;D:\python\python3.10\;C:\Users\knapp\AppData\Local\Microsoft\WindowsApps;D:\test\java\bin;D:\python\pycharm\PyCharm Community Edition 2023.1\bin;;D:\software\AndroidSDK\platform-tools;D:\python\Allure\allure-2.24.0\bin;D:\software\Jmeter\apache-jmeter-5.6.2\bin;D:\software\Intellij IDEA\IntelliJ IDEA Community Edition 2023.2.3\bin;;D:\software\DevEcoStudio\DevEco Studio\bin;;D:\software\NoodJS;
USERNAME=knapp
OS=Windows_NT
PROCESSOR_IDENTIFIER=Intel64 Family 6 Model 186 Stepping 2, GenuineIntel
TMP=C:\Users\knapp\AppData\Local\Temp
TEMP=C:\Users\knapp\AppData\Local\Temp



---------------  S Y S T E M  ---------------

OS:
 Windows 11 , 64 bit Build 22621 (10.0.22621.3527)
OS uptime: 2 days 3:40 hours
Hyper-V role detected

CPU: total 20 (initial active 20) (10 cores per cpu, 2 threads per core) family 6 model 186 stepping 2 microcode 0x4114, cx8, cmov, fxsr, ht, mmx, 3dnowpref, sse, sse2, sse3, ssse3, sse4.1, sse4.2, popcnt, lzcnt, tsc, tscinvbit, avx, avx2, aes, erms, clmul, bmi1, bmi2, adx, sha, fma, vzeroupper, clflush, clflushopt, clwb, hv

Memory: 4k page, system-wide physical 16095M (1129M free)
TotalPageFile size 33353M (AvailPageFile size 3M)
current process WorkingSet (physical memory assigned to process): 23M, peak: 23M
current process commit charge ("private bytes"): 342M, peak: 342M

vm_info: OpenJDK 64-Bit Server VM (17.0.6+10-b829.5) for windows-amd64 JRE (17.0.6+10-b829.5), built on 2023-02-24 by "builduser" with MS VC++ 16.10 / 16.11 (VS2019)

END.
