#
# There is insufficient memory for the Java Runtime Environment to continue.
# Native memory allocation (malloc) failed to allocate 1096976 bytes for Chunk::new
# Possible reasons:
#   The system is out of physical RAM or swap space
#   The process is running with CompressedOops enabled, and the Java Heap may be blocking the growth of the native heap
# Possible solutions:
#   Reduce memory load on the system
#   Increase physical memory or swap space
#   Check if swap backing store is full
#   Decrease Java heap size (-Xmx/-Xms)
#   Decrease number of Java threads
#   Decrease Java thread stack sizes (-Xss)
#   Set larger code cache with -XX:ReservedCodeCacheSize=
#   JVM is running with Zero Based Compressed Oops mode in which the Java heap is
#     placed in the first 32GB address space. The Java Heap base address is the
#     maximum limit for the native heap growth. Please use -XX:HeapBaseMinAddress
#     to set the Java Heap base and to place the Java Heap above 32GB virtual address.
# This output file may be truncated or incomplete.
#
#  Out of Memory Error (arena.cpp:189), pid=19000, tid=3264
#
# JRE version: OpenJDK Runtime Environment JBR-17.0.6+10-829.5-jcef (17.0.6+10) (build 17.0.6+10-b829.5)
# Java VM: OpenJDK 64-Bit Server VM JBR-17.0.6+10-829.5-jcef (17.0.6+10-b829.5, mixed mode, tiered, compressed oops, compressed class ptrs, g1 gc, windows-amd64)
# No core dump will be written. Minidumps are not enabled by default on client versions of Windows
#

---------------  S U M M A R Y ------------

Command Line: D:\software\DevEcoStudio\HarmonyOS SDK\HarmonyOS-NEXT-DP2\base\toolchains\lib\hap-sign-tool.jar verify-profile -inFile C:\Users\knapp\.ohos\config\default_SseHarmonyOS_A8Vm0EdJUb6tqFM8iNvJzGTs9egRV2-DhpQBZKlXJeg=.p7b -outFile E:\workspace\HarmonyOS\SseHarmonyOS\entry\build\default\intermediates\default\temp\signConfigCheckJson.json

Host: 13th Gen Intel(R) Core(TM) i7-13700H, 20 cores, 15G,  Windows 11 , 64 bit Build 22621 (10.0.22621.3527)
Time: Tue Jun  4 10:18:52 2024  Windows 11 , 64 bit Build 22621 (10.0.22621.3527) elapsed time: 0.683071 seconds (0d 0h 0m 0s)

---------------  T H R E A D  ---------------

Current thread (0x000001d4491a6360):  JavaThread "C2 CompilerThread0" daemon [_thread_in_native, id=3264, stack(0x000000a998500000,0x000000a998600000)]


Current CompileTask:
C2:    683 1363       4       jdk.internal.org.objectweb.asm.Frame::execute (2305 bytes)

Stack: [0x000000a998500000,0x000000a998600000]
Native frames: (J=compiled Java code, j=interpreted, Vv=VM code, C=native code)
V  [jvm.dll+0x683b4a]
V  [jvm.dll+0x842654]
V  [jvm.dll+0x843dfe]
V  [jvm.dll+0x844463]
V  [jvm.dll+0x249b75]
V  [jvm.dll+0xabcac]
V  [jvm.dll+0xac27c]
V  [jvm.dll+0x2b0eef]
V  [jvm.dll+0x58a207]
V  [jvm.dll+0x2243b2]
V  [jvm.dll+0x22478f]
V  [jvm.dll+0x21e055]
V  [jvm.dll+0x21b51b]
V  [jvm.dll+0x1a4fdd]
V  [jvm.dll+0x22b098]
V  [jvm.dll+0x229159]
V  [jvm.dll+0x7f809c]
V  [jvm.dll+0x7f25fa]
V  [jvm.dll+0x682985]
C  [ucrtbase.dll+0x29333]
C  [KERNEL32.DLL+0x1257d]
C  [ntdll.dll+0x5aa48]


---------------  P R O C E S S  ---------------

Threads class SMR info:
_java_thread_list=0x000001d44a3f74f0, length=15, elements={
0x000001d42773ef50, 0x000001d448908d40, 0x000001d448909ac0, 0x000001d44917d550,
0x000001d4491a0f60, 0x000001d4491a4aa0, 0x000001d4491a5360, 0x000001d4491a6360,
0x000001d4491a76d0, 0x000001d4491ab060, 0x000001d4491a71c0, 0x000001d4491aa460,
0x000001d44932d790, 0x000001d4493346f0, 0x000001d44a50c9b0
}

Java Threads: ( => current thread )
  0x000001d42773ef50 JavaThread "main" [_thread_in_vm, id=7360, stack(0x000000a997800000,0x000000a997900000)]
  0x000001d448908d40 JavaThread "Reference Handler" daemon [_thread_blocked, id=7316, stack(0x000000a997f00000,0x000000a998000000)]
  0x000001d448909ac0 JavaThread "Finalizer" daemon [_thread_blocked, id=26868, stack(0x000000a998000000,0x000000a998100000)]
  0x000001d44917d550 JavaThread "Signal Dispatcher" daemon [_thread_blocked, id=13920, stack(0x000000a998100000,0x000000a998200000)]
  0x000001d4491a0f60 JavaThread "Attach Listener" daemon [_thread_blocked, id=18788, stack(0x000000a998200000,0x000000a998300000)]
  0x000001d4491a4aa0 JavaThread "Service Thread" daemon [_thread_blocked, id=10456, stack(0x000000a998300000,0x000000a998400000)]
  0x000001d4491a5360 JavaThread "Monitor Deflation Thread" daemon [_thread_blocked, id=21824, stack(0x000000a998400000,0x000000a998500000)]
=>0x000001d4491a6360 JavaThread "C2 CompilerThread0" daemon [_thread_in_native, id=3264, stack(0x000000a998500000,0x000000a998600000)]
  0x000001d4491a76d0 JavaThread "C1 CompilerThread0" daemon [_thread_blocked, id=2996, stack(0x000000a998600000,0x000000a998700000)]
  0x000001d4491ab060 JavaThread "Sweeper thread" daemon [_thread_blocked, id=18412, stack(0x000000a998700000,0x000000a998800000)]
  0x000001d4491a71c0 JavaThread "C1 CompilerThread1" daemon [_thread_blocked, id=23384, stack(0x000000a998800000,0x000000a998900000)]
  0x000001d4491aa460 JavaThread "C1 CompilerThread2" daemon [_thread_in_vm, id=26844, stack(0x000000a998900000,0x000000a998a00000)]
  0x000001d44932d790 JavaThread "Notification Thread" daemon [_thread_blocked, id=12612, stack(0x000000a998a00000,0x000000a998b00000)]
  0x000001d4493346f0 JavaThread "Common-Cleaner" daemon [_thread_blocked, id=11980, stack(0x000000a998c00000,0x000000a998d00000)]
  0x000001d44a50c9b0 JavaThread "Log4j2-TF-1-Scheduled-1" daemon [_thread_blocked, id=16936, stack(0x000000a998d00000,0x000000a998e00000)]

Other Threads:
  0x000001d44891d6a0 VMThread "VM Thread" [stack: 0x000000a997e00000,0x000000a997f00000] [id=20268]
  0x000001d4277e6a90 WatcherThread [stack: 0x000000a998b00000,0x000000a998c00000] [id=10844]
  0x000001d4277ae680 GCTaskThread "GC Thread#0" [stack: 0x000000a997900000,0x000000a997a00000] [id=21084]
  0x000001d44b6b0750 GCTaskThread "GC Thread#1" [stack: 0x000000a998e00000,0x000000a998f00000] [id=17868]
  0x000001d44b6b0e10 GCTaskThread "GC Thread#2" [stack: 0x000000a998f00000,0x000000a999000000] [id=21868]
  0x000001d44b6b10c0 GCTaskThread "GC Thread#3" [stack: 0x000000a999000000,0x000000a999100000] [id=25500]
  0x000001d44b7c9da0 GCTaskThread "GC Thread#4" [stack: 0x000000a999100000,0x000000a999200000] [id=18484]
  0x000001d44b6b1f90 GCTaskThread "GC Thread#5" [stack: 0x000000a999200000,0x000000a999300000] [id=11056]
  0x000001d44b9808f0 GCTaskThread "GC Thread#6" [stack: 0x000000a999300000,0x000000a999400000] [id=14096]
  0x000001d44b980ba0 GCTaskThread "GC Thread#7" [stack: 0x000000a999400000,0x000000a999500000] [id=15804]
  0x000001d4277c1060 ConcurrentGCThread "G1 Main Marker" [stack: 0x000000a997a00000,0x000000a997b00000] [id=22392]
  0x000001d4277c2120 ConcurrentGCThread "G1 Conc#0" [stack: 0x000000a997b00000,0x000000a997c00000] [id=8724]
  0x000001d4277fe990 ConcurrentGCThread "G1 Refine#0" [stack: 0x000000a997c00000,0x000000a997d00000] [id=28488]
  0x000001d4487fddf0 ConcurrentGCThread "G1 Service" [stack: 0x000000a997d00000,0x000000a997e00000] [id=9744]

Threads with active compile tasks:
C2 CompilerThread0      700 1363       4       jdk.internal.org.objectweb.asm.Frame::execute (2305 bytes)
C1 CompilerThread0      700 1500       3       java.lang.Integer::parseInt (264 bytes)

VM state: not at safepoint (normal execution)

VM Mutex/Monitor currently owned by a thread: None

Heap address: 0x0000000704800000, size: 4024 MB, Compressed Oops mode: Zero based, Oop shift amount: 3

CDS archive(s) not mapped
Compressed class space mapped at: 0x0000000800000000-0x0000000840000000, reserved size: 1073741824
Narrow klass base: 0x0000000800000000, Narrow klass shift: 0, Narrow klass range: 0x40000000

GC Precious Log:
 CPUs: 20 total, 20 available
 Memory: 16095M
 Large Page Support: Disabled
 NUMA Support: Disabled
 Compressed Oops: Enabled (Zero based)
 Heap Region Size: 2M
 Heap Min Capacity: 8M
 Heap Initial Capacity: 252M
 Heap Max Capacity: 4024M
 Pre-touch: Disabled
 Parallel Workers: 15
 Concurrent Workers: 4
 Concurrent Refinement Workers: 15
 Periodic GC: Disabled

Heap:
 garbage-first heap   total 258048K, used 6484K [0x0000000704800000, 0x0000000800000000)
  region size 2048K, 4 young (8192K), 2 survivors (4096K)
 Metaspace       used 18352K, committed 18624K, reserved 1073152K
  class space    used 1985K, committed 2112K, reserved 1048576K

Heap Regions: E=young(eden), S=young(survivor), O=old, HS=humongous(starts), HC=humongous(continues), CS=collection set, F=free, OA=open archive, CA=closed archive, TAMS=top-at-mark-start (previous, next)
|   0|0x0000000704800000, 0x0000000704855000, 0x0000000704a00000| 16%| O|  |TAMS 0x0000000704800000, 0x0000000704800000| Untracked 
|   1|0x0000000704a00000, 0x0000000704a00000, 0x0000000704c00000|  0%| F|  |TAMS 0x0000000704a00000, 0x0000000704a00000| Untracked 
|   2|0x0000000704c00000, 0x0000000704c00000, 0x0000000704e00000|  0%| F|  |TAMS 0x0000000704c00000, 0x0000000704c00000| Untracked 
|   3|0x0000000704e00000, 0x0000000704e00000, 0x0000000705000000|  0%| F|  |TAMS 0x0000000704e00000, 0x0000000704e00000| Untracked 
|   4|0x0000000705000000, 0x0000000705000000, 0x0000000705200000|  0%| F|  |TAMS 0x0000000705000000, 0x0000000705000000| Untracked 
|   5|0x0000000705200000, 0x0000000705200000, 0x0000000705400000|  0%| F|  |TAMS 0x0000000705200000, 0x0000000705200000| Untracked 
|   6|0x0000000705400000, 0x0000000705400000, 0x0000000705600000|  0%| F|  |TAMS 0x0000000705400000, 0x0000000705400000| Untracked 
|   7|0x0000000705600000, 0x0000000705600000, 0x0000000705800000|  0%| F|  |TAMS 0x0000000705600000, 0x0000000705600000| Untracked 
|   8|0x0000000705800000, 0x0000000705800000, 0x0000000705a00000|  0%| F|  |TAMS 0x0000000705800000, 0x0000000705800000| Untracked 
|   9|0x0000000705a00000, 0x0000000705a00000, 0x0000000705c00000|  0%| F|  |TAMS 0x0000000705a00000, 0x0000000705a00000| Untracked 
|  10|0x0000000705c00000, 0x0000000705c00000, 0x0000000705e00000|  0%| F|  |TAMS 0x0000000705c00000, 0x0000000705c00000| Untracked 
|  11|0x0000000705e00000, 0x0000000705e00000, 0x0000000706000000|  0%| F|  |TAMS 0x0000000705e00000, 0x0000000705e00000| Untracked 
|  12|0x0000000706000000, 0x0000000706000000, 0x0000000706200000|  0%| F|  |TAMS 0x0000000706000000, 0x0000000706000000| Untracked 
|  13|0x0000000706200000, 0x0000000706200000, 0x0000000706400000|  0%| F|  |TAMS 0x0000000706200000, 0x0000000706200000| Untracked 
|  14|0x0000000706400000, 0x0000000706400000, 0x0000000706600000|  0%| F|  |TAMS 0x0000000706400000, 0x0000000706400000| Untracked 
|  15|0x0000000706600000, 0x0000000706600000, 0x0000000706800000|  0%| F|  |TAMS 0x0000000706600000, 0x0000000706600000| Untracked 
|  16|0x0000000706800000, 0x0000000706800000, 0x0000000706a00000|  0%| F|  |TAMS 0x0000000706800000, 0x0000000706800000| Untracked 
|  17|0x0000000706a00000, 0x0000000706a00000, 0x0000000706c00000|  0%| F|  |TAMS 0x0000000706a00000, 0x0000000706a00000| Untracked 
|  18|0x0000000706c00000, 0x0000000706c00000, 0x0000000706e00000|  0%| F|  |TAMS 0x0000000706c00000, 0x0000000706c00000| Untracked 
|  19|0x0000000706e00000, 0x0000000706e00000, 0x0000000707000000|  0%| F|  |TAMS 0x0000000706e00000, 0x0000000706e00000| Untracked 
|  20|0x0000000707000000, 0x0000000707000000, 0x0000000707200000|  0%| F|  |TAMS 0x0000000707000000, 0x0000000707000000| Untracked 
|  21|0x0000000707200000, 0x0000000707200000, 0x0000000707400000|  0%| F|  |TAMS 0x0000000707200000, 0x0000000707200000| Untracked 
|  22|0x0000000707400000, 0x0000000707400000, 0x0000000707600000|  0%| F|  |TAMS 0x0000000707400000, 0x0000000707400000| Untracked 
|  23|0x0000000707600000, 0x0000000707600000, 0x0000000707800000|  0%| F|  |TAMS 0x0000000707600000, 0x0000000707600000| Untracked 
|  24|0x0000000707800000, 0x0000000707800000, 0x0000000707a00000|  0%| F|  |TAMS 0x0000000707800000, 0x0000000707800000| Untracked 
|  25|0x0000000707a00000, 0x0000000707a00000, 0x0000000707c00000|  0%| F|  |TAMS 0x0000000707a00000, 0x0000000707a00000| Untracked 
|  26|0x0000000707c00000, 0x0000000707c00000, 0x0000000707e00000|  0%| F|  |TAMS 0x0000000707c00000, 0x0000000707c00000| Untracked 
|  27|0x0000000707e00000, 0x0000000707e00000, 0x0000000708000000|  0%| F|  |TAMS 0x0000000707e00000, 0x0000000707e00000| Untracked 
|  28|0x0000000708000000, 0x0000000708000000, 0x0000000708200000|  0%| F|  |TAMS 0x0000000708000000, 0x0000000708000000| Untracked 
|  29|0x0000000708200000, 0x0000000708200000, 0x0000000708400000|  0%| F|  |TAMS 0x0000000708200000, 0x0000000708200000| Untracked 
|  30|0x0000000708400000, 0x0000000708400000, 0x0000000708600000|  0%| F|  |TAMS 0x0000000708400000, 0x0000000708400000| Untracked 
|  31|0x0000000708600000, 0x0000000708600000, 0x0000000708800000|  0%| F|  |TAMS 0x0000000708600000, 0x0000000708600000| Untracked 
|  32|0x0000000708800000, 0x0000000708800000, 0x0000000708a00000|  0%| F|  |TAMS 0x0000000708800000, 0x0000000708800000| Untracked 
|  33|0x0000000708a00000, 0x0000000708a00000, 0x0000000708c00000|  0%| F|  |TAMS 0x0000000708a00000, 0x0000000708a00000| Untracked 
|  34|0x0000000708c00000, 0x0000000708c00000, 0x0000000708e00000|  0%| F|  |TAMS 0x0000000708c00000, 0x0000000708c00000| Untracked 
|  35|0x0000000708e00000, 0x0000000708e00000, 0x0000000709000000|  0%| F|  |TAMS 0x0000000708e00000, 0x0000000708e00000| Untracked 
|  36|0x0000000709000000, 0x0000000709000000, 0x0000000709200000|  0%| F|  |TAMS 0x0000000709000000, 0x0000000709000000| Untracked 
|  37|0x0000000709200000, 0x0000000709200000, 0x0000000709400000|  0%| F|  |TAMS 0x0000000709200000, 0x0000000709200000| Untracked 
|  38|0x0000000709400000, 0x0000000709400000, 0x0000000709600000|  0%| F|  |TAMS 0x0000000709400000, 0x0000000709400000| Untracked 
|  39|0x0000000709600000, 0x0000000709600000, 0x0000000709800000|  0%| F|  |TAMS 0x0000000709600000, 0x0000000709600000| Untracked 
|  40|0x0000000709800000, 0x0000000709800000, 0x0000000709a00000|  0%| F|  |TAMS 0x0000000709800000, 0x0000000709800000| Untracked 
|  41|0x0000000709a00000, 0x0000000709a00000, 0x0000000709c00000|  0%| F|  |TAMS 0x0000000709a00000, 0x0000000709a00000| Untracked 
|  42|0x0000000709c00000, 0x0000000709c00000, 0x0000000709e00000|  0%| F|  |TAMS 0x0000000709c00000, 0x0000000709c00000| Untracked 
|  43|0x0000000709e00000, 0x0000000709e00000, 0x000000070a000000|  0%| F|  |TAMS 0x0000000709e00000, 0x0000000709e00000| Untracked 
|  44|0x000000070a000000, 0x000000070a000000, 0x000000070a200000|  0%| F|  |TAMS 0x000000070a000000, 0x000000070a000000| Untracked 
|  45|0x000000070a200000, 0x000000070a200000, 0x000000070a400000|  0%| F|  |TAMS 0x000000070a200000, 0x000000070a200000| Untracked 
|  46|0x000000070a400000, 0x000000070a400000, 0x000000070a600000|  0%| F|  |TAMS 0x000000070a400000, 0x000000070a400000| Untracked 
|  47|0x000000070a600000, 0x000000070a600000, 0x000000070a800000|  0%| F|  |TAMS 0x000000070a600000, 0x000000070a600000| Untracked 
|  48|0x000000070a800000, 0x000000070a800000, 0x000000070aa00000|  0%| F|  |TAMS 0x000000070a800000, 0x000000070a800000| Untracked 
|  49|0x000000070aa00000, 0x000000070aa00000, 0x000000070ac00000|  0%| F|  |TAMS 0x000000070aa00000, 0x000000070aa00000| Untracked 
|  50|0x000000070ac00000, 0x000000070ac00000, 0x000000070ae00000|  0%| F|  |TAMS 0x000000070ac00000, 0x000000070ac00000| Untracked 
|  51|0x000000070ae00000, 0x000000070ae00000, 0x000000070b000000|  0%| F|  |TAMS 0x000000070ae00000, 0x000000070ae00000| Untracked 
|  52|0x000000070b000000, 0x000000070b000000, 0x000000070b200000|  0%| F|  |TAMS 0x000000070b000000, 0x000000070b000000| Untracked 
|  53|0x000000070b200000, 0x000000070b200000, 0x000000070b400000|  0%| F|  |TAMS 0x000000070b200000, 0x000000070b200000| Untracked 
|  54|0x000000070b400000, 0x000000070b400000, 0x000000070b600000|  0%| F|  |TAMS 0x000000070b400000, 0x000000070b400000| Untracked 
|  55|0x000000070b600000, 0x000000070b600000, 0x000000070b800000|  0%| F|  |TAMS 0x000000070b600000, 0x000000070b600000| Untracked 
|  56|0x000000070b800000, 0x000000070b800000, 0x000000070ba00000|  0%| F|  |TAMS 0x000000070b800000, 0x000000070b800000| Untracked 
|  57|0x000000070ba00000, 0x000000070ba00000, 0x000000070bc00000|  0%| F|  |TAMS 0x000000070ba00000, 0x000000070ba00000| Untracked 
|  58|0x000000070bc00000, 0x000000070bc00000, 0x000000070be00000|  0%| F|  |TAMS 0x000000070bc00000, 0x000000070bc00000| Untracked 
|  59|0x000000070be00000, 0x000000070be00000, 0x000000070c000000|  0%| F|  |TAMS 0x000000070be00000, 0x000000070be00000| Untracked 
|  60|0x000000070c000000, 0x000000070c000000, 0x000000070c200000|  0%| F|  |TAMS 0x000000070c000000, 0x000000070c000000| Untracked 
|  61|0x000000070c200000, 0x000000070c200000, 0x000000070c400000|  0%| F|  |TAMS 0x000000070c200000, 0x000000070c200000| Untracked 
|  62|0x000000070c400000, 0x000000070c400000, 0x000000070c600000|  0%| F|  |TAMS 0x000000070c400000, 0x000000070c400000| Untracked 
|  63|0x000000070c600000, 0x000000070c600000, 0x000000070c800000|  0%| F|  |TAMS 0x000000070c600000, 0x000000070c600000| Untracked 
|  64|0x000000070c800000, 0x000000070c800000, 0x000000070ca00000|  0%| F|  |TAMS 0x000000070c800000, 0x000000070c800000| Untracked 
|  65|0x000000070ca00000, 0x000000070ca00000, 0x000000070cc00000|  0%| F|  |TAMS 0x000000070ca00000, 0x000000070ca00000| Untracked 
|  66|0x000000070cc00000, 0x000000070cc00000, 0x000000070ce00000|  0%| F|  |TAMS 0x000000070cc00000, 0x000000070cc00000| Untracked 
|  67|0x000000070ce00000, 0x000000070ce00000, 0x000000070d000000|  0%| F|  |TAMS 0x000000070ce00000, 0x000000070ce00000| Untracked 
|  68|0x000000070d000000, 0x000000070d000000, 0x000000070d200000|  0%| F|  |TAMS 0x000000070d000000, 0x000000070d000000| Untracked 
|  69|0x000000070d200000, 0x000000070d200000, 0x000000070d400000|  0%| F|  |TAMS 0x000000070d200000, 0x000000070d200000| Untracked 
|  70|0x000000070d400000, 0x000000070d400000, 0x000000070d600000|  0%| F|  |TAMS 0x000000070d400000, 0x000000070d400000| Untracked 
|  71|0x000000070d600000, 0x000000070d600000, 0x000000070d800000|  0%| F|  |TAMS 0x000000070d600000, 0x000000070d600000| Untracked 
|  72|0x000000070d800000, 0x000000070d800000, 0x000000070da00000|  0%| F|  |TAMS 0x000000070d800000, 0x000000070d800000| Untracked 
|  73|0x000000070da00000, 0x000000070da00000, 0x000000070dc00000|  0%| F|  |TAMS 0x000000070da00000, 0x000000070da00000| Untracked 
|  74|0x000000070dc00000, 0x000000070dc00000, 0x000000070de00000|  0%| F|  |TAMS 0x000000070dc00000, 0x000000070dc00000| Untracked 
|  75|0x000000070de00000, 0x000000070de00000, 0x000000070e000000|  0%| F|  |TAMS 0x000000070de00000, 0x000000070de00000| Untracked 
|  76|0x000000070e000000, 0x000000070e000000, 0x000000070e200000|  0%| F|  |TAMS 0x000000070e000000, 0x000000070e000000| Untracked 
|  77|0x000000070e200000, 0x000000070e200000, 0x000000070e400000|  0%| F|  |TAMS 0x000000070e200000, 0x000000070e200000| Untracked 
|  78|0x000000070e400000, 0x000000070e400000, 0x000000070e600000|  0%| F|  |TAMS 0x000000070e400000, 0x000000070e400000| Untracked 
|  79|0x000000070e600000, 0x000000070e600000, 0x000000070e800000|  0%| F|  |TAMS 0x000000070e600000, 0x000000070e600000| Untracked 
|  80|0x000000070e800000, 0x000000070e800000, 0x000000070ea00000|  0%| F|  |TAMS 0x000000070e800000, 0x000000070e800000| Untracked 
|  81|0x000000070ea00000, 0x000000070ea00000, 0x000000070ec00000|  0%| F|  |TAMS 0x000000070ea00000, 0x000000070ea00000| Untracked 
|  82|0x000000070ec00000, 0x000000070ec00000, 0x000000070ee00000|  0%| F|  |TAMS 0x000000070ec00000, 0x000000070ec00000| Untracked 
|  83|0x000000070ee00000, 0x000000070ee00000, 0x000000070f000000|  0%| F|  |TAMS 0x000000070ee00000, 0x000000070ee00000| Untracked 
|  84|0x000000070f000000, 0x000000070f000000, 0x000000070f200000|  0%| F|  |TAMS 0x000000070f000000, 0x000000070f000000| Untracked 
|  85|0x000000070f200000, 0x000000070f200000, 0x000000070f400000|  0%| F|  |TAMS 0x000000070f200000, 0x000000070f200000| Untracked 
|  86|0x000000070f400000, 0x000000070f400000, 0x000000070f600000|  0%| F|  |TAMS 0x000000070f400000, 0x000000070f400000| Untracked 
|  87|0x000000070f600000, 0x000000070f600000, 0x000000070f800000|  0%| F|  |TAMS 0x000000070f600000, 0x000000070f600000| Untracked 
|  88|0x000000070f800000, 0x000000070f800000, 0x000000070fa00000|  0%| F|  |TAMS 0x000000070f800000, 0x000000070f800000| Untracked 
|  89|0x000000070fa00000, 0x000000070fa00000, 0x000000070fc00000|  0%| F|  |TAMS 0x000000070fa00000, 0x000000070fa00000| Untracked 
|  90|0x000000070fc00000, 0x000000070fc00000, 0x000000070fe00000|  0%| F|  |TAMS 0x000000070fc00000, 0x000000070fc00000| Untracked 
|  91|0x000000070fe00000, 0x000000070fe00000, 0x0000000710000000|  0%| F|  |TAMS 0x000000070fe00000, 0x000000070fe00000| Untracked 
|  92|0x0000000710000000, 0x0000000710000000, 0x0000000710200000|  0%| F|  |TAMS 0x0000000710000000, 0x0000000710000000| Untracked 
|  93|0x0000000710200000, 0x0000000710200000, 0x0000000710400000|  0%| F|  |TAMS 0x0000000710200000, 0x0000000710200000| Untracked 
|  94|0x0000000710400000, 0x0000000710400000, 0x0000000710600000|  0%| F|  |TAMS 0x0000000710400000, 0x0000000710400000| Untracked 
|  95|0x0000000710600000, 0x0000000710600000, 0x0000000710800000|  0%| F|  |TAMS 0x0000000710600000, 0x0000000710600000| Untracked 
|  96|0x0000000710800000, 0x0000000710800000, 0x0000000710a00000|  0%| F|  |TAMS 0x0000000710800000, 0x0000000710800000| Untracked 
|  97|0x0000000710a00000, 0x0000000710a00000, 0x0000000710c00000|  0%| F|  |TAMS 0x0000000710a00000, 0x0000000710a00000| Untracked 
|  98|0x0000000710c00000, 0x0000000710c00000, 0x0000000710e00000|  0%| F|  |TAMS 0x0000000710c00000, 0x0000000710c00000| Untracked 
|  99|0x0000000710e00000, 0x0000000710e00000, 0x0000000711000000|  0%| F|  |TAMS 0x0000000710e00000, 0x0000000710e00000| Untracked 
| 100|0x0000000711000000, 0x0000000711000000, 0x0000000711200000|  0%| F|  |TAMS 0x0000000711000000, 0x0000000711000000| Untracked 
| 101|0x0000000711200000, 0x0000000711200000, 0x0000000711400000|  0%| F|  |TAMS 0x0000000711200000, 0x0000000711200000| Untracked 
| 102|0x0000000711400000, 0x0000000711400000, 0x0000000711600000|  0%| F|  |TAMS 0x0000000711400000, 0x0000000711400000| Untracked 
| 103|0x0000000711600000, 0x0000000711600000, 0x0000000711800000|  0%| F|  |TAMS 0x0000000711600000, 0x0000000711600000| Untracked 
| 104|0x0000000711800000, 0x0000000711800000, 0x0000000711a00000|  0%| F|  |TAMS 0x0000000711800000, 0x0000000711800000| Untracked 
| 105|0x0000000711a00000, 0x0000000711a00000, 0x0000000711c00000|  0%| F|  |TAMS 0x0000000711a00000, 0x0000000711a00000| Untracked 
| 106|0x0000000711c00000, 0x0000000711c00000, 0x0000000711e00000|  0%| F|  |TAMS 0x0000000711c00000, 0x0000000711c00000| Untracked 
| 107|0x0000000711e00000, 0x0000000711e00000, 0x0000000712000000|  0%| F|  |TAMS 0x0000000711e00000, 0x0000000711e00000| Untracked 
| 108|0x0000000712000000, 0x0000000712000000, 0x0000000712200000|  0%| F|  |TAMS 0x0000000712000000, 0x0000000712000000| Untracked 
| 109|0x0000000712200000, 0x0000000712200000, 0x0000000712400000|  0%| F|  |TAMS 0x0000000712200000, 0x0000000712200000| Untracked 
| 110|0x0000000712400000, 0x0000000712400000, 0x0000000712600000|  0%| F|  |TAMS 0x0000000712400000, 0x0000000712400000| Untracked 
| 111|0x0000000712600000, 0x0000000712600000, 0x0000000712800000|  0%| F|  |TAMS 0x0000000712600000, 0x0000000712600000| Untracked 
| 112|0x0000000712800000, 0x0000000712800000, 0x0000000712a00000|  0%| F|  |TAMS 0x0000000712800000, 0x0000000712800000| Untracked 
| 113|0x0000000712a00000, 0x0000000712c00000, 0x0000000712c00000|100%| S|CS|TAMS 0x0000000712a00000, 0x0000000712a00000| Complete 
| 114|0x0000000712c00000, 0x0000000712e00000, 0x0000000712e00000|100%| S|CS|TAMS 0x0000000712c00000, 0x0000000712c00000| Complete 
| 115|0x0000000712e00000, 0x0000000712e00000, 0x0000000713000000|  0%| F|  |TAMS 0x0000000712e00000, 0x0000000712e00000| Untracked 
| 116|0x0000000713000000, 0x0000000713000000, 0x0000000713200000|  0%| F|  |TAMS 0x0000000713000000, 0x0000000713000000| Untracked 
| 117|0x0000000713200000, 0x0000000713200000, 0x0000000713400000|  0%| F|  |TAMS 0x0000000713200000, 0x0000000713200000| Untracked 
| 118|0x0000000713400000, 0x0000000713400000, 0x0000000713600000|  0%| F|  |TAMS 0x0000000713400000, 0x0000000713400000| Untracked 
| 119|0x0000000713600000, 0x0000000713600000, 0x0000000713800000|  0%| F|  |TAMS 0x0000000713600000, 0x0000000713600000| Untracked 
| 120|0x0000000713800000, 0x0000000713800000, 0x0000000713a00000|  0%| F|  |TAMS 0x0000000713800000, 0x0000000713800000| Untracked 
| 121|0x0000000713a00000, 0x0000000713a00000, 0x0000000713c00000|  0%| F|  |TAMS 0x0000000713a00000, 0x0000000713a00000| Untracked 
| 122|0x0000000713c00000, 0x0000000713c00000, 0x0000000713e00000|  0%| F|  |TAMS 0x0000000713c00000, 0x0000000713c00000| Untracked 
| 123|0x0000000713e00000, 0x0000000713e00000, 0x0000000714000000|  0%| F|  |TAMS 0x0000000713e00000, 0x0000000713e00000| Untracked 
| 124|0x0000000714000000, 0x00000007141838a0, 0x0000000714200000| 75%| E|  |TAMS 0x0000000714000000, 0x0000000714000000| Complete 
| 125|0x0000000714200000, 0x0000000714400000, 0x0000000714400000|100%| E|CS|TAMS 0x0000000714200000, 0x0000000714200000| Complete 

Card table byte_map: [0x000001d43d020000,0x000001d43d800000] _byte_map_base: 0x000001d4397fc000

Marking Bits (Prev, Next): (CMBitMap*) 0x000001d4277aeba0, (CMBitMap*) 0x000001d4277aebe0
 Prev Bits: [0x000001d43dfe0000, 0x000001d441ec0000)
 Next Bits: [0x000001d441ec0000, 0x000001d445da0000)

Polling page: 0x000001d427430000

Metaspace:

Usage:
  Non-class:     16.01 MB used.
      Class:      1.94 MB used.
       Both:     17.95 MB used.

Virtual space:
  Non-class space:       24.00 MB reserved,      16.12 MB ( 67%) committed,  3 nodes.
      Class space:        1.00 GB reserved,       2.06 MB ( <1%) committed,  1 nodes.
             Both:        1.02 GB reserved,      18.19 MB (  2%) committed. 

Chunk freelists:
   Non-Class:  3.75 MB
       Class:  1.95 MB
        Both:  5.70 MB

MaxMetaspaceSize: unlimited
CompressedClassSpaceSize: 1.00 GB
Initial GC threshold: 21.00 MB
Current GC threshold: 21.00 MB
CDS: off
MetaspaceReclaimPolicy: balanced
 - commit_granule_bytes: 65536.
 - commit_granule_words: 8192.
 - virtual_space_node_default_size: 1048576.
 - enlarge_chunks_in_place: 1.
 - new_chunks_are_fully_committed: 0.
 - uncommit_free_chunks: 1.
 - use_allocation_guard: 0.
 - handle_deallocations: 1.


Internal statistics:

num_allocs_failed_limit: 0.
num_arena_births: 166.
num_arena_deaths: 0.
num_vsnodes_births: 4.
num_vsnodes_deaths: 0.
num_space_committed: 291.
num_space_uncommitted: 0.
num_chunks_returned_to_freelist: 0.
num_chunks_taken_from_freelist: 409.
num_chunk_merges: 0.
num_chunk_splits: 250.
num_chunks_enlarged: 157.
num_purges: 0.
num_inconsistent_stats: 0.

CodeHeap 'non-profiled nmethods': size=119168Kb used=360Kb max_used=360Kb free=118807Kb
 bounds [0x000001d434210000, 0x000001d434480000, 0x000001d43b670000]
CodeHeap 'profiled nmethods': size=119104Kb used=2785Kb max_used=2785Kb free=116318Kb
 bounds [0x000001d42c670000, 0x000001d42c930000, 0x000001d433ac0000]
CodeHeap 'non-nmethods': size=7488Kb used=2312Kb max_used=2312Kb free=5175Kb
 bounds [0x000001d433ac0000, 0x000001d433d30000, 0x000001d434210000]
 total_blobs=1976 nmethods=1491 adapters=396
 compilation: enabled
              stopped_count=0, restarted_count=0
 full_count=0

Compilation events (20 events):
Event: 0.663 Thread 0x000001d4491aa460 1466       3       java.util.ImmutableCollections$Set12::contains (28 bytes)
Event: 0.663 Thread 0x000001d4491aa460 nmethod 1466 0x000001d42c912510 code [0x000001d42c9126c0, 0x000001d42c912a18]
Event: 0.663 Thread 0x000001d4491a76d0 1467       3       java.lang.invoke.MethodHandleNatives::isCallerSensitive (29 bytes)
Event: 0.663 Thread 0x000001d4491a71c0 1468       3       java.lang.invoke.LambdaFormEditor$TransformKey::inRange (36 bytes)
Event: 0.663 Thread 0x000001d4491a71c0 nmethod 1468 0x000001d42c912b10 code [0x000001d42c912ca0, 0x000001d42c912df8]
Event: 0.663 Thread 0x000001d4491a76d0 nmethod 1467 0x000001d42c912e90 code [0x000001d42c913080, 0x000001d42c913608]
Event: 0.664 Thread 0x000001d4491a71c0 1469       1       java.lang.String::value (5 bytes)
Event: 0.664 Thread 0x000001d4491a71c0 nmethod 1469 0x000001d434269d10 code [0x000001d434269ea0, 0x000001d434269f78]
Event: 0.664 Thread 0x000001d4491a76d0 1470   !   3       com.sun.jmx.mbeanserver.Introspector::descriptorForAnnotations (242 bytes)
Event: 0.667 Thread 0x000001d4491a76d0 nmethod 1470 0x000001d42c913810 code [0x000001d42c913ca0, 0x000001d42c916068]
Event: 0.678 Thread 0x000001d4491a76d0 1471       3       jdk.internal.math.FDBigInteger::mult (64 bytes)
Event: 0.678 Thread 0x000001d4491a71c0 1472       3       jdk.internal.math.FDBigInteger::<init> (30 bytes)
Event: 0.678 Thread 0x000001d4491aa460 1473       3       jdk.internal.math.FDBigInteger::trimLeadingZeros (57 bytes)
Event: 0.678 Thread 0x000001d4491a71c0 nmethod 1472 0x000001d42c917010 code [0x000001d42c9171c0, 0x000001d42c9173c8]
Event: 0.678 Thread 0x000001d4491aa460 nmethod 1473 0x000001d42c917510 code [0x000001d42c9176c0, 0x000001d42c917998]
Event: 0.678 Thread 0x000001d4491a71c0 1474       3       jdk.internal.math.FDBigInteger::makeImmutable (6 bytes)
Event: 0.678 Thread 0x000001d4491aa460 1475       3       jdk.internal.math.FDBigInteger::mult (44 bytes)
Event: 0.678 Thread 0x000001d4491a76d0 nmethod 1471 0x000001d42c917a90 code [0x000001d42c917c40, 0x000001d42c917eb8]
Event: 0.678 Thread 0x000001d4491a71c0 nmethod 1474 0x000001d42c918090 code [0x000001d42c918220, 0x000001d42c918338]
Event: 0.678 Thread 0x000001d4491aa460 nmethod 1475 0x000001d42c918410 code [0x000001d42c9185e0, 0x000001d42c918a18]

GC Heap History (2 events):
Event: 0.650 GC heap before
{Heap before GC invocations=0 (full 0):
 garbage-first heap   total 258048K, used 20480K [0x0000000704800000, 0x0000000800000000)
  region size 2048K, 11 young (22528K), 0 survivors (0K)
 Metaspace       used 17613K, committed 17856K, reserved 1064960K
  class space    used 1874K, committed 1984K, reserved 1048576K
}
Event: 0.653 GC heap after
{Heap after GC invocations=1 (full 0):
 garbage-first heap   total 258048K, used 4436K [0x0000000704800000, 0x0000000800000000)
  region size 2048K, 2 young (4096K), 2 survivors (4096K)
 Metaspace       used 17613K, committed 17856K, reserved 1064960K
  class space    used 1874K, committed 1984K, reserved 1048576K
}

Dll operation events (1 events):
Event: 0.005 Loaded shared library D:\software\DevEcoStudio\DevEco Studio\jbr\bin\java.dll

Deoptimization events (20 events):
Event: 0.397 Thread 0x000001d42773ef50 Uncommon trap: trap_request=0xffffffc6 fr.pc=0x000001d43423c770 relative=0x0000000000000590
Event: 0.397 Thread 0x000001d42773ef50 Uncommon trap: reason=bimorphic_or_optimized_type_check action=maybe_recompile pc=0x000001d43423c770 method=java.util.concurrent.ConcurrentHashMap.get(Ljava/lang/Object;)Ljava/lang/Object; @ 149 c2
Event: 0.397 Thread 0x000001d42773ef50 DEOPT PACKING pc=0x000001d43423c770 sp=0x000000a9978fcfb0
Event: 0.397 Thread 0x000001d42773ef50 DEOPT UNPACKING pc=0x000001d433b169a3 sp=0x000000a9978fcf50 mode 2
Event: 0.418 Thread 0x000001d42773ef50 Uncommon trap: trap_request=0xffffffc6 fr.pc=0x000001d43423c770 relative=0x0000000000000590
Event: 0.418 Thread 0x000001d42773ef50 Uncommon trap: reason=bimorphic_or_optimized_type_check action=maybe_recompile pc=0x000001d43423c770 method=java.util.concurrent.ConcurrentHashMap.get(Ljava/lang/Object;)Ljava/lang/Object; @ 149 c2
Event: 0.418 Thread 0x000001d42773ef50 DEOPT PACKING pc=0x000001d43423c770 sp=0x000000a9978fe590
Event: 0.418 Thread 0x000001d42773ef50 DEOPT UNPACKING pc=0x000001d433b169a3 sp=0x000000a9978fe530 mode 2
Event: 0.418 Thread 0x000001d42773ef50 Uncommon trap: trap_request=0xffffffc6 fr.pc=0x000001d43423c770 relative=0x0000000000000590
Event: 0.418 Thread 0x000001d42773ef50 Uncommon trap: reason=bimorphic_or_optimized_type_check action=maybe_recompile pc=0x000001d43423c770 method=java.util.concurrent.ConcurrentHashMap.get(Ljava/lang/Object;)Ljava/lang/Object; @ 149 c2
Event: 0.418 Thread 0x000001d42773ef50 DEOPT PACKING pc=0x000001d43423c770 sp=0x000000a9978fe590
Event: 0.418 Thread 0x000001d42773ef50 DEOPT UNPACKING pc=0x000001d433b169a3 sp=0x000000a9978fe530 mode 2
Event: 0.501 Thread 0x000001d42773ef50 Uncommon trap: trap_request=0xffffff45 fr.pc=0x000001d43424b8d4 relative=0x0000000000000eb4
Event: 0.501 Thread 0x000001d42773ef50 Uncommon trap: reason=unstable_if action=reinterpret pc=0x000001d43424b8d4 method=java.util.concurrent.ConcurrentHashMap.putVal(Ljava/lang/Object;Ljava/lang/Object;Z)Ljava/lang/Object; @ 148 c2
Event: 0.501 Thread 0x000001d42773ef50 DEOPT PACKING pc=0x000001d43424b8d4 sp=0x000000a9978feb20
Event: 0.501 Thread 0x000001d42773ef50 DEOPT UNPACKING pc=0x000001d433b169a3 sp=0x000000a9978feaa0 mode 2
Event: 0.528 Thread 0x000001d42773ef50 Uncommon trap: trap_request=0xffffff45 fr.pc=0x000001d4342408bc relative=0x000000000000009c
Event: 0.528 Thread 0x000001d42773ef50 Uncommon trap: reason=unstable_if action=reinterpret pc=0x000001d4342408bc method=sun.reflect.generics.parser.SignatureParser.current()C @ 39 c2
Event: 0.528 Thread 0x000001d42773ef50 DEOPT PACKING pc=0x000001d4342408bc sp=0x000000a9978fd850
Event: 0.528 Thread 0x000001d42773ef50 DEOPT UNPACKING pc=0x000001d433b169a3 sp=0x000000a9978fd7e8 mode 2

Classes unloaded (0 events):
No events

Classes redefined (0 events):
No events

Internal exceptions (20 events):
Event: 0.126 Thread 0x000001d42773ef50 Exception <a 'java/lang/NoSuchMethodError'{0x0000000713f4ec10}: 'void java.lang.invoke.DirectMethodHandle$Holder.invokeStatic(java.lang.Object, java.lang.Object, java.lang.Object)'> (0x0000000713f4ec10) 
thrown [s\src\hotspot\share\interpreter\linkResolver.cpp, line 771]
Event: 0.138 Thread 0x000001d42773ef50 Exception <a 'java/lang/NoSuchMethodError'{0x0000000713f6d9f0}: 'java.lang.Object java.lang.invoke.DirectMethodHandle$Holder.invokeStaticInit(java.lang.Object, java.lang.Object, java.lang.Object)'> (0x0000000713f6d9f0) 
thrown [s\src\hotspot\share\interpreter\linkResolver.cpp, line 771]
Event: 0.143 Thread 0x000001d42773ef50 Exception <a 'java/lang/NoSuchMethodError'{0x0000000713f84bf8}: 'java.lang.Object java.lang.invoke.DirectMethodHandle$Holder.invokeStatic(java.lang.Object, java.lang.Object, int)'> (0x0000000713f84bf8) 
thrown [s\src\hotspot\share\interpreter\linkResolver.cpp, line 771]
Event: 0.144 Thread 0x000001d42773ef50 Exception <a 'java/lang/NoSuchMethodError'{0x0000000713f90a60}: 'void java.lang.invoke.DelegatingMethodHandle$Holder.delegate(java.lang.Object, java.lang.Object, int, java.lang.Object)'> (0x0000000713f90a60) 
thrown [s\src\hotspot\share\interpreter\linkResolver.cpp, line 771]
Event: 0.145 Thread 0x000001d42773ef50 Exception <a 'java/lang/NoSuchMethodError'{0x0000000713f94ca0}: 'int java.lang.invoke.DirectMethodHandle$Holder.invokeSpecial(java.lang.Object, java.lang.Object, java.lang.Object)'> (0x0000000713f94ca0) 
thrown [s\src\hotspot\share\interpreter\linkResolver.cpp, line 771]
Event: 0.149 Thread 0x000001d42773ef50 Exception <a 'java/lang/NoSuchMethodError'{0x0000000713fb0438}: 'java.lang.Object java.lang.invoke.Invokers$Holder.invokeExact_MT(java.lang.Object, java.lang.Object, java.lang.Object, java.lang.Object)'> (0x0000000713fb0438) 
thrown [s\src\hotspot\share\interpreter\linkResolver.cpp, line 771]
Event: 0.149 Thread 0x000001d42773ef50 Exception <a 'java/lang/NoSuchMethodError'{0x0000000713fb43e8}: 'java.lang.Object java.lang.invoke.Invokers$Holder.invokeExact_MT(java.lang.Object, java.lang.Object, java.lang.Object)'> (0x0000000713fb43e8) 
thrown [s\src\hotspot\share\interpreter\linkResolver.cpp, line 771]
Event: 0.162 Thread 0x000001d42773ef50 Exception <a 'java/lang/NoSuchMethodError'{0x0000000713fdb9d0}: 'java.lang.Object java.lang.invoke.DirectMethodHandle$Holder.invokeInterface(java.lang.Object, java.lang.Object)'> (0x0000000713fdb9d0) 
thrown [s\src\hotspot\share\interpreter\linkResolver.cpp, line 771]
Event: 0.163 Thread 0x000001d42773ef50 Exception <a 'java/lang/IncompatibleClassChangeError'{0x0000000713fdef20}: Found class java.lang.Object, but interface was expected> (0x0000000713fdef20) 
thrown [s\src\hotspot\share\interpreter\linkResolver.cpp, line 838]
Event: 0.167 Thread 0x000001d42773ef50 Exception <a 'java/lang/NoSuchMethodError'{0x0000000713fef3a8}: 'void java.lang.invoke.DirectMethodHandle$Holder.invokeSpecial(java.lang.Object, java.lang.Object, java.lang.Object)'> (0x0000000713fef3a8) 
thrown [s\src\hotspot\share\interpreter\linkResolver.cpp, line 771]
Event: 0.173 Thread 0x000001d42773ef50 Exception <a 'java/lang/NoSuchMethodError'{0x0000000713c08ed8}: 'void java.lang.invoke.DirectMethodHandle$Holder.invokeSpecial(java.lang.Object, java.lang.Object, java.lang.Object, java.lang.Object, java.lang.Object)'> (0x0000000713c08ed8) 
thrown [s\src\hotspot\share\interpreter\linkResolver.cpp, line 771]
Event: 0.306 Thread 0x000001d42773ef50 Exception <a 'java/lang/NoSuchMethodError'{0x00000007139f1bd0}: 'java.lang.Object java.lang.invoke.DirectMethodHandle$Holder.newInvokeSpecial(java.lang.Object, long, int, java.lang.Object)'> (0x00000007139f1bd0) 
thrown [s\src\hotspot\share\interpreter\linkResolver.cpp, line 771]
Event: 0.315 Thread 0x000001d42773ef50 Exception <a 'java/lang/NoSuchMethodError'{0x0000000713645c28}: 'void java.lang.invoke.DirectMethodHandle$Holder.invokeStatic(java.lang.Object, java.lang.Object, java.lang.Object, java.lang.Object)'> (0x0000000713645c28) 
thrown [s\src\hotspot\share\interpreter\linkResolver.cpp, line 771]
Event: 0.315 Thread 0x000001d42773ef50 Exception <a 'java/lang/NoSuchMethodError'{0x00000007136498d0}: 'void java.lang.invoke.DirectMethodHandle$Holder.invokeStaticInit(java.lang.Object, java.lang.Object, java.lang.Object, java.lang.Object)'> (0x00000007136498d0) 
thrown [s\src\hotspot\share\interpreter\linkResolver.cpp, line 771]
Event: 0.326 Thread 0x000001d42773ef50 Exception <a 'java/lang/NoSuchMethodError'{0x00000007136a3ff0}: 'java.lang.Object java.lang.invoke.DirectMethodHandle$Holder.invokeStaticInit(java.lang.Object)'> (0x00000007136a3ff0) 
thrown [s\src\hotspot\share\interpreter\linkResolver.cpp, line 771]
Event: 0.523 Thread 0x000001d42773ef50 Exception <a 'java/lang/NoSuchMethodError'{0x00000007133a52f8}: 'java.lang.Object java.lang.invoke.DirectMethodHandle$Holder.newInvokeSpecial(java.lang.Object, java.lang.Object, java.lang.Object, java.lang.Object, java.lang.Object)'> (0x00000007133a52f8) 
thrown [s\src\hotspot\share\interpreter\linkResolver.cpp, line 771]
Event: 0.560 Thread 0x000001d42773ef50 Exception <a 'java/lang/NoSuchMethodError'{0x00000007131222d0}: 'int java.lang.invoke.DirectMethodHandle$Holder.invokeStaticInit(java.lang.Object, java.lang.Object, java.lang.Object)'> (0x00000007131222d0) 
thrown [s\src\hotspot\share\interpreter\linkResolver.cpp, line 771]
Event: 0.597 Thread 0x000001d42773ef50 Exception <a 'java/lang/NoSuchMethodError'{0x0000000712e2d6d8}: 'int java.lang.invoke.DirectMethodHandle$Holder.invokeInterface(java.lang.Object, java.lang.Object)'> (0x0000000712e2d6d8) 
thrown [s\src\hotspot\share\interpreter\linkResolver.cpp, line 771]
Event: 0.597 Thread 0x000001d42773ef50 Exception <a 'java/lang/IncompatibleClassChangeError'{0x0000000712e30bc0}: Found class java.lang.Object, but interface was expected> (0x0000000712e30bc0) 
thrown [s\src\hotspot\share\interpreter\linkResolver.cpp, line 838]
Event: 0.598 Thread 0x000001d42773ef50 Exception <a 'java/lang/NoSuchMethodError'{0x0000000712e366c8}: 'void java.lang.invoke.DirectMethodHandle$Holder.invokeStatic(java.lang.Object, java.lang.Object)'> (0x0000000712e366c8) 
thrown [s\src\hotspot\share\interpreter\linkResolver.cpp, line 771]

VM Operations (16 events):
Event: 0.092 Executing VM operation: HandshakeAllThreads
Event: 0.092 Executing VM operation: HandshakeAllThreads done
Event: 0.121 Executing VM operation: HandshakeAllThreads
Event: 0.121 Executing VM operation: HandshakeAllThreads done
Event: 0.321 Executing VM operation: HandshakeAllThreads
Event: 0.321 Executing VM operation: HandshakeAllThreads done
Event: 0.487 Executing VM operation: ICBufferFull
Event: 0.488 Executing VM operation: ICBufferFull done
Event: 0.492 Executing VM operation: HandshakeAllThreads
Event: 0.492 Executing VM operation: HandshakeAllThreads done
Event: 0.536 Executing VM operation: HandshakeAllThreads
Event: 0.536 Executing VM operation: HandshakeAllThreads done
Event: 0.649 Executing VM operation: G1CollectForAllocation
Event: 0.653 Executing VM operation: G1CollectForAllocation done
Event: 0.673 Executing VM operation: HandshakeAllThreads
Event: 0.673 Executing VM operation: HandshakeAllThreads done

Events (20 events):
Event: 0.676 loading class java/security/cert/CertPathChecker
Event: 0.676 loading class java/security/cert/CertPathChecker done
Event: 0.676 loading class java/security/cert/PKIXCertPathChecker done
Event: 0.676 loading class java/security/cert/PKIXRevocationChecker done
Event: 0.676 loading class jdk/internal/math/FloatingDecimal
Event: 0.677 loading class jdk/internal/math/FloatingDecimal done
Event: 0.677 loading class jdk/internal/math/FloatingDecimal$ExceptionalBinaryToASCIIBuffer
Event: 0.677 loading class jdk/internal/math/FloatingDecimal$BinaryToASCIIConverter
Event: 0.677 loading class jdk/internal/math/FloatingDecimal$BinaryToASCIIConverter done
Event: 0.677 loading class jdk/internal/math/FloatingDecimal$ExceptionalBinaryToASCIIBuffer done
Event: 0.677 loading class jdk/internal/math/FloatingDecimal$BinaryToASCIIBuffer
Event: 0.677 loading class jdk/internal/math/FloatingDecimal$BinaryToASCIIBuffer done
Event: 0.677 loading class jdk/internal/math/FloatingDecimal$1
Event: 0.677 loading class jdk/internal/math/FloatingDecimal$1 done
Event: 0.677 loading class jdk/internal/math/FloatingDecimal$PreparedASCIIToBinaryBuffer
Event: 0.677 loading class jdk/internal/math/FloatingDecimal$ASCIIToBinaryConverter
Event: 0.677 loading class jdk/internal/math/FloatingDecimal$ASCIIToBinaryConverter done
Event: 0.677 loading class jdk/internal/math/FloatingDecimal$PreparedASCIIToBinaryBuffer done
Event: 0.677 loading class jdk/internal/math/FDBigInteger
Event: 0.678 loading class jdk/internal/math/FDBigInteger done


Dynamic libraries:
0x00007ff619a30000 - 0x00007ff619a3a000 	D:\software\DevEcoStudio\DevEco Studio\jbr\bin\java.exe
0x00007ffefe6b0000 - 0x00007ffefe8c7000 	C:\windows\SYSTEM32\ntdll.dll
0x00007ffefd590000 - 0x00007ffefd654000 	C:\windows\System32\KERNEL32.DLL
0x00007ffefbd10000 - 0x00007ffefc0b7000 	C:\windows\System32\KERNELBASE.dll
0x00007ffefc2c0000 - 0x00007ffefc3d1000 	C:\windows\System32\ucrtbase.dll
0x00007ffebdb30000 - 0x00007ffebdb4b000 	D:\software\DevEcoStudio\DevEco Studio\jbr\bin\VCRUNTIME140.dll
0x00007ffebd9f0000 - 0x00007ffebda07000 	D:\software\DevEcoStudio\DevEco Studio\jbr\bin\jli.dll
0x00007ffefc3e0000 - 0x00007ffefc58e000 	C:\windows\System32\USER32.dll
0x00007ffefc1e0000 - 0x00007ffefc206000 	C:\windows\System32\win32u.dll
0x00007ffefad30000 - 0x00007ffefafc3000 	C:\windows\WinSxS\amd64_microsoft.windows.common-controls_6595b64144ccf1df_6.0.22621.3527_none_270e469b73872a76\COMCTL32.dll
0x00007ffefe150000 - 0x00007ffefe179000 	C:\windows\System32\GDI32.dll
0x00007ffefd070000 - 0x00007ffefd117000 	C:\windows\System32\msvcrt.dll
0x00007ffefc0c0000 - 0x00007ffefc1d9000 	C:\windows\System32\gdi32full.dll
0x00007ffefbc00000 - 0x00007ffefbc9a000 	C:\windows\System32\msvcp_win.dll
0x00007ffefdfe0000 - 0x00007ffefe011000 	C:\windows\System32\IMM32.DLL
0x00007ffedaf00000 - 0x00007ffedaf0c000 	D:\software\DevEcoStudio\DevEco Studio\jbr\bin\vcruntime140_1.dll
0x00007ffe99120000 - 0x00007ffe991ad000 	D:\software\DevEcoStudio\DevEco Studio\jbr\bin\msvcp140.dll
0x00007ffe6b8b0000 - 0x00007ffe6c51d000 	D:\software\DevEcoStudio\DevEco Studio\jbr\bin\server\jvm.dll
0x00007ffefd4d0000 - 0x00007ffefd582000 	C:\windows\System32\ADVAPI32.dll
0x00007ffefe020000 - 0x00007ffefe0c8000 	C:\windows\System32\sechost.dll
0x00007ffefc290000 - 0x00007ffefc2b8000 	C:\windows\System32\bcrypt.dll
0x00007ffefe180000 - 0x00007ffefe295000 	C:\windows\System32\RPCRT4.dll
0x00007ffed60d0000 - 0x00007ffed60d9000 	C:\windows\SYSTEM32\WSOCK32.dll
0x00007ffeee360000 - 0x00007ffeee394000 	C:\windows\SYSTEM32\WINMM.dll
0x00007ffefe0d0000 - 0x00007ffefe141000 	C:\windows\System32\WS2_32.dll
0x00007ffefa220000 - 0x00007ffefa22a000 	C:\windows\SYSTEM32\VERSION.dll
0x00007ffef9b00000 - 0x00007ffef9b18000 	C:\windows\SYSTEM32\kernel.appcore.dll
0x00007ffef2290000 - 0x00007ffef229a000 	D:\software\DevEcoStudio\DevEco Studio\jbr\bin\jimage.dll
0x00007ffefb2e0000 - 0x00007ffefb512000 	C:\windows\SYSTEM32\DBGHELP.DLL
0x00007ffefd6c0000 - 0x00007ffefda48000 	C:\windows\System32\combase.dll
0x00007ffefc630000 - 0x00007ffefc707000 	C:\windows\System32\OLEAUT32.dll
0x00007ffefb1d0000 - 0x00007ffefb202000 	C:\windows\SYSTEM32\dbgcore.DLL
0x00007ffefc210000 - 0x00007ffefc289000 	C:\windows\System32\bcryptPrimitives.dll
0x00007ffededd0000 - 0x00007ffededf5000 	D:\software\DevEcoStudio\DevEco Studio\jbr\bin\java.dll
0x00007ffef2270000 - 0x00007ffef2288000 	D:\software\DevEcoStudio\DevEco Studio\jbr\bin\zip.dll
0x00007ffefc760000 - 0x00007ffefcfbc000 	C:\windows\System32\SHELL32.dll
0x00007ffef89b0000 - 0x00007ffef92a6000 	C:\windows\SYSTEM32\windows.storage.dll
0x00007ffef8870000 - 0x00007ffef89ae000 	C:\windows\SYSTEM32\wintypes.dll
0x00007ffefe410000 - 0x00007ffefe505000 	C:\windows\System32\SHCORE.dll
0x00007ffefded0000 - 0x00007ffefdf2e000 	C:\windows\System32\shlwapi.dll
0x00007ffefb900000 - 0x00007ffefb921000 	C:\windows\SYSTEM32\profapi.dll
0x00007ffededb0000 - 0x00007ffededc9000 	D:\software\DevEcoStudio\DevEco Studio\jbr\bin\net.dll
0x00007ffef1ba0000 - 0x00007ffef1cd6000 	C:\windows\SYSTEM32\WINHTTP.dll
0x00007ffef9ed0000 - 0x00007ffef9f39000 	C:\windows\system32\mswsock.dll
0x00007ffedb2f0000 - 0x00007ffedb306000 	D:\software\DevEcoStudio\DevEco Studio\jbr\bin\nio.dll
0x00007ffef18e0000 - 0x00007ffef18e9000 	D:\software\DevEcoStudio\DevEco Studio\jbr\bin\management.dll
0x00007ffedb250000 - 0x00007ffedb25b000 	D:\software\DevEcoStudio\DevEco Studio\jbr\bin\management_ext.dll
0x00007ffefd4c0000 - 0x00007ffefd4c8000 	C:\windows\System32\PSAPI.DLL
0x00007ffed5f30000 - 0x00007ffed5f7b000 	C:\Program Files (x86)\Sangfor\SSL\ClientComponent\SangforNspX64.dll
0x00007ffefd310000 - 0x00007ffefd4b5000 	C:\windows\System32\ole32.dll
0x00007ffec7e50000 - 0x00007ffec7e67000 	C:\windows\system32\napinsp.dll
0x00007ffec7e30000 - 0x00007ffec7e4b000 	C:\windows\system32\pnrpnsp.dll
0x00007ffef95f0000 - 0x00007ffef96e8000 	C:\windows\SYSTEM32\DNSAPI.dll
0x00007ffef95c0000 - 0x00007ffef95ed000 	C:\windows\SYSTEM32\IPHLPAPI.DLL
0x00007ffefd140000 - 0x00007ffefd149000 	C:\windows\System32\NSI.dll
0x00007ffec7e10000 - 0x00007ffec7e21000 	C:\windows\System32\winrnr.dll
0x00007ffeef1f0000 - 0x00007ffeef205000 	C:\windows\system32\wshbth.dll
0x00007ffec7de0000 - 0x00007ffec7e07000 	C:\windows\system32\nlansp_c.dll
0x00000000755b0000 - 0x00000000755e5000 	C:\Program Files\Bonjour\mdnsNSP.dll
0x00007ffeef1e0000 - 0x00007ffeef1ea000 	C:\Windows\System32\rasadhlp.dll
0x00007ffeeedc0000 - 0x00007ffeeee43000 	C:\windows\System32\fwpuclnt.dll

dbghelp: loaded successfully - version: 4.0.5 - missing functions: none
symbol engine: initialized successfully - sym options: 0x614 - pdb path: .;D:\software\DevEcoStudio\DevEco Studio\jbr\bin;C:\windows\SYSTEM32;C:\windows\WinSxS\amd64_microsoft.windows.common-controls_6595b64144ccf1df_6.0.22621.3527_none_270e469b73872a76;D:\software\DevEcoStudio\DevEco Studio\jbr\bin\server;C:\Program Files (x86)\Sangfor\SSL\ClientComponent;C:\Program Files\Bonjour

VM Arguments:
java_command: D:\software\DevEcoStudio\HarmonyOS SDK\HarmonyOS-NEXT-DP2\base\toolchains\lib\hap-sign-tool.jar verify-profile -inFile C:\Users\knapp\.ohos\config\default_SseHarmonyOS_A8Vm0EdJUb6tqFM8iNvJzGTs9egRV2-DhpQBZKlXJeg=.p7b -outFile E:\workspace\HarmonyOS\SseHarmonyOS\entry\build\default\intermediates\default\temp\signConfigCheckJson.json
java_class_path (initial): D:\software\DevEcoStudio\HarmonyOS SDK\HarmonyOS-NEXT-DP2\base\toolchains\lib\hap-sign-tool.jar
Launcher Type: SUN_STANDARD

[Global flags]
     intx CICompilerCount                          = 12                                        {product} {ergonomic}
     uint ConcGCThreads                            = 4                                         {product} {ergonomic}
     uint G1ConcRefinementThreads                  = 15                                        {product} {ergonomic}
   size_t G1HeapRegionSize                         = 2097152                                   {product} {ergonomic}
    uintx GCDrainStackTargetSize                   = 64                                        {product} {ergonomic}
   size_t InitialHeapSize                          = 264241152                                 {product} {ergonomic}
   size_t MarkStackSize                            = 4194304                                   {product} {ergonomic}
   size_t MaxHeapSize                              = 4219469824                                {product} {ergonomic}
   size_t MaxNewSize                               = 2531262464                                {product} {ergonomic}
   size_t MinHeapDeltaBytes                        = 2097152                                   {product} {ergonomic}
   size_t MinHeapSize                              = 8388608                                   {product} {ergonomic}
    uintx NonNMethodCodeHeapSize                   = 7602480                                {pd product} {ergonomic}
    uintx NonProfiledCodeHeapSize                  = 122027880                              {pd product} {ergonomic}
    uintx ProfiledCodeHeapSize                     = 122027880                              {pd product} {ergonomic}
    uintx ReservedCodeCacheSize                    = 251658240                              {pd product} {ergonomic}
     bool SegmentedCodeCache                       = true                                      {product} {ergonomic}
   size_t SoftMaxHeapSize                          = 4219469824                             {manageable} {ergonomic}
     bool UseCompressedClassPointers               = true                           {product lp64_product} {ergonomic}
     bool UseCompressedOops                        = true                           {product lp64_product} {ergonomic}
     bool UseG1GC                                  = true                                      {product} {ergonomic}
     bool UseLargePagesIndividualAllocation        = false                                  {pd product} {ergonomic}

Logging:
Log output configuration:
 #0: stdout all=warning uptime,level,tags
 #1: stderr all=off uptime,level,tags

Environment Variables:
JAVA_HOME=D:\software\DevEcoStudio\DevEco Studio\jbr
PATH=D:\software\NoodJS;D:\software\DevEcoStudio\DevEco Studio\jbr\bin;C:\windows\system32;C:\windows;C:\windows\System32\Wbem;C:\windows\System32\WindowsPowerShell\v1.0\;C:\windows\System32\OpenSSH\;D:\software\Git\cmd;D:\python\python3.10;D:\python\Allure\allure-2.24.0\bin;D:\software\Jmeter\apache-jmeter-5.6.2\bin;E:\workspace\tool\xshell\;E:\workspace\tool\xftp\;D:\software\DevEcoStudio\HarmonyOS SDK\HarmonyOS-NEXT-DP2\base\toolchains;D:\python\python3.10\Scripts\;D:\python\python3.10\;C:\Users\knapp\AppData\Local\Microsoft\WindowsApps;D:\test\java\bin;D:\python\pycharm\PyCharm Community Edition 2023.1\bin;;D:\software\AndroidSDK\platform-tools;D:\python\Allure\allure-2.24.0\bin;D:\software\Jmeter\apache-jmeter-5.6.2\bin;D:\software\Intellij IDEA\IntelliJ IDEA Community Edition 2023.2.3\bin;;D:\software\DevEcoStudio\DevEco Studio\bin;;D:\software\NoodJS;
USERNAME=knapp
OS=Windows_NT
PROCESSOR_IDENTIFIER=Intel64 Family 6 Model 186 Stepping 2, GenuineIntel
TMP=C:\Users\knapp\AppData\Local\Temp
TEMP=C:\Users\knapp\AppData\Local\Temp



---------------  S Y S T E M  ---------------

OS:
 Windows 11 , 64 bit Build 22621 (10.0.22621.3527)
OS uptime: 3 days 16:26 hours
Hyper-V role detected

CPU: total 20 (initial active 20) (10 cores per cpu, 2 threads per core) family 6 model 186 stepping 2 microcode 0x4114, cx8, cmov, fxsr, ht, mmx, 3dnowpref, sse, sse2, sse3, ssse3, sse4.1, sse4.2, popcnt, lzcnt, tsc, tscinvbit, avx, avx2, aes, erms, clmul, bmi1, bmi2, adx, sha, fma, vzeroupper, clflush, clflushopt, clwb, hv

Memory: 4k page, system-wide physical 16095M (378M free)
TotalPageFile size 33353M (AvailPageFile size 4M)
current process WorkingSet (physical memory assigned to process): 95M, peak: 95M
current process commit charge ("private bytes"): 377M, peak: 378M

vm_info: OpenJDK 64-Bit Server VM (17.0.6+10-b829.5) for windows-amd64 JRE (17.0.6+10-b829.5), built on 2023-02-24 by "builduser" with MS VC++ 16.10 / 16.11 (VS2019)

END.
